#
# A fatal error has been detected by the Java Runtime Environment:
#
#  SIGSEGV (0xb) at pc=0x00007f2a4a0e95bb, pid=2251, tid=0x00007f2a48110700
#
# JRE version: Java(TM) SE Runtime Environment (8.0_181-b13) (build 1.8.0_181-b13)
# Java VM: Java HotSpot(TM) 64-Bit Server VM (25.181-b13 mixed mode linux-amd64 compressed oops)
# Problematic frame:
# V  [libjvm.so+0x98f5bb]  MoveAndUpdateClosure::do_addr(HeapWord*, unsigned long)+0xab
#
# Failed to write core dump. Core dumps have been disabled. To enable core dumping, try "ulimit -c unlimited" before starting Java again
#
# If you would like to submit a bug report, please visit:
#   http://bugreport.java.com/bugreport/crash.jsp
#

---------------  T H R E A D  ---------------

Current thread (0x00007f2a44025000):  GCTaskThread [stack: 0x00007f2a48011000,0x00007f2a48111000] [id=2254]

siginfo: si_signo: 11 (SIGSEGV), si_code: 2 (SEGV_ACCERR), si_addr: 0x00000001021816d8

Registers:
RAX=0x00007f2a4a6faa00, RBX=0x00007f2a4810fb30, RCX=0x0000000000000003, RDX=0x00000000aa002381
RSP=0x00007f2a4810fa70, RBP=0x00007f2a4810fa90, RSI=0x00007f2a4409d9b0, RDI=0x00000001021816d0
R8 =0x00000000961b9470, R9 =0x00007f2a4a8cbb60, R10=0x0000000000720019, R11=0x9658c2a0204302da
R12=0x0000000000000018, R13=0x0000000000000003, R14=0x0000000000180000, R15=0x00007f2a4a72e0a0
RIP=0x00007f2a4a0e95bb, EFLAGS=0x0000000000010202, CSGSFS=0x002b000000000033, ERR=0x0000000000000004
  TRAPNO=0x000000000000000e

Top of Stack: (sp=0x00007f2a4810fa70)
0x00007f2a4810fa70:   0000000096d80ab4 0000000000171853
0x00007f2a4810fa80:   0000000000006000 0000000000180000
0x00007f2a4810fa90:   00007f2a4810fae0 00007f2a4a0a2742
0x00007f2a4810faa0:   0000000000000b0d 00007f2a4a6e2b48
0x00007f2a4810fab0:   00007f2a4810fb30 0000000000000048
0x00007f2a4810fac0:   000000009657ffc0 0000000096600000
0x00007f2a4810fad0:   0000000000000009 00000000965d2e18
0x00007f2a4810fae0:   00007f2a4810fbb0 00007f2a4a0ec206
0x00007f2a4810faf0:   00000000ee3fa168 00007f2a4810fb7c
0x00007f2a4810fb00:   00007f2a4810fb70 00007f2a4810fb30
0x00007f2a4810fb10:   00007f2a4409d9b0 00007f2a4b26c258
0x00007f2a4810fb20:   0000000000000017 000000000000a5cb
0x00007f2a4810fb30:   00007f2a4a6d1600 00007f2a4a72e0a0
0x00007f2a4810fb40:   00007f2a4409d9b0 0000000000008d72
0x00007f2a4810fb50:   000000009658c288 00007f2a44014830
0x00007f2a4810fb60:   00000000961b9470 0000000100000000
0x00007f2a4810fb70:   0000000097725940 0000000000000038
0x00007f2a4810fb80:   0000000200000002 0000000000000000
0x00007f2a4810fb90:   00007f2a4409d970 0000000000000000
0x00007f2a4810fba0:   00007f2a4810fbe4 00007f2a4810fbd8
0x00007f2a4810fbb0:   00007f2a4810fc10 00007f2a4a0c55d0
0x00007f2a4810fbc0:   00007f2a44024ba0 00007f2a2005ee10
0x00007f2a4810fbd0:   00007f2a4409d9b0 000000000000000f
0x00007f2a4810fbe0:   000000114810fc10 00007f2a2005ee10
0x00007f2a4810fbf0:   00007f2a44025000 0000000000000001
0x00007f2a4810fc00:   00007f2a44025910 00007f2a4a2b6dd8
0x00007f2a4810fc10:   00007f2a4810fd20 00007f2a49d3882f
0x00007f2a4810fc20:   0000000000000000 00007f2a4810fc60
0x00007f2a4810fc30:   00007f2a4810fce0 0000000000000000
0x00007f2a4810fc40:   00007f2a44025950 00007f2a44025960
0x00007f2a4810fc50:   00007f2a44025d38 00000000000003d8
0x00007f2a4810fc60:   00007f2a44025000 00007f2a44025d40 

Instructions: (pc=0x00007f2a4a0e95bb)
0x00007f2a4a0e959b:   48 5f 00 48 8b 73 10 80 38 00 74 49 48 8b 05 6a
0x00007f2a4a0e95ab:   22 5f 00 41 8b 78 08 8b 48 08 48 d3 e7 48 03 38
0x00007f2a4a0e95bb:   81 7f 08 ff ff ff bf 76 39 4c 29 6b 18 4c 01 63
0x00007f2a4a0e95cb:   20 4c 01 63 30 48 83 7b 18 01 19 c0 83 e0 02 48 

Register to memory mapping:

RAX=0x00007f2a4a6faa00: <offset 0xfa0a00> in /usr/lib/jvm/java-8-oracle/jre/lib/amd64/server/libjvm.so at 0x00007f2a4975a000
RBX=0x00007f2a4810fb30 is an unknown value
RCX=0x0000000000000003 is an unknown value
RDX=0x00000000aa002381 is an unallocated location in the heap
RSP=0x00007f2a4810fa70 is an unknown value
RBP=0x00007f2a4810fa90 is an unknown value
RSI=0x00007f2a4409d9b0 is an unknown value
RDI=0x00000001021816d0 is an unknown value
R8 =
[error occurred during error reporting (printing register info), id 0xb]

Stack: [0x00007f2a48011000,0x00007f2a48111000],  sp=0x00007f2a4810fa70,  free space=1018k
Native frames: (J=compiled Java code, j=interpreted, Vv=VM code, C=native code)
V  [libjvm.so+0x98f5bb]  MoveAndUpdateClosure::do_addr(HeapWord*, unsigned long)+0xab
V  [libjvm.so+0x948742]  ParMarkBitMap::iterate(ParMarkBitMapClosure*, unsigned long, unsigned long) const+0x142
V  [libjvm.so+0x992206]  PSParallelCompact::fill_region(ParCompactionManager*, unsigned long)+0x256
V  [libjvm.so+0x96b5d0]  StealRegionCompactionTask::do_it(GCTaskManager*, unsigned int)+0x130
V  [libjvm.so+0x5de82f]  GCTaskThread::run()+0x12f
V  [libjvm.so+0x930198]  java_start(Thread*)+0x108


---------------  P R O C E S S  ---------------

Java Threads: ( => current thread )
  0x00007f2a081e1000 JavaThread "Unknown thread" [_thread_blocked, id=2365, stack(0x00007f2a2db7e000,0x00007f2a2dc7f000)]
  0x00007f2a4400f800 JavaThread "Unknown thread" [_thread_blocked, id=2253, stack(0x00007f2a4b28f000,0x00007f2a4b38f000)]
  0x00007f29f105c000 JavaThread "Unknown thread" [_thread_blocked, id=2336, stack(0x00007f29ef1f2000,0x00007f29ef2f3000)]
  0x00007f29f105a800 
[error occurred during error reporting (printing all threads), id 0xb]

VM state:at safepoint (normal execution)

VM Mutex/Monitor currently owned by a thread:  ([mutex/lock_event])
[0x00007f2a4400be50] Threads_lock - owner thread: 0x00007f2a44100800
[0x00007f2a4400c350] Heap_lock - owner thread: 0x00007f2a081e1000

Heap:
 PSYoungGen      total 295936K, used 11752K [0x00000000dc900000, 0x00000000f6500000, 0x0000000100000000)
  eden space 278016K, 0% used [0x00000000dc900000,0x00000000dc900000,0x00000000ed880000)
  from space 17920K, 65% used [0x00000000ed880000,0x00000000ee3fa168,0x00000000eea00000)
  to   space 18432K, 0% used [0x00000000f5300000,0x00000000f5300000,0x00000000f6500000)
 ParOldGen       total 66560K, used 29846K [0x0000000095a00000, 0x0000000099b00000, 0x00000000dc900000)
  object space 66560K, 44% used [0x0000000095a00000,0x0000000097725940,0x0000000099b00000)
 Metaspace       used 56511K, capacity 58967K, committed 59028K, reserved 1099776K
  class space    used 7448K, capacity 7896K, committed 7896K, reserved 1048576K

Card table byte_map: [0x00007f2a348ec000,0x00007f2a34c40000] byte_map_base: 0x00007f2a3443f000

Marking Bits: (ParMarkBitMap*) 0x00007f2a4a72e0a0
 Begin Bits: [0x00007f2a24ad0000, 0x00007f2a26568000)
 End Bits:   [0x00007f2a26568000, 0x00007f2a28000000)

Polling page: 0x00007f2a4b3ab000

CodeCache: size=245760Kb used=12284Kb max_used=12591Kb free=233475Kb
 bounds [0x00007f2a35000000, 0x00007f2a35c80000, 0x00007f2a44000000]
 total_blobs=4625 nmethods=4073 adapters=466
 compilation: enabled

Compilation events (10 events):
Event: 157,023 Thread 0x00007f2a44451000 4730       3       java.util.regex.ASCII::isType (15 bytes)
Event: 157,023 Thread 0x00007f2a44451000 nmethod 4730 0x00007f2a35bcc510 code [0x00007f2a35bcc680, 0x00007f2a35bcc8f0]
Event: 157,023 Thread 0x00007f2a44451000 4731       3       java.util.regex.ASCII::getType (17 bytes)
Event: 157,023 Thread 0x00007f2a44451000 nmethod 4731 0x00007f2a35bcc110 code [0x00007f2a35bcc280, 0x00007f2a35bcc450]
Event: 157,035 Thread 0x00007f2a44451000 4732       1       java.text.NumberFormat::isGroupingUsed (5 bytes)
Event: 157,035 Thread 0x00007f2a44451000 nmethod 4732 0x00007f2a35485ad0 code [0x00007f2a35485c20, 0x00007f2a35485d30]
Event: 157,036 Thread 0x00007f2a4444f800 4733       4       java.util.regex.Pattern$BmpCharProperty::match (50 bytes)
Event: 157,038 Thread 0x00007f2a4444f800 nmethod 4733 0x00007f2a35482750 code [0x00007f2a354828c0, 0x00007f2a35482a98]
Event: 157,039 Thread 0x00007f2a44451000 4734       3       java.util.concurrent.ConcurrentHashMap::get (162 bytes)
Event: 157,039 Thread 0x00007f2a44451000 nmethod 4734 0x00007f2a35484910 code [0x00007f2a35484b20, 0x00007f2a35485698]

GC Heap History (10 events):
Event: 7,680 GC heap after
Heap after GC invocations=9 (full 1):
 PSYoungGen      total 204800K, used 9696K [0x00000000dc900000, 0x00000000ea180000, 0x0000000100000000)
  eden space 195072K, 0% used [0x00000000dc900000,0x00000000dc900000,0x00000000e8780000)
  from space 9728K, 99% used [0x00000000e9480000,0x00000000e9df8088,0x00000000e9e00000)
  to   space 13312K, 0% used [0x00000000e8780000,0x00000000e8780000,0x00000000e9480000)
 ParOldGen       total 40960K, used 10098K [0x0000000095a00000, 0x0000000098200000, 0x00000000dc900000)
  object space 40960K, 24% used [0x0000000095a00000,0x00000000963dc8a0,0x0000000098200000)
 Metaspace       used 31674K, capacity 33200K, committed 33408K, reserved 1079296K
  class space    used 4107K, capacity 4385K, committed 4480K, reserved 1048576K
}
Event: 8,320 GC heap before
{Heap before GC invocations=10 (full 1):
 PSYoungGen      total 204800K, used 91362K [0x00000000dc900000, 0x00000000ea180000, 0x0000000100000000)
  eden space 195072K, 41% used [0x00000000dc900000,0x00000000e18c09b0,0x00000000e8780000)
  from space 9728K, 99% used [0x00000000e9480000,0x00000000e9df8088,0x00000000e9e00000)
  to   space 13312K, 0% used [0x00000000e8780000,0x00000000e8780000,0x00000000e9480000)
 ParOldGen       total 40960K, used 10098K [0x0000000095a00000, 0x0000000098200000, 0x00000000dc900000)
  object space 40960K, 24% used [0x0000000095a00000,0x00000000963dc8a0,0x0000000098200000)
 Metaspace       used 33729K, capacity 35262K, committed 35416K, reserved 1079296K
  class space    used 4328K, capacity 4618K, committed 4696K, reserved 1048576K
Event: 8,375 GC heap after
Heap after GC invocations=10 (full 1):
 PSYoungGen      total 208384K, used 11850K [0x00000000dc900000, 0x00000000efb80000, 0x0000000100000000)
  eden space 195072K, 0% used [0x00000000dc900000,0x00000000dc900000,0x00000000e8780000)
  from space 13312K, 89% used [0x00000000e8780000,0x00000000e9312ab0,0x00000000e9480000)
  to   space 14848K, 0% used [0x00000000eed00000,0x00000000eed00000,0x00000000efb80000)
 ParOldGen       total 40960K, used 10106K [0x0000000095a00000, 0x0000000098200000, 0x00000000dc900000)
  object space 40960K, 24% used [0x0000000095a00000,0x00000000963de8a0,0x0000000098200000)
 Metaspace       used 33729K, capacity 35262K, committed 35416K, reserved 1079296K
  class space    used 4328K, capacity 4618K, committed 4696K, reserved 1048576K
}
Event: 8,375 GC heap before
{Heap before GC invocations=11 (full 2):
 PSYoungGen      total 208384K, used 11850K [0x00000000dc900000, 0x00000000efb80000, 0x0000000100000000)
  eden space 195072K, 0% used [0x00000000dc900000,0x00000000dc900000,0x00000000e8780000)
  from space 13312K, 89% used [0x00000000e8780000,0x00000000e9312ab0,0x00000000e9480000)
  to   space 14848K, 0% used [0x00000000eed00000,0x00000000eed00000,0x00000000efb80000)
 ParOldGen       total 40960K, used 10106K [0x0000000095a00000, 0x0000000098200000, 0x00000000dc900000)
  object space 40960K, 24% used [0x0000000095a00000,0x00000000963de8a0,0x0000000098200000)
 Metaspace       used 33729K, capacity 35262K, committed 35416K, reserved 1079296K
  class space    used 4328K, capacity 4618K, committed 4696K, reserved 1048576K
Event: 8,523 GC heap after
Heap after GC invocations=11 (full 2):
 PSYoungGen      total 208384K, used 0K [0x00000000dc900000, 0x00000000efb80000, 0x0000000100000000)
  eden space 195072K, 0% used [0x00000000dc900000,0x00000000dc900000,0x00000000e8780000)
  from space 13312K, 0% used [0x00000000e8780000,0x00000000e8780000,0x00000000e9480000)
  to   space 14848K, 0% used [0x00000000eed00000,0x00000000eed00000,0x00000000efb80000)
 ParOldGen       total 66560K, used 20837K [0x0000000095a00000, 0x0000000099b00000, 0x00000000dc900000)
  object space 66560K, 31% used [0x0000000095a00000,0x0000000096e59778,0x0000000099b00000)
 Metaspace       used 33729K, capacity 35262K, committed 35416K, reserved 1079296K
  class space    used 4328K, capacity 4618K, committed 4696K, reserved 1048576K
}
Event: 10,667 GC heap before
{Heap before GC invocations=12 (full 2):
 PSYoungGen      total 208384K, used 195072K [0x00000000dc900000, 0x00000000efb80000, 0x0000000100000000)
  eden space 195072K, 100% used [0x00000000dc900000,0x00000000e8780000,0x00000000e8780000)
  from space 13312K, 0% used [0x00000000e8780000,0x00000000e8780000,0x00000000e9480000)
  to   space 14848K, 0% used [0x00000000eed00000,0x00000000eed00000,0x00000000efb80000)
 ParOldGen       total 66560K, used 20837K [0x0000000095a00000, 0x0000000099b00000, 0x00000000dc900000)
  object space 66560K, 31% used [0x0000000095a00000,0x0000000096e59778,0x0000000099b00000)
 Metaspace       used 49225K, capacity 51202K, committed 51544K, reserved 1093632K
  class space    used 6520K, capacity 6890K, committed 7000K, reserved 1048576K
Event: 10,697 GC heap after
Heap after GC invocations=12 (full 2):
 PSYoungGen      total 292864K, used 14831K [0x00000000dc900000, 0x00000000efb80000, 0x0000000100000000)
  eden space 278016K, 0% used [0x00000000dc900000,0x00000000dc900000,0x00000000ed880000)
  from space 14848K, 99% used [0x00000000eed00000,0x00000000efb7bff0,0x00000000efb80000)
  to   space 17920K, 0% used [0x00000000ed880000,0x00000000ed880000,0x00000000eea00000)
 ParOldGen       total 66560K, used 23637K [0x0000000095a00000, 0x0000000099b00000, 0x00000000dc900000)
  object space 66560K, 35% used [0x0000000095a00000,0x0000000097115750,0x0000000099b00000)
 Metaspace       used 49225K, capacity 51202K, committed 51544K, reserved 1093632K
  class space    used 6520K, capacity 6890K, committed 7000K, reserved 1048576K
}
Event: 157,043 GC heap before
{Heap before GC invocations=13 (full 2):
 PSYoungGen      total 292864K, used 209076K [0x00000000dc900000, 0x00000000efb80000, 0x0000000100000000)
  eden space 278016K, 69% used [0x00000000dc900000,0x00000000e86b1148,0x00000000ed880000)
  from space 14848K, 99% used [0x00000000eed00000,0x00000000efb7bff0,0x00000000efb80000)
  to   space 17920K, 0% used [0x00000000ed880000,0x00000000ed880000,0x00000000eea00000)
 ParOldGen       total 66560K, used 23637K [0x0000000095a00000, 0x0000000099b00000, 0x00000000dc900000)
  object space 66560K, 35% used [0x0000000095a00000,0x0000000097115750,0x0000000099b00000)
 Metaspace       used 56511K, capacity 58967K, committed 59028K, reserved 1099776K
  class space    used 7448K, capacity 7896K, committed 7896K, reserved 1048576K
Event: 157,124 GC heap after
Heap after GC invocations=13 (full 2):
 PSYoungGen      total 295936K, used 11752K [0x00000000dc900000, 0x00000000f6500000, 0x0000000100000000)
  eden space 278016K, 0% used [0x00000000dc900000,0x00000000dc900000,0x00000000ed880000)
  from space 17920K, 65% used [0x00000000ed880000,0x00000000ee3fa168,0x00000000eea00000)
  to   space 18432K, 0% used [0x00000000f5300000,0x00000000f5300000,0x00000000f6500000)
 ParOldGen       total 66560K, used 29846K [0x0000000095a00000, 0x0000000099b00000, 0x00000000dc900000)
  object space 66560K, 44% used [0x0000000095a00000,0x0000000097725940,0x0000000099b00000)
 Metaspace       used 56511K, capacity 58967K, committed 59028K, reserved 1099776K
  class space    used 7448K, capacity 7896K, committed 7896K, reserved 1048576K
}
Event: 157,124 GC heap before
{Heap before GC invocations=14 (full 3):
 PSYoungGen      total 295936K, used 11752K [0x00000000dc900000, 0x00000000f6500000, 0x0000000100000000)
  eden space 278016K, 0% used [0x00000000dc900000,0x00000000dc900000,0x00000000ed880000)
  from space 17920K, 65% used [0x00000000ed880000,0x00000000ee3fa168,0x00000000eea00000)
  to   space 18432K, 0% used [0x00000000f5300000,0x00000000f5300000,0x00000000f6500000)
 ParOldGen       total 66560K, used 29846K [0x0000000095a00000, 0x0000000099b00000, 0x00000000dc900000)
  object space 66560K, 44% used [0x0000000095a00000,0x0000000097725940,0x0000000099b00000)
 Metaspace       used 56511K, capacity 58967K, committed 59028K, reserved 1099776K
  class space    used 7448K, capacity 7896K, committed 7896K, reserved 1048576K

Deoptimization events (10 events):
Event: 11,988 Thread 0x00007f29f1010000 Uncommon trap: reason=unstable_if action=reinterpret pc=0x00007f2a351737a0 method=java.lang.CharacterData.of(I)Ljava/lang/CharacterData; @ 4
Event: 12,124 Thread 0x00007f29f1010000 Uncommon trap: reason=class_check action=maybe_recompile pc=0x00007f2a35995154 method=java.util.AbstractList$Itr.hasNext()Z @ 8
Event: 12,124 Thread 0x00007f29f1010000 Uncommon trap: reason=class_check action=maybe_recompile pc=0x00007f2a35999f88 method=java.util.AbstractList$Itr.next()Ljava/lang/Object; @ 14
Event: 12,124 Thread 0x00007f29f1010000 Uncommon trap: reason=class_check action=maybe_recompile pc=0x00007f2a35995154 method=java.util.AbstractList$Itr.hasNext()Z @ 8
Event: 12,496 Thread 0x00007f29f0fe2000 Uncommon trap: reason=class_check action=maybe_recompile pc=0x00007f2a351b17d0 method=java.util.AbstractCollection.containsAll(Ljava/util/Collection;)Z @ 1
Event: 12,496 Thread 0x00007f29f0fe2000 Uncommon trap: reason=class_check action=maybe_recompile pc=0x00007f2a351b17d0 method=java.util.AbstractCollection.containsAll(Ljava/util/Collection;)Z @ 1
Event: 12,496 Thread 0x00007f29f0fe2000 Uncommon trap: reason=class_check action=maybe_recompile pc=0x00007f2a351b17d0 method=java.util.AbstractCollection.containsAll(Ljava/util/Collection;)Z @ 1
Event: 12,496 Thread 0x00007f29f0fe2000 Uncommon trap: reason=class_check action=maybe_recompile pc=0x00007f2a351b17d0 method=java.util.AbstractCollection.containsAll(Ljava/util/Collection;)Z @ 1
Event: 28,602 Thread 0x00007f29f1012000 Uncommon trap: reason=class_check action=maybe_recompile pc=0x00007f2a35999f88 method=java.util.AbstractList$Itr.next()Ljava/lang/Object; @ 14
Event: 28,607 Thread 0x00007f29f1012000 Uncommon trap: reason=unstable_if action=reinterpret pc=0x00007f2a353e4d34 method=sun.net.www.ParseUtil.encodePath(Ljava/lang/String;Z)Ljava/lang/String; @ 95

Classes redefined (0 events):
No events

Internal exceptions (10 events):
Event: 11,839 Thread 0x00007f29f1010000 Exception <a 'java/lang/ClassNotFoundException': org/springframework/web/servlet/RequestToViewNameTranslatorCustomizer> (0x00000000e5325d78) thrown at [/HUDSON/workspace/8-2-build-linux-amd64/jdk8u181/11358/hotspot/src/share/vm/classfile/systemDictionary.
Event: 11,843 Thread 0x00007f29f1010000 Exception <a 'java/lang/ClassNotFoundException': java/lang/ObjectCustomizer> (0x00000000e53690d0) thrown at [/HUDSON/workspace/8-2-build-linux-amd64/jdk8u181/11358/hotspot/src/share/vm/classfile/systemDictionary.cpp, line 210]
Event: 11,844 Thread 0x00007f29f1010000 Exception <a 'java/lang/ClassNotFoundException': org/springframework/web/servlet/support/AbstractFlashMapManagerCustomizer> (0x00000000e5386fe8) thrown at [/HUDSON/workspace/8-2-build-linux-amd64/jdk8u181/11358/hotspot/src/share/vm/classfile/systemDiction
Event: 11,844 Thread 0x00007f29f1010000 Exception <a 'java/lang/ClassNotFoundException': org/springframework/web/servlet/support/SessionFlashMapManagerCustomizer> (0x00000000e53a8e20) thrown at [/HUDSON/workspace/8-2-build-linux-amd64/jdk8u181/11358/hotspot/src/share/vm/classfile/systemDictiona
Event: 11,845 Thread 0x00007f29f1010000 Exception <a 'java/lang/ClassNotFoundException': org/springframework/web/servlet/FlashMapManagerCustomizer> (0x00000000e53c27e8) thrown at [/HUDSON/workspace/8-2-build-linux-amd64/jdk8u181/11358/hotspot/src/share/vm/classfile/systemDictionary.cpp, line 21
Event: 12,071 Thread 0x00007f29f1010000 Exception <a 'java/lang/NoSuchMethodError': java.lang.Object.lambda$mapIfAllPresent$6(Ljava/util/Optional;Ljava/util/function/BiFunction;Ljava/lang/Object;)Ljava/util/Optional;> (0x00000000e648f670) thrown at [/HUDSON/workspace/8-2-build-linux-amd64/jdk8u
Event: 12,072 Thread 0x00007f29f1010000 Exception <a 'java/lang/NoSuchMethodError': java.lang.Object.lambda$null$5(Ljava/util/function/BiFunction;Ljava/lang/Object;Ljava/lang/Object;)Ljava/lang/Object;> (0x00000000e6494300) thrown at [/HUDSON/workspace/8-2-build-linux-amd64/jdk8u181/11358/hotsp
Event: 53,137 Thread 0x00007f29f1016000 Exception <a 'java/lang/ClassNotFoundException': java/lang/ObjectCustomizer> (0x00000000e78eefb0) thrown at [/HUDSON/workspace/8-2-build-linux-amd64/jdk8u181/11358/hotspot/src/share/vm/classfile/systemDictionary.cpp, line 210]
Event: 53,137 Thread 0x00007f29f1016000 Exception <a 'java/lang/ClassNotFoundException': com/teste/clientapp/model/AbstractEntityCustomizer> (0x00000000e790abe8) thrown at [/HUDSON/workspace/8-2-build-linux-amd64/jdk8u181/11358/hotspot/src/share/vm/classfile/systemDictionary.cpp, line 210]
Event: 53,138 Thread 0x00007f29f1016000 Exception <a 'java/lang/ClassNotFoundException': com/teste/clientapp/model/ClientCustomizer> (0x00000000e7924bb8) thrown at [/HUDSON/workspace/8-2-build-linux-amd64/jdk8u181/11358/hotspot/src/share/vm/classfile/systemDictionary.cpp, line 210]

Events (10 events):
Event: 157,024 loading class org/springframework/boot/devtools/restart/FailureHandler done
Event: 157,024 loading class org/springframework/boot/devtools/restart/Restarter
Event: 157,024 loading class org/springframework/boot/devtools/restart/Restarter done
Event: 157,030 Thread 0x00007f2a081e1000 Thread added: 0x00007f2a081e1000
Event: 157,030 Executing VM operation: RevokeBias
Event: 157,032 Executing VM operation: RevokeBias done
Event: 157,032 Thread 0x00007f29f0fe2000 Thread exited: 0x00007f29f0fe2000
Event: 157,041 loading class org/springframework/context/support/DefaultLifecycleProcessor
Event: 157,041 loading class org/springframework/context/support/DefaultLifecycleProcessor done
Event: 157,043 Executing VM operation: CollectForMetadataAllocation


Dynamic libraries:
00400000-00401000 r-xp 00000000 08:01 7873813                            /usr/lib/jvm/java-8-oracle/bin/java
00600000-00601000 rw-p 00000000 08:01 7873813                            /usr/lib/jvm/java-8-oracle/bin/java
01fc3000-02007000 rw-p 00000000 00:00 0                                  [heap]
95a00000-99b00000 rw-p 00000000 00:00 0 
99b00000-dc900000 ---p 00000000 00:00 0 
dc900000-f6500000 rw-p 00000000 00:00 0 
f6500000-100000000 ---p 00000000 00:00 0 
100000000-1007b6000 rw-p 00000000 00:00 0 
1007b6000-140000000 ---p 00000000 00:00 0 
7f29eedf2000-7f29eefe1000 rw-p 00000000 00:00 0 
7f29eefe1000-7f29eeff2000 ---p 00000000 00:00 0 
7f29eeff2000-7f29ef1f2000 rw-p 00000000 00:00 0 
7f29ef1f2000-7f29ef1f5000 ---p 00000000 00:00 0 
7f29ef1f5000-7f29ef2f3000 rw-p 00000000 00:00 0 
7f29ef2f3000-7f29ef2f6000 ---p 00000000 00:00 0 
7f29ef2f6000-7f29ef3f4000 rw-p 00000000 00:00 0 
7f29ef3f4000-7f29ef3f7000 ---p 00000000 00:00 0 
7f29ef3f7000-7f29ef4f5000 rw-p 00000000 00:00 0 
7f29ef4f5000-7f29ef4f8000 ---p 00000000 00:00 0 
7f29ef4f8000-7f29ef5f6000 rw-p 00000000 00:00 0 
7f29ef5f6000-7f29ef5f9000 ---p 00000000 00:00 0 
7f29ef5f9000-7f29ef6f7000 rw-p 00000000 00:00 0 
7f29ef6f7000-7f29ef6fa000 ---p 00000000 00:00 0 
7f29ef6fa000-7f29ef7f8000 rw-p 00000000 00:00 0 
7f29ef7f8000-7f29ef7fb000 ---p 00000000 00:00 0 
7f29ef7fb000-7f29ef8f9000 rw-p 00000000 00:00 0 
7f29ef8f9000-7f29ef8fc000 ---p 00000000 00:00 0 
7f29ef8fc000-7f29ef9fa000 rw-p 00000000 00:00 0 
7f29ef9fa000-7f29ef9fd000 ---p 00000000 00:00 0 
7f29ef9fd000-7f29efafb000 rw-p 00000000 00:00 0 
7f29efafb000-7f29efafe000 ---p 00000000 00:00 0 
7f29efafe000-7f29efbfc000 rw-p 00000000 00:00 0 
7f29efbfc000-7f29efbff000 ---p 00000000 00:00 0 
7f29efbff000-7f29efcfd000 rw-p 00000000 00:00 0 
7f29efcfd000-7f29efd00000 ---p 00000000 00:00 0 
7f29efd00000-7f29efdfe000 rw-p 00000000 00:00 0 
7f29efdfe000-7f29efe01000 ---p 00000000 00:00 0 
7f29efe01000-7f29efeff000 rw-p 00000000 00:00 0 
7f29efeff000-7f29eff02000 ---p 00000000 00:00 0 
7f29eff02000-7f29f0000000 rw-p 00000000 00:00 0 
7f29f0000000-7f29f1061000 rw-p 00000000 00:00 0 
7f29f1061000-7f29f4000000 ---p 00000000 00:00 0 
7f29f4000000-7f29f4528000 rw-p 00000000 00:00 0 
7f29f4528000-7f29f8000000 ---p 00000000 00:00 0 
7f29f8000000-7f29f8021000 rw-p 00000000 00:00 0 
7f29f8021000-7f29fc000000 ---p 00000000 00:00 0 
7f29fc000000-7f29fc021000 rw-p 00000000 00:00 0 
7f29fc021000-7f2a00000000 ---p 00000000 00:00 0 
7f2a00000000-7f2a00bc5000 rw-p 00000000 00:00 0 
7f2a00bc5000-7f2a04000000 ---p 00000000 00:00 0 
7f2a04000000-7f2a04021000 rw-p 00000000 00:00 0 
7f2a04021000-7f2a08000000 ---p 00000000 00:00 0 
7f2a08000000-7f2a09579000 rw-p 00000000 00:00 0 
7f2a09579000-7f2a0c000000 ---p 00000000 00:00 0 
7f2a0c0fc000-7f2a0c0ff000 ---p 00000000 00:00 0 
7f2a0c0ff000-7f2a0c1fd000 rw-p 00000000 00:00 0 
7f2a0c1fd000-7f2a0c200000 ---p 00000000 00:00 0 
7f2a0c200000-7f2a0c2fe000 rw-p 00000000 00:00 0 
7f2a0c2fe000-7f2a0c301000 ---p 00000000 00:00 0 
7f2a0c301000-7f2a0c5ff000 rw-p 00000000 00:00 0 
7f2a0c5ff000-7f2a0c7ff000 rw-p 00000000 00:00 0 
7f2a0c7ff000-7f2a0c9ff000 rw-p 00000000 00:00 0 
7f2a0c9ff000-7f2a0cbff000 rw-p 00000000 00:00 0 
7f2a0cbff000-7f2a0cdff000 rw-p 00000000 00:00 0 
7f2a0cdff000-7f2a0cfff000 rw-p 00000000 00:00 0 
7f2a0cfff000-7f2a10000000 rw-p 00000000 00:00 0 
7f2a10000000-7f2a10021000 rw-p 00000000 00:00 0 
7f2a10021000-7f2a14000000 ---p 00000000 00:00 0 
7f2a14000000-7f2a14021000 rw-p 00000000 00:00 0 
7f2a14021000-7f2a18000000 ---p 00000000 00:00 0 
7f2a18000000-7f2a1818c000 rw-p 00000000 00:00 0 
7f2a1818c000-7f2a1c000000 ---p 00000000 00:00 0 
7f2a1c000000-7f2a1c021000 rw-p 00000000 00:00 0 
7f2a1c021000-7f2a20000000 ---p 00000000 00:00 0 
7f2a20000000-7f2a2015e000 rw-p 00000000 00:00 0 
7f2a2015e000-7f2a24000000 ---p 00000000 00:00 0 
7f2a240cc000-7f2a240cf000 ---p 00000000 00:00 0 
7f2a240cf000-7f2a241cd000 rw-p 00000000 00:00 0 
7f2a241cd000-7f2a241d0000 ---p 00000000 00:00 0 
7f2a241d0000-7f2a244ce000 rw-p 00000000 00:00 0 
7f2a244ce000-7f2a244d1000 ---p 00000000 00:00 0 
7f2a244d1000-7f2a245cf000 rw-p 00000000 00:00 0 
7f2a245cf000-7f2a245d2000 ---p 00000000 00:00 0 
7f2a245d2000-7f2a248d0000 rw-p 00000000 00:00 0 
7f2a248d0000-7f2a24ad0000 rw-p 00000000 00:00 0 
7f2a24ad0000-7f2a28000000 rw-p 00000000 00:00 0 
7f2a28000000-7f2a28021000 rw-p 00000000 00:00 0 
7f2a28021000-7f2a2c000000 ---p 00000000 00:00 0 
7f2a2c0c0000-7f2a2c0c3000 ---p 00000000 00:00 0 
7f2a2c0c3000-7f2a2c1c1000 rw-p 00000000 00:00 0 
7f2a2c1c1000-7f2a2c1c4000 r--s 0001a000 08:01 7875545                    /usr/lib/jvm/java-8-oracle/jre/lib/jce.jar
7f2a2c1c4000-7f2a2c1c9000 r--s 002f9000 08:01 7875311                    /usr/lib/jvm/java-8-oracle/jre/lib/charsets.jar
7f2a2c1c9000-7f2a2c1ce000 r--s 0009d000 08:01 7875370                    /usr/lib/jvm/java-8-oracle/jre/lib/jsse.jar
7f2a2c1ce000-7f2a2c3ce000 rw-p 00000000 00:00 0 
7f2a2c3ce000-7f2a2c5ce000 rw-p 00000000 00:00 0 
7f2a2c5ce000-7f2a2c7ce000 rw-p 00000000 00:00 0 
7f2a2c7ce000-7f2a2c9ce000 rw-p 00000000 00:00 0 
7f2a2c9ce000-7f2a2cbce000 rw-p 00000000 00:00 0 
7f2a2cbce000-7f2a2cbd1000 ---p 00000000 00:00 0 
7f2a2cbd1000-7f2a2cecf000 rw-p 00000000 00:00 0 
7f2a2cecf000-7f2a2cee0000 r-xp 00000000 08:01 7875532                    /usr/lib/jvm/java-8-oracle/jre/lib/amd64/libnio.so
7f2a2cee0000-7f2a2d0df000 ---p 00011000 08:01 7875532                    /usr/lib/jvm/java-8-oracle/jre/lib/amd64/libnio.so
7f2a2d0df000-7f2a2d0e0000 rw-p 00010000 08:01 7875532                    /usr/lib/jvm/java-8-oracle/jre/lib/amd64/libnio.so
7f2a2d0e0000-7f2a2d2e0000 rw-p 00000000 00:00 0 
7f2a2d2e0000-7f2a2d4e0000 rw-p 00000000 00:00 0 
7f2a2d4e0000-7f2a2d4e9000 r-xp 00000000 08:01 7875537                    /usr/lib/jvm/java-8-oracle/jre/lib/amd64/libmanagement.so
7f2a2d4e9000-7f2a2d6e8000 ---p 00009000 08:01 7875537                    /usr/lib/jvm/java-8-oracle/jre/lib/amd64/libmanagement.so
7f2a2d6e8000-7f2a2d6e9000 rw-p 00008000 08:01 7875537                    /usr/lib/jvm/java-8-oracle/jre/lib/amd64/libmanagement.so
7f2a2d6e9000-7f2a2d77e000 r--s 0110e000 08:01 7875375                    /usr/lib/jvm/java-8-oracle/jre/lib/ext/jfxrt.jar
7f2a2d77e000-7f2a2d97e000 rw-p 00000000 00:00 0 
7f2a2d97e000-7f2a2db7e000 rw-p 00000000 00:00 0 
7f2a2db7e000-7f2a2db81000 ---p 00000000 00:00 0 
7f2a2db81000-7f2a2dc7f000 rw-p 00000000 00:00 0 
7f2a2dc7f000-7f2a2dc82000 ---p 00000000 00:00 0 
7f2a2dc82000-7f2a2dd80000 rw-p 00000000 00:00 0 
7f2a2dd80000-7f2a2dd83000 ---p 00000000 00:00 0 
7f2a2dd83000-7f2a2de81000 rw-p 00000000 00:00 0 
7f2a2de81000-7f2a2de82000 ---p 00000000 00:00 0 
7f2a2de82000-7f2a2df82000 rw-p 00000000 00:00 0 
7f2a2df82000-7f2a2df85000 ---p 00000000 00:00 0 
7f2a2df85000-7f2a2e083000 rw-p 00000000 00:00 0 
7f2a2e083000-7f2a2e084000 ---p 00000000 00:00 0 
7f2a2e084000-7f2a2e087000 ---p 00000000 00:00 0 
7f2a2e087000-7f2a2e184000 rw-p 00000000 00:00 0 
7f2a2e184000-7f2a2e19a000 r-xp 00000000 08:01 7875529                    /usr/lib/jvm/java-8-oracle/jre/lib/amd64/libnet.so
7f2a2e19a000-7f2a2e39a000 ---p 00016000 08:01 7875529                    /usr/lib/jvm/java-8-oracle/jre/lib/amd64/libnet.so
7f2a2e39a000-7f2a2e39b000 rw-p 00016000 08:01 7875529                    /usr/lib/jvm/java-8-oracle/jre/lib/amd64/libnet.so
7f2a2e39b000-7f2a2e39c000 ---p 00000000 00:00 0 
7f2a2e39c000-7f2a2e39f000 ---p 00000000 00:00 0 
7f2a2e39f000-7f2a2e49c000 rw-p 00000000 00:00 0 
7f2a2e49c000-7f2a2e49f000 ---p 00000000 00:00 0 
7f2a2e49f000-7f2a2e59d000 rw-p 00000000 00:00 0 
7f2a2e59d000-7f2a2e59f000 r--s 0001a000 08:01 8916763                    /opt/idea-IC-182.3911.36/lib/idea_rt.jar
7f2a2e59f000-7f2a2e5a9000 r--s 000ec000 08:01 2229827                    /home/mozzyr/.m2/repository/mysql/mysql-connector-java/5.1.46/mysql-connector-java-5.1.46.jar
7f2a2e5a9000-7f2a2e5ca000 r--s 000fd000 08:01 2229417                    /home/mozzyr/.m2/repository/org/springframework/boot/spring-boot-autoconfigure/2.0.4.RELEASE/spring-boot-autoconfigure-2.0.4.RELEASE.jar
7f2a2e5ca000-7f2a2e5df000 r--s 000d0000 08:01 2229427                    /home/mozzyr/.m2/repository/org/springframework/boot/spring-boot/2.0.4.RELEASE/spring-boot-2.0.4.RELEASE.jar
7f2a2e5df000-7f2a2e5e5000 r--s 0002d000 08:01 2229822                    /home/mozzyr/.m2/repository/org/springframework/boot/spring-boot-devtools/2.0.4.RELEASE/spring-boot-devtools-2.0.4.RELEASE.jar
7f2a2e5e5000-7f2a2e5e7000 r--s 0000a000 08:01 2229803                    /home/mozzyr/.m2/repository/org/springframework/spring-aspects/5.0.8.RELEASE/spring-aspects-5.0.8.RELEASE.jar
7f2a2e5e7000-7f2a2e5e9000 r--s 00009000 08:01 2229428                    /home/mozzyr/.m2/repository/org/slf4j/slf4j-api/1.7.25/slf4j-api-1.7.25.jar
7f2a2e5e9000-7f2a2e5f1000 r--s 00037000 08:01 2229795                    /home/mozzyr/.m2/repository/org/springframework/spring-tx/5.0.8.RELEASE/spring-tx-5.0.8.RELEASE.jar
7f2a2e5f1000-7f2a2e5f5000 r--s 0002b000 08:01 2229817                    /home/mozzyr/.m2/repository/org/springframework/spring-orm/5.0.8.RELEASE/spring-orm-5.0.8.RELEASE.jar
7f2a2e5f5000-7f2a2e60c000 r--s 000f1000 08:01 2229814                    /home/mozzyr/.m2/repository/org/springframework/data/spring-data-commons/2.0.9.RELEASE/spring-data-commons-2.0.9.RELEASE.jar
7f2a2e60c000-7f2a2e614000 r--s 0004b000 08:01 2229813                    /home/mozzyr/.m2/repository/org/springframework/data/spring-data-jpa/2.0.9.RELEASE/spring-data-jpa-2.0.9.RELEASE.jar
7f2a2e614000-7f2a2e616000 r--s 00006000 08:01 2229794                    /home/mozzyr/.m2/repository/javax/transaction/javax.transaction-api/1.2/javax.transaction-api-1.2.jar
7f2a2e616000-7f2a2e619000 r--s 00010000 08:01 2229808                    /home/mozzyr/.m2/repository/org/hibernate/common/hibernate-commons-annotations/5.0.1.Final/hibernate-commons-annotations-5.0.1.Final.jar
7f2a2e619000-7f2a2e61e000 r--s 00048000 08:01 2229807                    /home/mozzyr/.m2/repository/dom4j/dom4j/1.6.1/dom4j-1.6.1.jar
7f2a2e61e000-7f2a2e621000 r--s 0002b000 08:01 2229806                    /home/mozzyr/.m2/repository/org/jboss/jandex/2.0.3.Final/jandex-2.0.3.Final.jar
7f2a2e621000-7f2a2e626000 r--s 00068000 08:01 2229802                    /home/mozzyr/.m2/repository/antlr/antlr/2.7.7/antlr-2.7.7.jar
7f2a2e626000-7f2a2e630000 r--s 000ab000 08:01 2229800                    /home/mozzyr/.m2/repository/org/javassist/javassist/3.22.0-GA/javassist-3.22.0-GA.jar
7f2a2e630000-7f2a2e635000 r--s 00017000 08:01 2229799                    /home/mozzyr/.m2/repository/org/hibernate/javax/persistence/hibernate-jpa-2.1-api/1.0.2.Final/hibernate-jpa-2.1-api-1.0.2.Final.jar
7f2a2e635000-7f2a2e6b3000 r--s 005f0000 08:01 2229796                    /home/mozzyr/.m2/repository/org/hibernate/hibernate-core/5.2.17.Final/hibernate-core-5.2.17.Final.jar
7f2a2e6b3000-7f2a2e6bc000 r--s 00059000 08:01 2229818                    /home/mozzyr/.m2/repository/org/springframework/spring-jdbc/5.0.8.RELEASE/spring-jdbc-5.0.8.RELEASE.jar
7f2a2e6bc000-7f2a2e6c0000 r--s 00020000 08:01 2229790                    /home/mozzyr/.m2/repository/com/zaxxer/HikariCP/2.7.9/HikariCP-2.7.9.jar
7f2a2e6c0000-7f2a2e6c1000 r--s 00000000 08:01 2229784                    /home/mozzyr/.m2/repository/org/springframework/boot/spring-boot-starter-jdbc/2.0.4.RELEASE/spring-boot-starter-jdbc-2.0.4.RELEASE.jar
7f2a2e6c1000-7f2a2e6da000 r--s 001bf000 08:01 2229820                    /home/mozzyr/.m2/repository/org/aspectj/aspectjweaver/1.8.13/aspectjweaver-1.8.13.jar
7f2a2e6da000-7f2a2e6db000 r--s 00000000 08:01 2229788                    /home/mozzyr/.m2/repository/org/springframework/boot/spring-boot-starter-aop/2.0.4.RELEASE/spring-boot-starter-aop-2.0.4.RELEASE.jar
7f2a2e6db000-7f2a2e6dc000 r--s 00000000 08:01 2229786                    /home/mozzyr/.m2/repository/org/springframework/boot/spring-boot-starter-data-jpa/2.0.4.RELEASE/spring-boot-starter-data-jpa-2.0.4.RELEASE.jar
7f2a2e6dc000-7f2a2e6e1000 r--s 00040000 08:01 2229479                    /home/mozzyr/.m2/repository/org/springframework/spring-expression/5.0.8.RELEASE/spring-expression-5.0.8.RELEASE.jar
7f2a2e6e1000-7f2a2e6fb000 r--s 000f1000 08:01 2229472                    /home/mozzyr/.m2/repository/org/springframework/spring-context/5.0.8.RELEASE/spring-context-5.0.8.RELEASE.jar
7f2a2e6fb000-7f2a2e704000 r--s 00051000 08:01 2229477                    /home/mozzyr/.m2/repository/org/springframework/spring-aop/5.0.8.RELEASE/spring-aop-5.0.8.RELEASE.jar
7f2a2e704000-7f2a2e714000 r--s 000b2000 08:01 2229449                    /home/mozzyr/.m2/repository/org/springframework/spring-webmvc/5.0.8.RELEASE/spring-webmvc-5.0.8.RELEASE.jar
7f2a2e714000-7f2a2e721000 r--s 00095000 08:01 2229413                    /home/mozzyr/.m2/repository/org/springframework/spring-beans/5.0.8.RELEASE/spring-beans-5.0.8.RELEASE.jar
7f2a2e721000-7f2a2e73b000 r--s 0011b000 08:01 2229420                    /home/mozzyr/.m2/repository/org/springframework/spring-web/5.0.8.RELEASE/spring-web-5.0.8.RELEASE.jar
7f2a2e73b000-7f2a2e73d000 r--s 0000e000 08:01 2229471                    /home/mozzyr/.m2/repository/com/fasterxml/classmate/1.3.4/classmate-1.3.4.jar
7f2a2e73d000-7f2a2e73f000 r--s 0000f000 08:01 2229470                    /home/mozzyr/.m2/repository/org/jboss/logging/jboss-logging/3.3.2.Final/jboss-logging-3.3.2.Final.jar
7f2a2e73f000-7f2a2e744000 r--s 00012000 08:01 2229430                    /home/mozzyr/.m2/repository/javax/validation/validation-api/2.0.1.Final/validation-api-2.0.1.Final.jar
7f2a2e744000-7f2a2e761000 r--s 000fe000 08:01 2229459                    /home/mozzyr/.m2/repository/org/hibernate/validator/hibernate-validator/6.0.11.Final/hibernate-validator-6.0.11.Final.jar
7f2a2e761000-7f2a2e766000 r--s 0003a000 08:01 2229465                    /home/mozzyr/.m2/repository/org/apache/tomcat/embed/tomcat-embed-websocket/8.5.32/tomcat-embed-websocket-8.5.32.jar
7f2a2e766000-7f2a2e76b000 r--s 00037000 08:01 2229458                    /home/mozzyr/.m2/repository/org/apache/tomcat/embed/tomcat-embed-el/8.5.32/tomcat-embed-el-8.5.32.jar
7f2a2e76b000-7f2a2e794000 r--s 002d3000 08:01 2229463                    /home/mozzyr/.m2/repository/org/apache/tomcat/embed/tomcat-embed-core/8.5.32/tomcat-embed-core-8.5.32.jar
7f2a2e794000-7f2a2e796000 r--s 00001000 08:01 2229411                    /home/mozzyr/.m2/repository/com/fasterxml/jackson/module/jackson-module-parameter-names/2.9.6/jackson-module-parameter-names-2.9.6.jar
7f2a2e796000-7f2a2e799000 r--s 00016000 08:01 2229412                    /home/mozzyr/.m2/repository/com/fasterxml/jackson/datatype/jackson-datatype-jsr310/2.9.6/jackson-datatype-jsr310-2.9.6.jar
7f2a2e799000-7f2a2e79b000 r--s 00007000 08:01 2229452                    /home/mozzyr/.m2/repository/com/fasterxml/jackson/datatype/jackson-datatype-jdk8/2.9.6/jackson-datatype-jdk8-2.9.6.jar
7f2a2e79b000-7f2a2e7a0000 r--s 0004b000 08:01 2229453                    /home/mozzyr/.m2/repository/com/fasterxml/jackson/core/jackson-core/2.9.6/jackson-core-2.9.6.jar
7f2a2e7a0000-7f2a2e7b3000 r--s 00137000 08:01 2229462                    /home/mozzyr/.m2/repository/com/fasterxml/jackson/core/jackson-databind/2.9.6/jackson-databind-2.9.6.jar
7f2a2e7b3000-7f2a2e7ba000 r--s 00042000 08:01 2229433                    /home/mozzyr/.m2/repository/org/yaml/snakeyaml/1.19/snakeyaml-1.19.jar
7f2a2e7ba000-7f2a2e7d2000 r--s 00114000 08:01 2229481                    /home/mozzyr/.m2/repository/org/springframework/spring-core/5.0.8.RELEASE/spring-core-5.0.8.RELEASE.jar
7f2a2e7d2000-7f2a2e7e5000 r--s 00345000 08:01 7875351                    /usr/lib/jvm/java-8-oracle/jre/lib/resources.jar
7f2a2e7e5000-7f2a2e7f8000 r--s 000d6000 08:01 7875255                    /usr/lib/jvm/java-8-oracle/jre/lib/plugin.jar
7f2a2e7f8000-7f2a2e814000 r--s 0020b000 08:01 7875231                    /usr/lib/jvm/java-8-oracle/jre/lib/deploy.jar
7f2a2e814000-7f2a2e817000 ---p 00000000 00:00 0 
7f2a2e817000-7f2a2e915000 rw-p 00000000 00:00 0 
7f2a2e915000-7f2a2ebf4000 r--p 00000000 08:01 7870085                    /usr/lib/locale/locale-archive
7f2a2ebf4000-7f2a2ebf7000 ---p 00000000 00:00 0 
7f2a2ebf7000-7f2a2ecf5000 rw-p 00000000 00:00 0 
7f2a2ecf5000-7f2a2ecf8000 ---p 00000000 00:00 0 
7f2a2ecf8000-7f2a2edf6000 rw-p 00000000 00:00 0 
7f2a2edf6000-7f2a2edf7000 ---p 00000000 00:00 0 
7f2a2edf7000-7f2a30000000 rw-p 00000000 00:00 0 
7f2a30000000-7f2a303bc000 rw-p 00000000 00:00 0 
7f2a303bc000-7f2a34000000 ---p 00000000 00:00 0 
7f2a34000000-7f2a34001000 r--s 00000000 08:01 2229414                    /home/mozzyr/.m2/repository/org/springframework/boot/spring-boot-starter-tomcat/2.0.4.RELEASE/spring-boot-starter-tomcat-2.0.4.RELEASE.jar
7f2a34001000-7f2a34004000 r--s 0000e000 08:01 2229451                    /home/mozzyr/.m2/repository/com/fasterxml/jackson/core/jackson-annotations/2.9.0/jackson-annotations-2.9.0.jar
7f2a34004000-7f2a34005000 r--s 00000000 08:01 2229443                    /home/mozzyr/.m2/repository/org/springframework/boot/spring-boot-starter-json/2.0.4.RELEASE/spring-boot-starter-json-2.0.4.RELEASE.jar
7f2a34005000-7f2a34010000 r--s 00069000 08:01 2229425                    /home/mozzyr/.m2/repository/ch/qos/logback/logback-core/1.2.3/logback-core-1.2.3.jar
7f2a34010000-7f2a341ea000 r--s 03d6b000 08:01 7875313                    /usr/lib/jvm/java-8-oracle/jre/lib/rt.jar
7f2a341ea000-7f2a345b3000 rw-p 00000000 00:00 0 
7f2a345b3000-7f2a345b4000 ---p 00000000 00:00 0 
7f2a345b4000-7f2a346d5000 rw-p 00000000 00:00 0 
7f2a346d5000-7f2a348ec000 ---p 00000000 00:00 0 
7f2a348ec000-7f2a3490d000 rw-p 00000000 00:00 0 
7f2a3490d000-7f2a34b23000 ---p 00000000 00:00 0 
7f2a34b23000-7f2a34bf2000 rw-p 00000000 00:00 0 
7f2a34bf2000-7f2a34c3f000 ---p 00000000 00:00 0 
7f2a34c3f000-7f2a34c72000 rw-p 00000000 00:00 0 
7f2a34c72000-7f2a35000000 ---p 00000000 00:00 0 
7f2a35000000-7f2a35c80000 rwxp 00000000 00:00 0 
7f2a35c80000-7f2a44000000 ---p 00000000 00:00 0 
7f2a44000000-7f2a447d1000 rw-p 00000000 00:00 0 
7f2a447d1000-7f2a48000000 ---p 00000000 00:00 0 
7f2a48000000-7f2a48002000 r--s 00004000 08:01 2229441                    /home/mozzyr/.m2/repository/org/springframework/spring-jcl/5.0.8.RELEASE/spring-jcl-5.0.8.RELEASE.jar
7f2a48002000-7f2a48004000 r--s 00005000 08:01 2229418                    /home/mozzyr/.m2/repository/javax/annotation/javax.annotation-api/1.3.2/javax.annotation-api-1.3.2.jar
7f2a48004000-7f2a4800a000 r--s 00039000 08:01 2229434                    /home/mozzyr/.m2/repository/org/apache/logging/log4j/log4j-api/2.10.0/log4j-api-2.10.0.jar
7f2a4800a000-7f2a48010000 r--s 00041000 08:01 2229423                    /home/mozzyr/.m2/repository/ch/qos/logback/logback-classic/1.2.3/logback-classic-1.2.3.jar
7f2a48010000-7f2a48011000 ---p 00000000 00:00 0 
7f2a48011000-7f2a48111000 rw-p 00000000 00:00 0 
7f2a48111000-7f2a4812c000 r-xp 00000000 08:01 7875525                    /usr/lib/jvm/java-8-oracle/jre/lib/amd64/libzip.so
7f2a4812c000-7f2a4832c000 ---p 0001b000 08:01 7875525                    /usr/lib/jvm/java-8-oracle/jre/lib/amd64/libzip.so
7f2a4832c000-7f2a4832d000 rw-p 0001b000 08:01 7875525                    /usr/lib/jvm/java-8-oracle/jre/lib/amd64/libzip.so
7f2a4832d000-7f2a48338000 r-xp 00000000 08:01 7607004                    /lib/x86_64-linux-gnu/libnss_files-2.27.so
7f2a48338000-7f2a48537000 ---p 0000b000 08:01 7607004                    /lib/x86_64-linux-gnu/libnss_files-2.27.so
7f2a48537000-7f2a48538000 r--p 0000a000 08:01 7607004                    /lib/x86_64-linux-gnu/libnss_files-2.27.so
7f2a48538000-7f2a48539000 rw-p 0000b000 08:01 7607004                    /lib/x86_64-linux-gnu/libnss_files-2.27.so
7f2a48539000-7f2a4853f000 rw-p 00000000 00:00 0 
7f2a4853f000-7f2a48556000 r-xp 00000000 08:01 7606998                    /lib/x86_64-linux-gnu/libnsl-2.27.so
7f2a48556000-7f2a48755000 ---p 00017000 08:01 7606998                    /lib/x86_64-linux-gnu/libnsl-2.27.so
7f2a48755000-7f2a48756000 r--p 00016000 08:01 7606998                    /lib/x86_64-linux-gnu/libnsl-2.27.so
7f2a48756000-7f2a48757000 rw-p 00017000 08:01 7606998                    /lib/x86_64-linux-gnu/libnsl-2.27.so
7f2a48757000-7f2a48759000 rw-p 00000000 00:00 0 
7f2a48759000-7f2a48764000 r-xp 00000000 08:01 7607015                    /lib/x86_64-linux-gnu/libnss_nis-2.27.so
7f2a48764000-7f2a48963000 ---p 0000b000 08:01 7607015                    /lib/x86_64-linux-gnu/libnss_nis-2.27.so
7f2a48963000-7f2a48964000 r--p 0000a000 08:01 7607015                    /lib/x86_64-linux-gnu/libnss_nis-2.27.so
7f2a48964000-7f2a48965000 rw-p 0000b000 08:01 7607015                    /lib/x86_64-linux-gnu/libnss_nis-2.27.so
7f2a48965000-7f2a4896d000 r-xp 00000000 08:01 7607000                    /lib/x86_64-linux-gnu/libnss_compat-2.27.so
7f2a4896d000-7f2a48b6d000 ---p 00008000 08:01 7607000                    /lib/x86_64-linux-gnu/libnss_compat-2.27.so
7f2a48b6d000-7f2a48b6e000 r--p 00008000 08:01 7607000                    /lib/x86_64-linux-gnu/libnss_compat-2.27.so
7f2a48b6e000-7f2a48b6f000 rw-p 00009000 08:01 7607000                    /lib/x86_64-linux-gnu/libnss_compat-2.27.so
7f2a48b6f000-7f2a48b79000 r-xp 00000000 08:01 7875534                    /usr/lib/jvm/java-8-oracle/jre/lib/amd64/libinstrument.so
7f2a48b79000-7f2a48d78000 ---p 0000a000 08:01 7875534                    /usr/lib/jvm/java-8-oracle/jre/lib/amd64/libinstrument.so
7f2a48d78000-7f2a48d79000 rw-p 00009000 08:01 7875534                    /usr/lib/jvm/java-8-oracle/jre/lib/amd64/libinstrument.so
7f2a48d79000-7f2a48da4000 r-xp 00000000 08:01 7875519                    /usr/lib/jvm/java-8-oracle/jre/lib/amd64/libjava.so
7f2a48da4000-7f2a48fa3000 ---p 0002b000 08:01 7875519                    /usr/lib/jvm/java-8-oracle/jre/lib/amd64/libjava.so
7f2a48fa3000-7f2a48fa5000 rw-p 0002a000 08:01 7875519                    /usr/lib/jvm/java-8-oracle/jre/lib/amd64/libjava.so
7f2a48fa5000-7f2a48fb2000 r-xp 00000000 08:01 7875524                    /usr/lib/jvm/java-8-oracle/jre/lib/amd64/libverify.so
7f2a48fb2000-7f2a491b2000 ---p 0000d000 08:01 7875524                    /usr/lib/jvm/java-8-oracle/jre/lib/amd64/libverify.so
7f2a491b2000-7f2a491b4000 rw-p 0000d000 08:01 7875524                    /usr/lib/jvm/java-8-oracle/jre/lib/amd64/libverify.so
7f2a491b4000-7f2a491bb000 r-xp 00000000 08:01 7607055                    /lib/x86_64-linux-gnu/librt-2.27.so
7f2a491bb000-7f2a493ba000 ---p 00007000 08:01 7607055                    /lib/x86_64-linux-gnu/librt-2.27.so
7f2a493ba000-7f2a493bb000 r--p 00006000 08:01 7607055                    /lib/x86_64-linux-gnu/librt-2.27.so
7f2a493bb000-7f2a493bc000 rw-p 00007000 08:01 7607055                    /lib/x86_64-linux-gnu/librt-2.27.so
7f2a493bc000-7f2a49559000 r-xp 00000000 08:01 7606977                    /lib/x86_64-linux-gnu/libm-2.27.so
7f2a49559000-7f2a49758000 ---p 0019d000 08:01 7606977                    /lib/x86_64-linux-gnu/libm-2.27.so
7f2a49758000-7f2a49759000 r--p 0019c000 08:01 7606977                    /lib/x86_64-linux-gnu/libm-2.27.so
7f2a49759000-7f2a4975a000 rw-p 0019d000 08:01 7606977                    /lib/x86_64-linux-gnu/libm-2.27.so
7f2a4975a000-7f2a4a436000 r-xp 00000000 08:01 7875501                    /usr/lib/jvm/java-8-oracle/jre/lib/amd64/server/libjvm.so
7f2a4a436000-7f2a4a636000 ---p 00cdc000 08:01 7875501                    /usr/lib/jvm/java-8-oracle/jre/lib/amd64/server/libjvm.so
7f2a4a636000-7f2a4a710000 rw-p 00cdc000 08:01 7875501                    /usr/lib/jvm/java-8-oracle/jre/lib/amd64/server/libjvm.so
7f2a4a710000-7f2a4a75b000 rw-p 00000000 00:00 0 
7f2a4a75b000-7f2a4a942000 r-xp 00000000 08:01 7606914                    /lib/x86_64-linux-gnu/libc-2.27.so
7f2a4a942000-7f2a4ab42000 ---p 001e7000 08:01 7606914                    /lib/x86_64-linux-gnu/libc-2.27.so
7f2a4ab42000-7f2a4ab46000 r--p 001e7000 08:01 7606914                    /lib/x86_64-linux-gnu/libc-2.27.so
7f2a4ab46000-7f2a4ab48000 rw-p 001eb000 08:01 7606914                    /lib/x86_64-linux-gnu/libc-2.27.so
7f2a4ab48000-7f2a4ab4c000 rw-p 00000000 00:00 0 
7f2a4ab4c000-7f2a4ab4f000 r-xp 00000000 08:01 7606937                    /lib/x86_64-linux-gnu/libdl-2.27.so
7f2a4ab4f000-7f2a4ad4e000 ---p 00003000 08:01 7606937                    /lib/x86_64-linux-gnu/libdl-2.27.so
7f2a4ad4e000-7f2a4ad4f000 r--p 00002000 08:01 7606937                    /lib/x86_64-linux-gnu/libdl-2.27.so
7f2a4ad4f000-7f2a4ad50000 rw-p 00003000 08:01 7606937                    /lib/x86_64-linux-gnu/libdl-2.27.so
7f2a4ad50000-7f2a4ad66000 r-xp 00000000 08:01 7875175                    /usr/lib/jvm/java-8-oracle/lib/amd64/jli/libjli.so
7f2a4ad66000-7f2a4af65000 ---p 00016000 08:01 7875175                    /usr/lib/jvm/java-8-oracle/lib/amd64/jli/libjli.so
7f2a4af65000-7f2a4af66000 rw-p 00015000 08:01 7875175                    /usr/lib/jvm/java-8-oracle/lib/amd64/jli/libjli.so
7f2a4af66000-7f2a4af80000 r-xp 00000000 08:01 7607047                    /lib/x86_64-linux-gnu/libpthread-2.27.so
7f2a4af80000-7f2a4b17f000 ---p 0001a000 08:01 7607047                    /lib/x86_64-linux-gnu/libpthread-2.27.so
7f2a4b17f000-7f2a4b180000 r--p 00019000 08:01 7607047                    /lib/x86_64-linux-gnu/libpthread-2.27.so
7f2a4b180000-7f2a4b181000 rw-p 0001a000 08:01 7607047                    /lib/x86_64-linux-gnu/libpthread-2.27.so
7f2a4b181000-7f2a4b185000 rw-p 00000000 00:00 0 
7f2a4b185000-7f2a4b1ac000 r-xp 00000000 08:01 7606886                    /lib/x86_64-linux-gnu/ld-2.27.so
7f2a4b1ac000-7f2a4b1ae000 r--s 00000000 08:01 2229435                    /home/mozzyr/.m2/repository/org/slf4j/jul-to-slf4j/1.7.25/jul-to-slf4j-1.7.25.jar
7f2a4b1ae000-7f2a4b1b0000 r--s 00003000 08:01 2229429                    /home/mozzyr/.m2/repository/org/apache/logging/log4j/log4j-to-slf4j/2.10.0/log4j-to-slf4j-2.10.0.jar
7f2a4b1b0000-7f2a4b1b1000 r--s 00000000 08:01 2229419                    /home/mozzyr/.m2/repository/org/springframework/boot/spring-boot-starter-logging/2.0.4.RELEASE/spring-boot-starter-logging-2.0.4.RELEASE.jar
7f2a4b1b1000-7f2a4b1b2000 r--s 00000000 08:01 2229446                    /home/mozzyr/.m2/repository/org/springframework/boot/spring-boot-starter/2.0.4.RELEASE/spring-boot-starter-2.0.4.RELEASE.jar
7f2a4b1b2000-7f2a4b1b3000 r--s 00000000 08:01 2229407                    /home/mozzyr/.m2/repository/org/springframework/boot/spring-boot-starter-web/2.0.4.RELEASE/spring-boot-starter-web-2.0.4.RELEASE.jar
7f2a4b1b3000-7f2a4b1b8000 r--s 0009d000 08:01 7875370                    /usr/lib/jvm/java-8-oracle/jre/lib/jsse.jar
7f2a4b1b8000-7f2a4b1ba000 r--s 00007000 08:01 7875547                    /usr/lib/jvm/java-8-oracle/jre/lib/jfxswt.jar
7f2a4b1ba000-7f2a4b1bf000 r--s 00084000 08:01 7875230                    /usr/lib/jvm/java-8-oracle/jre/lib/jfr.jar
7f2a4b1bf000-7f2a4b1c2000 r--s 0001a000 08:01 7875545                    /usr/lib/jvm/java-8-oracle/jre/lib/jce.jar
7f2a4b1c2000-7f2a4b28e000 rw-p 00000000 00:00 0 
7f2a4b28e000-7f2a4b28f000 ---p 00000000 00:00 0 
7f2a4b28f000-7f2a4b292000 ---p 00000000 00:00 0 
7f2a4b292000-7f2a4b393000 rw-p 00000000 00:00 0 
7f2a4b393000-7f2a4b394000 r--s 00000000 08:01 7875237                    /usr/lib/jvm/java-8-oracle/jre/lib/management-agent.jar
7f2a4b394000-7f2a4b39d000 r--s 0006d000 08:01 7875240                    /usr/lib/jvm/java-8-oracle/jre/lib/javaws.jar
7f2a4b39d000-7f2a4b3a2000 r--s 002f9000 08:01 7875311                    /usr/lib/jvm/java-8-oracle/jre/lib/charsets.jar
7f2a4b3a2000-7f2a4b3aa000 rw-s 00000000 08:01 924877                     /tmp/hsperfdata_mozzyr/2251
7f2a4b3aa000-7f2a4b3ab000 rw-p 00000000 00:00 0 
7f2a4b3ab000-7f2a4b3ac000 ---p 00000000 00:00 0 
7f2a4b3ac000-7f2a4b3ad000 r--p 00027000 08:01 7606886                    /lib/x86_64-linux-gnu/ld-2.27.so
7f2a4b3ad000-7f2a4b3ae000 rw-p 00028000 08:01 7606886                    /lib/x86_64-linux-gnu/ld-2.27.so
7f2a4b3ae000-7f2a4b3af000 rw-p 00000000 00:00 0 
7ffe14401000-7ffe14424000 rw-p 00000000 00:00 0                          [stack]
7ffe14505000-7ffe14508000 r--p 00000000 00:00 0                          [vvar]
7ffe14508000-7ffe1450a000 r-xp 00000000 00:00 0                          [vdso]
ffffffffff600000-ffffffffff601000 r-xp 00000000 00:00 0                  [vsyscall]

VM Arguments:
jvm_args: -javaagent:/opt/idea-IC-182.3911.36/lib/idea_rt.jar=46211:/opt/idea-IC-182.3911.36/bin -Dfile.encoding=UTF-8 
java_command: com.teste.clientapp.ApplicationStart
java_class_path (initial): /usr/lib/jvm/java-8-oracle/jre/lib/charsets.jar:/usr/lib/jvm/java-8-oracle/jre/lib/deploy.jar:/usr/lib/jvm/java-8-oracle/jre/lib/ext/cldrdata.jar:/usr/lib/jvm/java-8-oracle/jre/lib/ext/dnsns.jar:/usr/lib/jvm/java-8-oracle/jre/lib/ext/jaccess.jar:/usr/lib/jvm/java-8-oracle/jre/lib/ext/jfxrt.jar:/usr/lib/jvm/java-8-oracle/jre/lib/ext/localedata.jar:/usr/lib/jvm/java-8-oracle/jre/lib/ext/nashorn.jar:/usr/lib/jvm/java-8-oracle/jre/lib/ext/sunec.jar:/usr/lib/jvm/java-8-oracle/jre/lib/ext/sunjce_provider.jar:/usr/lib/jvm/java-8-oracle/jre/lib/ext/sunpkcs11.jar:/usr/lib/jvm/java-8-oracle/jre/lib/ext/zipfs.jar:/usr/lib/jvm/java-8-oracle/jre/lib/javaws.jar:/usr/lib/jvm/java-8-oracle/jre/lib/jce.jar:/usr/lib/jvm/java-8-oracle/jre/lib/jfr.jar:/usr/lib/jvm/java-8-oracle/jre/lib/jfxswt.jar:/usr/lib/jvm/java-8-oracle/jre/lib/jsse.jar:/usr/lib/jvm/java-8-oracle/jre/lib/management-agent.jar:/usr/lib/jvm/java-8-oracle/jre/lib/plugin.jar:/usr/lib/jvm/java-8-oracle/jre/lib/resources.jar:/usr/lib/jvm/java-8-oracle/jre/lib/rt.jar:/home/mozzyr/Documents/notes/client-app/target/classes:/home/mozzyr/.m2/repository/org/springframework/boot/spring-boot-starter-web/2.0.4.RELEASE/spring-boot-starter-web-2.0.4.RELEASE.jar:/home/mozzyr/.m2/repository/org/springframework/boot/spring-boot-starter/2.0.4.RELEASE/spring-boot-starter-2.0.4.RELEASE.jar:/home/mozzyr/.m2/repository/org/springframework/boot/spring-boot-starter-logging/2.0.4.RELEASE/spring-boot-starter-logging-2.0.4.RELEASE.jar:/home/mozzyr/.m2/repository/ch/qos/logback/logback-classic/1.2.3/logback-classic-1.2.3.jar:/home/mozzyr/.m2/repository/ch/qos/logback/logback-core/1.2.3/logback-core-1.2.3.jar:/home/mozzyr/.m2/repository/org/apache/logging/log4j/log4j-to-slf4j/2.10.0/log4j-to-slf4j-2.10.0.jar:/home/mozzyr/.m2/repository/org/apache/logging/log4j/log4j-api/2.10.0/log4j-api-2.10.0.jar:/home/mozzyr/.m2/repository/org/slf4j/jul-to-slf4j/1.7.25/jul-to-slf4j-1.7.25.jar:/home/mozzyr/.m2/repository/javax/annotati
Launcher Type: SUN_STANDARD

Environment Variables:
PATH=/usr/local/sbin:/usr/local/bin:/usr/sbin:/usr/bin:/sbin:/bin:/usr/games:/usr/local/games
SHELL=/bin/bash
DISPLAY=:0

Signal Handlers:
SIGSEGV: [libjvm.so+0xad2a40], sa_mask[0]=11111111011111111101111111111110, sa_flags=SA_RESTART|SA_SIGINFO
SIGBUS: [libjvm.so+0xad2a40], sa_mask[0]=11111111011111111101111111111110, sa_flags=SA_RESTART|SA_SIGINFO
SIGFPE: [libjvm.so+0x92a610], sa_mask[0]=11111111011111111101111111111110, sa_flags=SA_RESTART|SA_SIGINFO
SIGPIPE: [libjvm.so+0x92a610], sa_mask[0]=11111111011111111101111111111110, sa_flags=SA_RESTART|SA_SIGINFO
SIGXFSZ: [libjvm.so+0x92a610], sa_mask[0]=11111111011111111101111111111110, sa_flags=SA_RESTART|SA_SIGINFO
SIGILL: [libjvm.so+0x92a610], sa_mask[0]=11111111011111111101111111111110, sa_flags=SA_RESTART|SA_SIGINFO
SIGUSR1: SIG_DFL, sa_mask[0]=00000000000000000000000000000000, sa_flags=none
SIGUSR2: [libjvm.so+0x92be70], sa_mask[0]=00100000000000000000000000000000, sa_flags=SA_RESTART|SA_SIGINFO
SIGHUP: [libjvm.so+0x92d270], sa_mask[0]=11111111011111111101111111111110, sa_flags=SA_RESTART|SA_SIGINFO
SIGINT: [libjvm.so+0x92d270], sa_mask[0]=11111111011111111101111111111110, sa_flags=SA_RESTART|SA_SIGINFO
SIGTERM: [libjvm.so+0x92d270], sa_mask[0]=11111111011111111101111111111110, sa_flags=SA_RESTART|SA_SIGINFO
SIGQUIT: [libjvm.so+0x92d270], sa_mask[0]=11111111011111111101111111111110, sa_flags=SA_RESTART|SA_SIGINFO


---------------  S Y S T E M  ---------------

OS:DISTRIB_ID=LinuxMint
DISTRIB_RELEASE=19
DISTRIB_CODENAME=tara
DISTRIB_DESCRIPTION="Linux Mint 19 Tara"

uname:Linux 4.15.0-20-generic #21-Ubuntu SMP Tue Apr 24 06:16:15 UTC 2018 x86_64
libc:glibc 2.27 NPTL 2.27 
rlimit: STACK 8192k, CORE 0k, NPROC 26980, NOFILE 1048576, AS infinity
load average:0,93 0,67 0,61

/proc/meminfo:
MemTotal:        6969712 kB
MemFree:         3817840 kB
MemAvailable:    4601252 kB
Buffers:           73716 kB
Cached:           987764 kB
SwapCached:            0 kB
Active:          2272888 kB
Inactive:         713604 kB
Active(anon):    1925868 kB
Inactive(anon):    90188 kB
Active(file):     347020 kB
Inactive(file):   623416 kB
Unevictable:           0 kB
Mlocked:               0 kB
SwapTotal:       2097148 kB
SwapFree:        2097148 kB
Dirty:             10460 kB
Writeback:             0 kB
AnonPages:       1924956 kB
Mapped:           234748 kB
Shmem:             91048 kB
Slab:              89300 kB
SReclaimable:      59564 kB
SUnreclaim:        29736 kB
KernelStack:        7880 kB
PageTables:        30556 kB
NFS_Unstable:          0 kB
Bounce:                0 kB
WritebackTmp:          0 kB
CommitLimit:     5582004 kB
Committed_AS:    4998660 kB
VmallocTotal:   34359738367 kB
VmallocUsed:           0 kB
VmallocChunk:          0 kB
HardwareCorrupted:     0 kB
AnonHugePages:         0 kB
ShmemHugePages:        0 kB
ShmemPmdMapped:        0 kB
CmaTotal:              0 kB
CmaFree:               0 kB
HugePages_Total:       0
HugePages_Free:        0
HugePages_Rsvd:        0
HugePages_Surp:        0
Hugepagesize:       2048 kB
DirectMap4k:      104444 kB
DirectMap2M:     7067648 kB


CPU:total 2 (initial active 2) (2 cores per cpu, 1 threads per core) family 6 model 23 stepping 10, cmov, cx8, fxsr, mmx, sse, sse2, sse3, ssse3, sse4.1, tsc

/proc/cpuinfo:
processor	: 0
vendor_id	: GenuineIntel
cpu family	: 6
model		: 23
model name	: Intel(R) Core(TM)2 Duo CPU     E8500  @ 3.16GHz
stepping	: 10
microcode	: 0xa07
cpu MHz		: 3158.655
cache size	: 6144 KB
physical id	: 0
siblings	: 2
core id		: 0
cpu cores	: 2
apicid		: 0
initial apicid	: 0
fpu		: yes
fpu_exception	: yes
cpuid level	: 13
wp		: yes
flags		: fpu vme de pse tsc msr pae mce cx8 apic sep mtrr pge mca cmov pat pse36 clflush dts acpi mmx fxsr sse sse2 ss ht tm pbe syscall nx lm constant_tsc arch_perfmon pebs bts rep_good nopl cpuid aperfmperf pni dtes64 monitor ds_cpl vmx smx est tm2 ssse3 cx16 xtpr pdcm sse4_1 xsave lahf_lm pti tpr_shadow vnmi flexpriority dtherm
bugs		: cpu_meltdown spectre_v1 spectre_v2
bogomips	: 6317.31
clflush size	: 64
cache_alignment	: 64
address sizes	: 36 bits physical, 48 bits virtual
power management:

processor	: 1
vendor_id	: GenuineIntel
cpu family	: 6
model		: 23
model name	: Intel(R) Core(TM)2 Duo CPU     E8500  @ 3.16GHz
stepping	: 10
microcode	: 0xa07
cpu MHz		: 3158.654
cache size	: 6144 KB
physical id	: 0
siblings	: 2
core id		: 1
cpu cores	: 2
apicid		: 1
initial apicid	: 1
fpu		: yes
fpu_exception	: yes
cpuid level	: 13
wp		: yes
flags		: fpu vme de pse tsc msr pae mce cx8 apic sep mtrr pge mca cmov pat pse36 clflush dts acpi mmx fxsr sse sse2 ss ht tm pbe syscall nx lm constant_tsc arch_perfmon pebs bts rep_good nopl cpuid aperfmperf pni dtes64 monitor ds_cpl vmx smx est tm2 ssse3 cx16 xtpr pdcm sse4_1 xsave lahf_lm pti tpr_shadow vnmi flexpriority dtherm
bugs		: cpu_meltdown spectre_v1 spectre_v2
bogomips	: 6317.31
clflush size	: 64
cache_alignment	: 64
address sizes	: 36 bits physical, 48 bits virtual
power management:



Memory: 4k page, physical 6969712k(3817220k free), swap 2097148k(2097148k free)

vm_info: Java HotSpot(TM) 64-Bit Server VM (25.181-b13) for linux-amd64 JRE (1.8.0_181-b13), built on Jul  7 2018 00:56:38 by "java_re" with gcc 4.3.0 20080428 (Red Hat 4.3.0-8)

time: Sun Aug 12 18:34:01 2018
elapsed time: 157 seconds (0d 0h 2m 37s)

