#
# A fatal error has been detected by the Java Runtime Environment:
#
#  SIGSEGV (0xb) at pc=0xffffec689d8d48ff, pid=1857, tid=0x00007ff376516700
#
# JRE version: Java(TM) SE Runtime Environment (8.0_181-b13) (build 1.8.0_181-b13)
# Java VM: Java HotSpot(TM) 64-Bit Server VM (25.181-b13 mixed mode linux-amd64 compressed oops)
# Problematic frame:
# C  0xffffec689d8d48ff
#
# Failed to write core dump. Core dumps have been disabled. To enable core dumping, try "ulimit -c unlimited" before starting Java again
#
# If you would like to submit a bug report, please visit:
#   http://bugreport.java.com/bugreport/crash.jsp
#

---------------  T H R E A D  ---------------

Current thread (0x00007ff38c479800):  JavaThread "C1 CompilerThread1" daemon [_thread_in_vm, id=1879, stack(0x00007ff376417000,0x00007ff376517000)]

siginfo: si_signo: 11 (SIGSEGV), si_code: 1 (SEGV_MAPERR), si_addr: 0xffffec689d8d48ff

Registers:
RAX=0x00007ff3920386d0, RBX=0x00007ff37d5e4190, RCX=0x0000000000000006, RDX=0x0000000000e38180
RSP=0x00007ff3765158a8, RBP=0x00007ff3765159b0, RSI=0x00007ff37d5e43a0, RDI=0x00007ff37d5e4190
R8 =0x0000000000000006, R9 =0x00007ff37c7ac000, R10=0x0000000000000000, R11=0x00007ff37c7ac060
R12=0x00007ff37d5e43a0, R13=0x00007ff37cf0fa5f, R14=0x00007ff3765158e0, R15=0x00007ff38c473ec0
RIP=0xffffec689d8d48ff, EFLAGS=0x0000000000010297, CSGSFS=0x002b000000000033, ERR=0x0000000000000015
  TRAPNO=0x000000000000000e

Top of Stack: (sp=0x00007ff3765158a8)
0x00007ff3765158a8:   00007ff391f462a2 00007ff37cee5610
0x00007ff3765158b8:   00007ff37cf0f190 00000000000003d8
0x00007ff3765158c8:   00007ff38c4742e8 00007ff38c473f40
0x00007ff3765158d8:   00007ff38c473f00 0000000000000000
0x00007ff3765158e8:   00007ff37cf0f2f8 00007ff37cf0f560
0x00007ff3765158f8:   00007ff37cf0f190 00007ff37cf0fa5f
0x00007ff376515908:   00007ff39208000a 00007ff376515908
0x00007ff376515918:   00007ff391010000 00007ff37cf0f560
0x00007ff376515928:   00007ff37cf0f560 00007ff37cf11720
0x00007ff376515938:   00007ff37cf0f560 00007ff37cf11720
0x00007ff376515948:   00007ff37cf118f8 00007ff3925caeb0
0x00007ff376515958:   00007ff3765158e0 00007ff37cf0f65d
0x00007ff376515968:   00007ff338007800 00007ff3765159b0
0x00007ff376515978:   00007ff338007828 00007ff3765159b0
0x00007ff376515988:   00007ff38c00ffd0 00007ff37cf0f190
0x00007ff376515998:   00007ff38c479800 00000000000001d6
0x00007ff3765159a8:   00007ff392622838 00007ff3765159e0
0x00007ff3765159b8:   00007ff39208a572 00007ff38c00d3f0
0x00007ff3765159c8:   00007ff37cf12f50 0000000000000027
0x00007ff3765159d8:   0000000000000000 00007ff376515af0
0x00007ff3765159e8:   00007ff39208aa68 000000fd00000000
0x00007ff3765159f8:   00007ff38c00d3f0 00007ff38c473f00
0x00007ff376515a08:   00007ff38c473f40 00007ff38c4742e8
0x00007ff376515a18:   00007ff38c473ec0 00000000000003d8
0x00007ff376515a28:   00000000000d892c 00000003c34d5379
0x00007ff376515a38:   0000000000000000 00007ff3925b8100
0x00007ff376515a48:   0000000000000000 0000000000000000
0x00007ff376515a58:   0000000000000000 0000000000000000
0x00007ff376515a68:   00007ff376515938 0000000000000056
0x00007ff376515a78:   0000000000000100 00007ff376515a01
0x00007ff376515a88:   00007ffe3118fc30 00007ff376510001
0x00007ff376515a98:   00000000000666c2 00000003c346d7f1 

Instructions: (pc=0xffffec689d8d48ff)
0xffffec689d8d48df:   
[error occurred during error reporting (printing registers, top of stack, instructions near pc), id 0xb]

Register to memory mapping:

RAX=0x00007ff3920386d0: <offset 0x9e56d0> in /usr/lib/jvm/java-8-oracle/jre/lib/amd64/server/libjvm.so at 0x00007ff391653000
RBX=
[error occurred during error reporting (printing register info), id 0xb]

Stack: [0x00007ff376417000,0x00007ff376517000],  sp=0x00007ff3765158a8,  free space=1018k
Native frames: (J=compiled Java code, j=interpreted, Vv=VM code, C=native code)
C  0xffffec689d8d48ff
V  [libjvm.so+0xa37572]  NMethodSweeper::process_nmethod(nmethod*)+0x1c2
V  [libjvm.so+0xa37a68]  NMethodSweeper::sweep_code_cache()+0x3c8
V  [libjvm.so+0xa37de4]  NMethodSweeper::possibly_sweep()+0xb4
V  [libjvm.so+0x4b4225]  CompileQueue::get()+0x15
V  [libjvm.so+0x4b65bb]  CompileBroker::compiler_thread_loop()+0x18b
V  [libjvm.so+0xa813f3]  JavaThread::thread_main_inner()+0x103
V  [libjvm.so+0xa8153c]  JavaThread::run()+0x11c
V  [libjvm.so+0x930198]  java_start(Thread*)+0x108
C  [libpthread.so.0+0x76db]  start_thread+0xdb


---------------  P R O C E S S  ---------------

Java Threads: ( => current thread )
  0x000000000383a800 JavaThread "Live Reload Server" daemon [_thread_in_native, id=1905, stack(0x00007ff3375fe000,0x00007ff3376ff000)]
  0x0000000003833000 JavaThread "File Watcher" daemon [_thread_blocked, id=1903, stack(0x00007ff33c022000,0x00007ff33c123000)]
  0x00007ff35c005800 JavaThread "HikariPool-1 connection adder" daemon [_thread_blocked, id=1893, stack(0x00007ff33c7fb000,0x00007ff33c8fc000)]
  0x0000000002fde000 JavaThread "HikariPool-1 housekeeper" daemon [_thread_blocked, id=1892, stack(0x00007ff33c8fc000,0x00007ff33c9fd000)]
  0x0000000002ef4800 JavaThread "Abandoned connection cleanup thread" daemon [_thread_blocked, id=1890, stack(0x00007ff33cbfd000,0x00007ff33ccfe000)]
  0x0000000002ee6000 JavaThread "container-0" [_thread_blocked, id=1889, stack(0x00007ff33ccfe000,0x00007ff33cdff000)]
  0x0000000002ee5800 JavaThread "ContainerBackgroundProcessor[StandardEngine[Tomcat]]" daemon [_thread_blocked, id=1888, stack(0x00007ff37403c000,0x00007ff37413d000)]
  0x00007ff340002000 JavaThread "localhost-startStop-1" daemon [_thread_blocked, id=1887, stack(0x00007ff374b4a000,0x00007ff374c4b000)]
  0x0000000002ee4800 JavaThread "Tomcat-startStop-1" daemon [_thread_blocked, id=1886, stack(0x00007ff375f11000,0x00007ff376012000)]
  0x00007ff338007000 JavaThread "restartedMain" [_thread_blocked, id=1883, stack(0x00007ff376012000,0x00007ff376113000)]
  0x00007ff38c694800 JavaThread "Thread-0" [_thread_blocked, id=1882, stack(0x00007ff376113000,0x00007ff376214000)]
  0x00007ff38c47d000 JavaThread "Service Thread" daemon [_thread_blocked, id=1880, stack(0x00007ff376315000,0x00007ff376416000)]
=>0x00007ff38c479800 JavaThread "C1 CompilerThread1" daemon [_thread_in_vm, id=1879, stack(0x00007ff376417000,0x00007ff376517000)]
  0x00007ff38c473000 JavaThread "C2 CompilerThread0" daemon [_thread_in_native, id=1878, stack(0x00007ff376518000,0x00007ff376618000)]
  0x00007ff35c001000 JavaThread "JDWP Command Reader" daemon [_thread_in_native, id=1867, stack(0x00007ff376878000,0x00007ff376979000)]
  0x00007ff38c153800 JavaThread "JDWP Event Helper Thread" daemon [_thread_blocked, id=1866, stack(0x00007ff376979000,0x00007ff376a7a000)]
  0x00007ff38c150000 JavaThread "JDWP Transport Listener: dt_socket" daemon [_thread_blocked, id=1865, stack(0x00007ff376a7a000,0x00007ff376b7b000)]
  0x00007ff38c142000 JavaThread "Signal Dispatcher" daemon [_thread_blocked, id=1864, stack(0x00007ff376d7f000,0x00007ff376e80000)]
  0x00007ff38c110000 JavaThread "Finalizer" daemon [_thread_blocked, id=1863, stack(0x00007ff376e80000,0x00007ff376f81000)]
  0x00007ff38c10d800 JavaThread "Reference Handler" daemon [_thread_blocked, id=1862, stack(0x00007ff376f81000,0x00007ff377082000)]
  0x00007ff38c013000 JavaThread "main" [_thread_blocked, id=1858, stack(0x00007ff393188000,0x00007ff393288000)]

Other Threads:
  0x00007ff38c104000 VMThread [stack: 0x00007ff377083000,0x00007ff377183000] [id=1861]
  0x00007ff38c482000 WatcherThread [stack: 0x00007ff376215000,0x00007ff376315000] [id=1881]

VM state:not at safepoint (normal execution)

VM Mutex/Monitor currently owned by a thread:  ([mutex/lock_event])
[0x00007ff38c00ffd0] CompiledIC_lock - owner thread: 0x00007ff38c479800

Heap:
 PSYoungGen      total 231424K, used 204134K [0x00000000dc900000, 0x00000000ece80000, 0x0000000100000000)
  eden space 219136K, 87% used [0x00000000dc900000,0x00000000e8485000,0x00000000e9f00000)
  from space 12288K, 98% used [0x00000000ec280000,0x00000000ece54a78,0x00000000ece80000)
  to   space 15360K, 0% used [0x00000000eb080000,0x00000000eb080000,0x00000000ebf80000)
 ParOldGen       total 68608K, used 16662K [0x0000000095a00000, 0x0000000099d00000, 0x00000000dc900000)
  object space 68608K, 24% used [0x0000000095a00000,0x0000000096a45ab0,0x0000000099d00000)
 Metaspace       used 52278K, capacity 54492K, committed 54704K, reserved 1097728K
  class space    used 6841K, capacity 7269K, committed 7344K, reserved 1048576K

Card table byte_map: [0x00007ff37c098000,0x00007ff37c3ec000] byte_map_base: 0x00007ff37bbeb000

Marking Bits: (ParMarkBitMap*) 0x00007ff3926270a0
 Begin Bits: [0x00007ff37882f000, 0x00007ff37a2c7000)
 End Bits:   [0x00007ff37a2c7000, 0x00007ff37bd5f000)

Polling page: 0x00007ff3932a4000

CodeCache: size=245760Kb used=15097Kb max_used=15097Kb free=230662Kb
 bounds [0x00007ff37c7ac000, 0x00007ff37d67c000, 0x00007ff38b7ac000]
 total_blobs=4569 nmethods=4049 adapters=442
 compilation: enabled

Compilation events (10 events):
Event: 16,153 Thread 0x00007ff38c479800 4574       2       java.util.HashMap::clear (50 bytes)
Event: 16,153 Thread 0x00007ff38c479800 nmethod 4574 0x00007ff37c941a90 code [0x00007ff37c941c00, 0x00007ff37c941df0]
Event: 16,155 Thread 0x00007ff38c479800 4575       2       javax.management.JMX::isMXBeanInterface (58 bytes)
Event: 16,155 Thread 0x00007ff38c479800 nmethod 4575 0x00007ff37d672c50 code [0x00007ff37d672e20, 0x00007ff37d6731e8]
Event: 16,156 Thread 0x00007ff38c479800 4576       2       org.springframework.jmx.support.JmxUtils::getMBeanInterface (92 bytes)
Event: 16,156 Thread 0x00007ff38c479800 nmethod 4576 0x00007ff37d673510 code [0x00007ff37d673700, 0x00007ff37d673c78]
Event: 16,157 Thread 0x00007ff38c479800 4577       2       org.springframework.jmx.support.JmxUtils::getMXBeanInterface (63 bytes)
Event: 16,157 Thread 0x00007ff38c479800 nmethod 4577 0x00007ff37d674110 code [0x00007ff37d6742c0, 0x00007ff37d674588]
Event: 16,161 Thread 0x00007ff38c479800 4578       2       org.springframework.jmx.export.MBeanExporter::isExcluded (49 bytes)
Event: 16,162 Thread 0x00007ff38c479800 nmethod 4578 0x00007ff37d674790 code [0x00007ff37d674920, 0x00007ff37d674b98]

GC Heap History (10 events):
Event: 8,355 GC heap before
{Heap before GC invocations=8 (full 1):
 PSYoungGen      total 100352K, used 100267K [0x00000000dc900000, 0x00000000e4300000, 0x0000000100000000)
  eden space 96256K, 100% used [0x00000000dc900000,0x00000000e2700000,0x00000000e2700000)
  from space 4096K, 97% used [0x00000000e3f00000,0x00000000e42eadf8,0x00000000e4300000)
  to   space 9728K, 0% used [0x00000000e3000000,0x00000000e3000000,0x00000000e3980000)
 ParOldGen       total 48640K, used 9709K [0x0000000095a00000, 0x0000000098980000, 0x00000000dc900000)
  object space 48640K, 19% used [0x0000000095a00000,0x000000009637b688,0x0000000098980000)
 Metaspace       used 27545K, capacity 28520K, committed 28592K, reserved 1075200K
  class space    used 3507K, capacity 3725K, committed 3760K, reserved 1048576K
Event: 8,371 GC heap after
Heap after GC invocations=8 (full 1):
 PSYoungGen      total 115200K, used 7601K [0x00000000dc900000, 0x00000000e7d80000, 0x0000000100000000)
  eden space 105472K, 0% used [0x00000000dc900000,0x00000000dc900000,0x00000000e3000000)
  from space 9728K, 78% used [0x00000000e3000000,0x00000000e376c458,0x00000000e3980000)
  to   space 10240K, 0% used [0x00000000e7380000,0x00000000e7380000,0x00000000e7d80000)
 ParOldGen       total 48640K, used 9781K [0x0000000095a00000, 0x0000000098980000, 0x00000000dc900000)
  object space 48640K, 20% used [0x0000000095a00000,0x000000009638d698,0x0000000098980000)
 Metaspace       used 27545K, capacity 28520K, committed 28592K, reserved 1075200K
  class space    used 3507K, capacity 3725K, committed 3760K, reserved 1048576K
}
Event: 10,227 GC heap before
{Heap before GC invocations=9 (full 1):
 PSYoungGen      total 115200K, used 113030K [0x00000000dc900000, 0x00000000e7d80000, 0x0000000100000000)
  eden space 105472K, 99% used [0x00000000dc900000,0x00000000e2ff5598,0x00000000e3000000)
  from space 9728K, 78% used [0x00000000e3000000,0x00000000e376c458,0x00000000e3980000)
  to   space 10240K, 0% used [0x00000000e7380000,0x00000000e7380000,0x00000000e7d80000)
 ParOldGen       total 48640K, used 9781K [0x0000000095a00000, 0x0000000098980000, 0x00000000dc900000)
  object space 48640K, 20% used [0x0000000095a00000,0x000000009638d698,0x0000000098980000)
 Metaspace       used 33053K, capacity 34622K, committed 34736K, reserved 1079296K
  class space    used 4212K, capacity 4514K, committed 4528K, reserved 1048576K
Event: 10,261 GC heap after
Heap after GC invocations=9 (full 1):
 PSYoungGen      total 171008K, used 10209K [0x00000000dc900000, 0x00000000e9280000, 0x0000000100000000)
  eden space 160768K, 0% used [0x00000000dc900000,0x00000000dc900000,0x00000000e6600000)
  from space 10240K, 99% used [0x00000000e7380000,0x00000000e7d78428,0x00000000e7d80000)
  to   space 13824K, 0% used [0x00000000e6600000,0x00000000e6600000,0x00000000e7380000)
 ParOldGen       total 48640K, used 13781K [0x0000000095a00000, 0x0000000098980000, 0x00000000dc900000)
  object space 48640K, 28% used [0x0000000095a00000,0x00000000967757e0,0x0000000098980000)
 Metaspace       used 33053K, capacity 34622K, committed 34736K, reserved 1079296K
  class space    used 4212K, capacity 4514K, committed 4528K, reserved 1048576K
}
Event: 10,426 GC heap before
{Heap before GC invocations=10 (full 1):
 PSYoungGen      total 171008K, used 26687K [0x00000000dc900000, 0x00000000e9280000, 0x0000000100000000)
  eden space 160768K, 10% used [0x00000000dc900000,0x00000000dd917af0,0x00000000e6600000)
  from space 10240K, 99% used [0x00000000e7380000,0x00000000e7d78428,0x00000000e7d80000)
  to   space 13824K, 0% used [0x00000000e6600000,0x00000000e6600000,0x00000000e7380000)
 ParOldGen       total 48640K, used 13781K [0x0000000095a00000, 0x0000000098980000, 0x00000000dc900000)
  object space 48640K, 28% used [0x0000000095a00000,0x00000000967757e0,0x0000000098980000)
 Metaspace       used 33770K, capacity 35254K, committed 35496K, reserved 1081344K
  class space    used 4286K, capacity 4550K, committed 4656K, reserved 1048576K
Event: 10,448 GC heap after
Heap after GC invocations=10 (full 1):
 PSYoungGen      total 174592K, used 9051K [0x00000000dc900000, 0x00000000ed000000, 0x0000000100000000)
  eden space 160768K, 0% used [0x00000000dc900000,0x00000000dc900000,0x00000000e6600000)
  from space 13824K, 65% used [0x00000000e6600000,0x00000000e6ed6d70,0x00000000e7380000)
  to   space 13824K, 0% used [0x00000000ec280000,0x00000000ec280000,0x00000000ed000000)
 ParOldGen       total 48640K, used 15733K [0x0000000095a00000, 0x0000000098980000, 0x00000000dc900000)
  object space 48640K, 32% used [0x0000000095a00000,0x000000009695d7f0,0x0000000098980000)
 Metaspace       used 33770K, capacity 35254K, committed 35496K, reserved 1081344K
  class space    used 4286K, capacity 4550K, committed 4656K, reserved 1048576K
}
Event: 10,448 GC heap before
{Heap before GC invocations=11 (full 2):
 PSYoungGen      total 174592K, used 9051K [0x00000000dc900000, 0x00000000ed000000, 0x0000000100000000)
  eden space 160768K, 0% used [0x00000000dc900000,0x00000000dc900000,0x00000000e6600000)
  from space 13824K, 65% used [0x00000000e6600000,0x00000000e6ed6d70,0x00000000e7380000)
  to   space 13824K, 0% used [0x00000000ec280000,0x00000000ec280000,0x00000000ed000000)
 ParOldGen       total 48640K, used 15733K [0x0000000095a00000, 0x0000000098980000, 0x00000000dc900000)
  object space 48640K, 32% used [0x0000000095a00000,0x000000009695d7f0,0x0000000098980000)
 Metaspace       used 33770K, capacity 35254K, committed 35496K, reserved 1081344K
  class space    used 4286K, capacity 4550K, committed 4656K, reserved 1048576K
Event: 10,624 GC heap after
Heap after GC invocations=11 (full 2):
 PSYoungGen      total 174592K, used 0K [0x00000000dc900000, 0x00000000ed000000, 0x0000000100000000)
  eden space 160768K, 0% used [0x00000000dc900000,0x00000000dc900000,0x00000000e6600000)
  from space 13824K, 0% used [0x00000000e6600000,0x00000000e6600000,0x00000000e7380000)
  to   space 13824K, 0% used [0x00000000ec280000,0x00000000ec280000,0x00000000ed000000)
 ParOldGen       total 68608K, used 16654K [0x0000000095a00000, 0x0000000099d00000, 0x00000000dc900000)
  object space 68608K, 24% used [0x0000000095a00000,0x0000000096a43ab0,0x0000000099d00000)
 Metaspace       used 33770K, capacity 35254K, committed 35496K, reserved 1081344K
  class space    used 4286K, capacity 4550K, committed 4656K, reserved 1048576K
}
Event: 13,428 GC heap before
{Heap before GC invocations=12 (full 2):
 PSYoungGen      total 174592K, used 160768K [0x00000000dc900000, 0x00000000ed000000, 0x0000000100000000)
  eden space 160768K, 100% used [0x00000000dc900000,0x00000000e6600000,0x00000000e6600000)
  from space 13824K, 0% used [0x00000000e6600000,0x00000000e6600000,0x00000000e7380000)
  to   space 13824K, 0% used [0x00000000ec280000,0x00000000ec280000,0x00000000ed000000)
 ParOldGen       total 68608K, used 16654K [0x0000000095a00000, 0x0000000099d00000, 0x00000000dc900000)
  object space 68608K, 24% used [0x0000000095a00000,0x0000000096a43ab0,0x0000000099d00000)
 Metaspace       used 44698K, capacity 46336K, committed 46640K, reserved 1089536K
  class space    used 5790K, capacity 6097K, committed 6192K, reserved 1048576K
Event: 13,449 GC heap after
Heap after GC invocations=12 (full 2):
 PSYoungGen      total 231424K, used 12114K [0x00000000dc900000, 0x00000000ece80000, 0x0000000100000000)
  eden space 219136K, 0% used [0x00000000dc900000,0x00000000dc900000,0x00000000e9f00000)
  from space 12288K, 98% used [0x00000000ec280000,0x00000000ece54a78,0x00000000ece80000)
  to   space 15360K, 0% used [0x00000000eb080000,0x00000000eb080000,0x00000000ebf80000)
 ParOldGen       total 68608K, used 16662K [0x0000000095a00000, 0x0000000099d00000, 0x00000000dc900000)
  object space 68608K, 24% used [0x0000000095a00000,0x0000000096a45ab0,0x0000000099d00000)
 Metaspace       used 44698K, capacity 46336K, committed 46640K, reserved 1089536K
  class space    used 5790K, capacity 6097K, committed 6192K, reserved 1048576K
}

Deoptimization events (10 events):
Event: 14,468 Thread 0x00007ff338007000 Uncommon trap: reason=unstable_if action=reinterpret pc=0x00007ff37d045854 method=org.springframework.util.ConcurrentReferenceHashMap$Segment.findInChain(Lorg/springframework/util/ConcurrentReferenceHashMap$Reference;Ljava/lang/Object;I)Lorg/springframewo
Event: 14,660 Thread 0x00007ff338007000 Uncommon trap: reason=class_check action=maybe_recompile pc=0x00007ff37d2dbb7c method=org.springframework.beans.factory.support.AbstractBeanFactory.isTypeMatch(Ljava/lang/String;Lorg/springframework/core/ResolvableType;)Z @ 47
Event: 14,660 Thread 0x00007ff338007000 Uncommon trap: reason=class_check action=maybe_recompile pc=0x00007ff37d2dbb7c method=org.springframework.beans.factory.support.AbstractBeanFactory.isTypeMatch(Ljava/lang/String;Lorg/springframework/core/ResolvableType;)Z @ 47
Event: 14,813 Thread 0x00007ff338007000 Uncommon trap: reason=unstable_if action=reinterpret pc=0x00007ff37d215bb8 method=org.springframework.boot.context.properties.source.ConfigurationPropertyName.elementEquals(Ljava/lang/CharSequence;Ljava/lang/CharSequence;)Z @ 203
Event: 15,080 Thread 0x00007ff338007000 Uncommon trap: reason=unstable_if action=reinterpret pc=0x00007ff37d395c00 method=java.util.concurrent.ConcurrentHashMap.putVal(Ljava/lang/Object;Ljava/lang/Object;Z)Ljava/lang/Object; @ 331
Event: 15,082 Thread 0x00007ff338007000 Uncommon trap: reason=unstable_if action=reinterpret pc=0x00007ff37c9a4e04 method=java.util.concurrent.ConcurrentHashMap.get(Ljava/lang/Object;)Ljava/lang/Object; @ 86
Event: 15,450 Thread 0x00007ff338007000 Uncommon trap: reason=unstable_if action=reinterpret pc=0x00007ff37cbf6650 method=java.util.concurrent.ConcurrentHashMap.transfer([Ljava/util/concurrent/ConcurrentHashMap$Node;[Ljava/util/concurrent/ConcurrentHashMap$Node;)V @ 356
Event: 15,450 Thread 0x00007ff338007000 Uncommon trap: reason=unstable_if action=reinterpret pc=0x00007ff37cbdfe80 method=java.util.concurrent.ConcurrentHashMap.transfer([Ljava/util/concurrent/ConcurrentHashMap$Node;[Ljava/util/concurrent/ConcurrentHashMap$Node;)V @ 356
Event: 16,146 Thread 0x00007ff338007000 Uncommon trap: reason=unstable_if action=reinterpret pc=0x00007ff37d2d76cc method=java.lang.Class$MethodArray.addIfNotPresent(Ljava/lang/reflect/Method;)V @ 19
Event: 16,158 Thread 0x0000000002ef4800 Uncommon trap: reason=unstable_if action=reinterpret pc=0x00007ff37d4379ac method=java.net.URLStreamHandler.parseURL(Ljava/net/URL;Ljava/lang/String;II)V @ 57

Classes redefined (0 events):
No events

Internal exceptions (10 events):
Event: 16,086 Thread 0x00007ff338007000 Exception <a 'java/lang/ClassNotFoundException': org/springframework/boot/devtools/livereload/LiveReloadServerCustomizer> (0x00000000e7ac1188) thrown at [/HUDSON/workspace/8-2-build-linux-amd64/jdk8u181/11358/hotspot/src/share/vm/classfile/systemDictionar
Event: 16,088 Thread 0x00007ff338007000 Exception <a 'java/lang/ClassNotFoundException': java/lang/ObjectCustomizer> (0x00000000e7ad5928) thrown at [/HUDSON/workspace/8-2-build-linux-amd64/jdk8u181/11358/hotspot/src/share/vm/classfile/systemDictionary.cpp, line 210]
Event: 16,089 Thread 0x00007ff338007000 Exception <a 'java/lang/ClassNotFoundException': org/springframework/boot/devtools/autoconfigure/OptionalLiveReloadServerCustomizer> (0x00000000e7af3ba0) thrown at [/HUDSON/workspace/8-2-build-linux-amd64/jdk8u181/11358/hotspot/src/share/vm/classfile/syst
Event: 16,089 Thread 0x00007ff338007000 Exception <a 'java/lang/ClassNotFoundException': org/springframework/beans/factory/InitializingBeanCustomizer> (0x00000000e7b0c488) thrown at [/HUDSON/workspace/8-2-build-linux-amd64/jdk8u181/11358/hotspot/src/share/vm/classfile/systemDictionary.cpp, line
Event: 16,094 Thread 0x00007ff338007000 Exception <a 'java/lang/ClassNotFoundException': java/lang/ObjectCustomizer> (0x00000000e7b2fd68) thrown at [/HUDSON/workspace/8-2-build-linux-amd64/jdk8u181/11358/hotspot/src/share/vm/classfile/systemDictionary.cpp, line 210]
Event: 16,095 Thread 0x00007ff338007000 Exception <a 'java/lang/ClassNotFoundException': org/springframework/boot/devtools/autoconfigure/LocalDevToolsAutoConfiguration$LiveReloadServerEventListenerCustomizer> (0x00000000e7b56ac8) thrown at [/HUDSON/workspace/8-2-build-linux-amd64/jdk8u181/11358
Event: 16,097 Thread 0x00007ff338007000 Exception <a 'java/lang/ClassNotFoundException': java/lang/ObjectCustomizer> (0x00000000e7b695c0) thrown at [/HUDSON/workspace/8-2-build-linux-amd64/jdk8u181/11358/hotspot/src/share/vm/classfile/systemDictionary.cpp, line 210]
Event: 16,098 Thread 0x00007ff338007000 Exception <a 'java/lang/ClassNotFoundException': org/springframework/boot/devtools/autoconfigure/LocalDevToolsAutoConfigurationCustomizer> (0x00000000e7b89550) thrown at [/HUDSON/workspace/8-2-build-linux-amd64/jdk8u181/11358/hotspot/src/share/vm/classfil
Event: 16,098 Thread 0x00007ff338007000 Exception <a 'java/lang/ClassNotFoundException': org/springframework/boot/devtools/autoconfigure/LocalDevToolsAutoConfiguration$$EnhancerBySpringCGLIB$$9c7946a9Customizer> (0x00000000e7c89a68) thrown at [/HUDSON/workspace/8-2-build-linux-amd64/jdk8u181/11
Event: 16,099 Thread 0x00007ff338007000 Exception <a 'java/lang/ClassNotFoundException': org/springframework/context/annotation/ConfigurationClassEnhancer$EnhancedConfigurationCustomizer> (0x00000000e7cadbe8) thrown at [/HUDSON/workspace/8-2-build-linux-amd64/jdk8u181/11358/hotspot/src/share/vm

Events (10 events):
Event: 16,156 Thread 0x00007ff38c479800 flushing nmethod 0x00007ff37cd3c410
Event: 16,158 Thread 0x0000000002ef4800 Uncommon trap: trap_request=0xffffff65 fr.pc=0x00007ff37d4379ac
Event: 16,158 Thread 0x0000000002ef4800 DEOPT PACKING pc=0x00007ff37d4379ac sp=0x00007ff33ccfb570
Event: 16,158 Thread 0x0000000002ef4800 DEOPT UNPACKING pc=0x00007ff37c7f147a sp=0x00007ff33ccfb548 mode 2
Event: 16,159 loading class org/springframework/jmx/export/assembler/AutodetectCapableMBeanInfoAssembler
Event: 16,159 loading class org/springframework/jmx/export/assembler/AutodetectCapableMBeanInfoAssembler done
Event: 16,160 loading class org/springframework/jmx/export/annotation/ManagedResource
Event: 16,160 loading class org/springframework/jmx/export/annotation/ManagedResource done
Event: 16,160 Thread 0x00007ff338007000 DEOPT PACKING pc=0x00007ff37d48a790 sp=0x00007ff37610f740
Event: 16,160 Thread 0x00007ff338007000 DEOPT UNPACKING pc=0x00007ff37c7f30c4 sp=0x00007ff37610f400 mode 1


Dynamic libraries:
00400000-00401000 r-xp 00000000 08:01 7873813                            /usr/lib/jvm/java-8-oracle/bin/java
00600000-00601000 rw-p 00000000 08:01 7873813                            /usr/lib/jvm/java-8-oracle/bin/java
02509000-0384f000 rw-p 00000000 00:00 0                                  [heap]
95a00000-99d00000 rw-p 00000000 00:00 0 
99d00000-dc900000 ---p 00000000 00:00 0 
dc900000-ece80000 rw-p 00000000 00:00 0 
ece80000-100000000 ---p 00000000 00:00 0 
100000000-10072c000 rw-p 00000000 00:00 0 
10072c000-140000000 ---p 00000000 00:00 0 
7ff3375fe000-7ff337601000 ---p 00000000 00:00 0 
7ff337601000-7ff3376ff000 rw-p 00000000 00:00 0 
7ff3376ff000-7ff337702000 ---p 00000000 00:00 0 
7ff337702000-7ff337840000 rw-p 00000000 00:00 0 
7ff337840000-7ff337a00000 ---p 00000000 00:00 0 
7ff337a00000-7ff337c00000 rw-p 00000000 00:00 0 
7ff337c00000-7ff337e00000 rw-p 00000000 00:00 0 
7ff337e00000-7ff338000000 rw-p 00000000 00:00 0 
7ff338000000-7ff33835d000 rw-p 00000000 00:00 0 
7ff33835d000-7ff33c000000 ---p 00000000 00:00 0 
7ff33c022000-7ff33c025000 ---p 00000000 00:00 0 
7ff33c025000-7ff33c323000 rw-p 00000000 00:00 0 
7ff33c3fb000-7ff33c5fb000 rw-p 00000000 00:00 0 
7ff33c5fb000-7ff33c7fb000 rw-p 00000000 00:00 0 
7ff33c7fb000-7ff33c7fe000 ---p 00000000 00:00 0 
7ff33c7fe000-7ff33c8fc000 rw-p 00000000 00:00 0 
7ff33c8fc000-7ff33c8ff000 ---p 00000000 00:00 0 
7ff33c8ff000-7ff33cbfd000 rw-p 00000000 00:00 0 
7ff33cbfd000-7ff33cc00000 ---p 00000000 00:00 0 
7ff33cc00000-7ff33ccfe000 rw-p 00000000 00:00 0 
7ff33ccfe000-7ff33cd01000 ---p 00000000 00:00 0 
7ff33cd01000-7ff33cfff000 rw-p 00000000 00:00 0 
7ff33cfff000-7ff340000000 rw-p 00000000 00:00 0 
7ff340000000-7ff340021000 rw-p 00000000 00:00 0 
7ff340021000-7ff344000000 ---p 00000000 00:00 0 
7ff344000000-7ff344021000 rw-p 00000000 00:00 0 
7ff344021000-7ff348000000 ---p 00000000 00:00 0 
7ff348000000-7ff349fca000 rw-p 00000000 00:00 0 
7ff349fca000-7ff34c000000 ---p 00000000 00:00 0 
7ff34c000000-7ff34cc58000 rw-p 00000000 00:00 0 
7ff34cc58000-7ff350000000 ---p 00000000 00:00 0 
7ff350000000-7ff3500bc000 rw-p 00000000 00:00 0 
7ff3500bc000-7ff354000000 ---p 00000000 00:00 0 
7ff354000000-7ff354021000 rw-p 00000000 00:00 0 
7ff354021000-7ff358000000 ---p 00000000 00:00 0 
7ff358000000-7ff358021000 rw-p 00000000 00:00 0 
7ff358021000-7ff35c000000 ---p 00000000 00:00 0 
7ff35c000000-7ff35c021000 rw-p 00000000 00:00 0 
7ff35c021000-7ff360000000 ---p 00000000 00:00 0 
7ff360000000-7ff360021000 rw-p 00000000 00:00 0 
7ff360021000-7ff364000000 ---p 00000000 00:00 0 
7ff364000000-7ff364021000 rw-p 00000000 00:00 0 
7ff364021000-7ff368000000 ---p 00000000 00:00 0 
7ff368000000-7ff368021000 rw-p 00000000 00:00 0 
7ff368021000-7ff36c000000 ---p 00000000 00:00 0 
7ff36c000000-7ff36c021000 rw-p 00000000 00:00 0 
7ff36c021000-7ff370000000 ---p 00000000 00:00 0 
7ff370000000-7ff370037000 rw-p 00000000 00:00 0 
7ff370037000-7ff374000000 ---p 00000000 00:00 0 
7ff37403c000-7ff37403f000 ---p 00000000 00:00 0 
7ff37403f000-7ff37413d000 rw-p 00000000 00:00 0 
7ff37413d000-7ff374140000 r--s 0001a000 08:01 7875545                    /usr/lib/jvm/java-8-oracle/jre/lib/jce.jar
7ff374140000-7ff374340000 rw-p 00000000 00:00 0 
7ff374340000-7ff374345000 r--s 002f9000 08:01 7875311                    /usr/lib/jvm/java-8-oracle/jre/lib/charsets.jar
7ff374345000-7ff37434a000 r--s 0009d000 08:01 7875370                    /usr/lib/jvm/java-8-oracle/jre/lib/jsse.jar
7ff37434a000-7ff37454a000 rw-p 00000000 00:00 0 
7ff37454a000-7ff37474a000 rw-p 00000000 00:00 0 
7ff37474a000-7ff37494a000 rw-p 00000000 00:00 0 
7ff37494a000-7ff374b4a000 rw-p 00000000 00:00 0 
7ff374b4a000-7ff374b4d000 ---p 00000000 00:00 0 
7ff374b4d000-7ff374e4b000 rw-p 00000000 00:00 0 
7ff374e4b000-7ff374e5c000 r-xp 00000000 08:01 7875532                    /usr/lib/jvm/java-8-oracle/jre/lib/amd64/libnio.so
7ff374e5c000-7ff37505b000 ---p 00011000 08:01 7875532                    /usr/lib/jvm/java-8-oracle/jre/lib/amd64/libnio.so
7ff37505b000-7ff37505c000 rw-p 00010000 08:01 7875532                    /usr/lib/jvm/java-8-oracle/jre/lib/amd64/libnio.so
7ff37505c000-7ff37525c000 rw-p 00000000 00:00 0 
7ff37525c000-7ff37545c000 rw-p 00000000 00:00 0 
7ff37545c000-7ff37565c000 rw-p 00000000 00:00 0 
7ff37565c000-7ff375672000 r-xp 00000000 08:01 7875529                    /usr/lib/jvm/java-8-oracle/jre/lib/amd64/libnet.so
7ff375672000-7ff375872000 ---p 00016000 08:01 7875529                    /usr/lib/jvm/java-8-oracle/jre/lib/amd64/libnet.so
7ff375872000-7ff375873000 rw-p 00016000 08:01 7875529                    /usr/lib/jvm/java-8-oracle/jre/lib/amd64/libnet.so
7ff375873000-7ff37587c000 r-xp 00000000 08:01 7875537                    /usr/lib/jvm/java-8-oracle/jre/lib/amd64/libmanagement.so
7ff37587c000-7ff375a7b000 ---p 00009000 08:01 7875537                    /usr/lib/jvm/java-8-oracle/jre/lib/amd64/libmanagement.so
7ff375a7b000-7ff375a7c000 rw-p 00008000 08:01 7875537                    /usr/lib/jvm/java-8-oracle/jre/lib/amd64/libmanagement.so
7ff375a7c000-7ff375b11000 r--s 0110e000 08:01 7875375                    /usr/lib/jvm/java-8-oracle/jre/lib/ext/jfxrt.jar
7ff375b11000-7ff375d11000 rw-p 00000000 00:00 0 
7ff375d11000-7ff375f11000 rw-p 00000000 00:00 0 
7ff375f11000-7ff375f14000 ---p 00000000 00:00 0 
7ff375f14000-7ff376012000 rw-p 00000000 00:00 0 
7ff376012000-7ff376015000 ---p 00000000 00:00 0 
7ff376015000-7ff376113000 rw-p 00000000 00:00 0 
7ff376113000-7ff376116000 ---p 00000000 00:00 0 
7ff376116000-7ff376214000 rw-p 00000000 00:00 0 
7ff376214000-7ff376215000 ---p 00000000 00:00 0 
7ff376215000-7ff376315000 rw-p 00000000 00:00 0 
7ff376315000-7ff376318000 ---p 00000000 00:00 0 
7ff376318000-7ff376416000 rw-p 00000000 00:00 0 
7ff376416000-7ff376417000 ---p 00000000 00:00 0 
7ff376417000-7ff37641a000 ---p 00000000 00:00 0 
7ff37641a000-7ff376517000 rw-p 00000000 00:00 0 
7ff376517000-7ff376518000 ---p 00000000 00:00 0 
7ff376518000-7ff37651b000 ---p 00000000 00:00 0 
7ff37651b000-7ff376618000 rw-p 00000000 00:00 0 
7ff376618000-7ff37661f000 r--s 00064000 08:01 9048332                    /opt/idea-IC-182.3911.36/lib/rt/debugger-agent.jar
7ff37661f000-7ff376621000 r--s 0001a000 08:01 8916763                    /opt/idea-IC-182.3911.36/lib/idea_rt.jar
7ff376621000-7ff37662b000 r--s 000ec000 08:01 2229827                    /home/mozzyr/.m2/repository/mysql/mysql-connector-java/5.1.46/mysql-connector-java-5.1.46.jar
7ff37662b000-7ff37664c000 r--s 000fd000 08:01 2229417                    /home/mozzyr/.m2/repository/org/springframework/boot/spring-boot-autoconfigure/2.0.4.RELEASE/spring-boot-autoconfigure-2.0.4.RELEASE.jar
7ff37664c000-7ff376661000 r--s 000d0000 08:01 2229427                    /home/mozzyr/.m2/repository/org/springframework/boot/spring-boot/2.0.4.RELEASE/spring-boot-2.0.4.RELEASE.jar
7ff376661000-7ff376667000 r--s 0002d000 08:01 2229822                    /home/mozzyr/.m2/repository/org/springframework/boot/spring-boot-devtools/2.0.4.RELEASE/spring-boot-devtools-2.0.4.RELEASE.jar
7ff376667000-7ff376669000 r--s 0000a000 08:01 2229803                    /home/mozzyr/.m2/repository/org/springframework/spring-aspects/5.0.8.RELEASE/spring-aspects-5.0.8.RELEASE.jar
7ff376669000-7ff37666b000 r--s 00009000 08:01 2229428                    /home/mozzyr/.m2/repository/org/slf4j/slf4j-api/1.7.25/slf4j-api-1.7.25.jar
7ff37666b000-7ff376673000 r--s 00037000 08:01 2229795                    /home/mozzyr/.m2/repository/org/springframework/spring-tx/5.0.8.RELEASE/spring-tx-5.0.8.RELEASE.jar
7ff376673000-7ff376677000 r--s 0002b000 08:01 2229817                    /home/mozzyr/.m2/repository/org/springframework/spring-orm/5.0.8.RELEASE/spring-orm-5.0.8.RELEASE.jar
7ff376677000-7ff37668e000 r--s 000f1000 08:01 2229814                    /home/mozzyr/.m2/repository/org/springframework/data/spring-data-commons/2.0.9.RELEASE/spring-data-commons-2.0.9.RELEASE.jar
7ff37668e000-7ff376696000 r--s 0004b000 08:01 2229813                    /home/mozzyr/.m2/repository/org/springframework/data/spring-data-jpa/2.0.9.RELEASE/spring-data-jpa-2.0.9.RELEASE.jar
7ff376696000-7ff376698000 r--s 00006000 08:01 2229794                    /home/mozzyr/.m2/repository/javax/transaction/javax.transaction-api/1.2/javax.transaction-api-1.2.jar
7ff376698000-7ff37669b000 r--s 00010000 08:01 2229808                    /home/mozzyr/.m2/repository/org/hibernate/common/hibernate-commons-annotations/5.0.1.Final/hibernate-commons-annotations-5.0.1.Final.jar
7ff37669b000-7ff3766a0000 r--s 00048000 08:01 2229807                    /home/mozzyr/.m2/repository/dom4j/dom4j/1.6.1/dom4j-1.6.1.jar
7ff3766a0000-7ff3766a3000 r--s 0002b000 08:01 2229806                    /home/mozzyr/.m2/repository/org/jboss/jandex/2.0.3.Final/jandex-2.0.3.Final.jar
7ff3766a3000-7ff3766a8000 r--s 00068000 08:01 2229802                    /home/mozzyr/.m2/repository/antlr/antlr/2.7.7/antlr-2.7.7.jar
7ff3766a8000-7ff3766b2000 r--s 000ab000 08:01 2229800                    /home/mozzyr/.m2/repository/org/javassist/javassist/3.22.0-GA/javassist-3.22.0-GA.jar
7ff3766b2000-7ff3766b7000 r--s 00017000 08:01 2229799                    /home/mozzyr/.m2/repository/org/hibernate/javax/persistence/hibernate-jpa-2.1-api/1.0.2.Final/hibernate-jpa-2.1-api-1.0.2.Final.jar
7ff3766b7000-7ff376735000 r--s 005f0000 08:01 2229796                    /home/mozzyr/.m2/repository/org/hibernate/hibernate-core/5.2.17.Final/hibernate-core-5.2.17.Final.jar
7ff376735000-7ff37673e000 r--s 00059000 08:01 2229818                    /home/mozzyr/.m2/repository/org/springframework/spring-jdbc/5.0.8.RELEASE/spring-jdbc-5.0.8.RELEASE.jar
7ff37673e000-7ff376742000 r--s 00020000 08:01 2229790                    /home/mozzyr/.m2/repository/com/zaxxer/HikariCP/2.7.9/HikariCP-2.7.9.jar
7ff376742000-7ff376743000 r--s 00000000 08:01 2229784                    /home/mozzyr/.m2/repository/org/springframework/boot/spring-boot-starter-jdbc/2.0.4.RELEASE/spring-boot-starter-jdbc-2.0.4.RELEASE.jar
7ff376743000-7ff37675c000 r--s 001bf000 08:01 2229820                    /home/mozzyr/.m2/repository/org/aspectj/aspectjweaver/1.8.13/aspectjweaver-1.8.13.jar
7ff37675c000-7ff37675d000 r--s 00000000 08:01 2229788                    /home/mozzyr/.m2/repository/org/springframework/boot/spring-boot-starter-aop/2.0.4.RELEASE/spring-boot-starter-aop-2.0.4.RELEASE.jar
7ff37675d000-7ff37675e000 r--s 00000000 08:01 2229786                    /home/mozzyr/.m2/repository/org/springframework/boot/spring-boot-starter-data-jpa/2.0.4.RELEASE/spring-boot-starter-data-jpa-2.0.4.RELEASE.jar
7ff37675e000-7ff376763000 r--s 00040000 08:01 2229479                    /home/mozzyr/.m2/repository/org/springframework/spring-expression/5.0.8.RELEASE/spring-expression-5.0.8.RELEASE.jar
7ff376763000-7ff37677d000 r--s 000f1000 08:01 2229472                    /home/mozzyr/.m2/repository/org/springframework/spring-context/5.0.8.RELEASE/spring-context-5.0.8.RELEASE.jar
7ff37677d000-7ff376786000 r--s 00051000 08:01 2229477                    /home/mozzyr/.m2/repository/org/springframework/spring-aop/5.0.8.RELEASE/spring-aop-5.0.8.RELEASE.jar
7ff376786000-7ff376796000 r--s 000b2000 08:01 2229449                    /home/mozzyr/.m2/repository/org/springframework/spring-webmvc/5.0.8.RELEASE/spring-webmvc-5.0.8.RELEASE.jar
7ff376796000-7ff3767a3000 r--s 00095000 08:01 2229413                    /home/mozzyr/.m2/repository/org/springframework/spring-beans/5.0.8.RELEASE/spring-beans-5.0.8.RELEASE.jar
7ff3767a3000-7ff3767bd000 r--s 0011b000 08:01 2229420                    /home/mozzyr/.m2/repository/org/springframework/spring-web/5.0.8.RELEASE/spring-web-5.0.8.RELEASE.jar
7ff3767bd000-7ff3767bf000 r--s 0000e000 08:01 2229471                    /home/mozzyr/.m2/repository/com/fasterxml/classmate/1.3.4/classmate-1.3.4.jar
7ff3767bf000-7ff3767c1000 r--s 0000f000 08:01 2229470                    /home/mozzyr/.m2/repository/org/jboss/logging/jboss-logging/3.3.2.Final/jboss-logging-3.3.2.Final.jar
7ff3767c1000-7ff3767c6000 r--s 00012000 08:01 2229430                    /home/mozzyr/.m2/repository/javax/validation/validation-api/2.0.1.Final/validation-api-2.0.1.Final.jar
7ff3767c6000-7ff3767e3000 r--s 000fe000 08:01 2229459                    /home/mozzyr/.m2/repository/org/hibernate/validator/hibernate-validator/6.0.11.Final/hibernate-validator-6.0.11.Final.jar
7ff3767e3000-7ff3767e8000 r--s 0003a000 08:01 2229465                    /home/mozzyr/.m2/repository/org/apache/tomcat/embed/tomcat-embed-websocket/8.5.32/tomcat-embed-websocket-8.5.32.jar
7ff3767e8000-7ff3767ed000 r--s 00037000 08:01 2229458                    /home/mozzyr/.m2/repository/org/apache/tomcat/embed/tomcat-embed-el/8.5.32/tomcat-embed-el-8.5.32.jar
7ff3767ed000-7ff376816000 r--s 002d3000 08:01 2229463                    /home/mozzyr/.m2/repository/org/apache/tomcat/embed/tomcat-embed-core/8.5.32/tomcat-embed-core-8.5.32.jar
7ff376816000-7ff376817000 r--s 00000000 08:01 2229414                    /home/mozzyr/.m2/repository/org/springframework/boot/spring-boot-starter-tomcat/2.0.4.RELEASE/spring-boot-starter-tomcat-2.0.4.RELEASE.jar
7ff376817000-7ff376819000 r--s 00001000 08:01 2229411                    /home/mozzyr/.m2/repository/com/fasterxml/jackson/module/jackson-module-parameter-names/2.9.6/jackson-module-parameter-names-2.9.6.jar
7ff376819000-7ff37681c000 r--s 00016000 08:01 2229412                    /home/mozzyr/.m2/repository/com/fasterxml/jackson/datatype/jackson-datatype-jsr310/2.9.6/jackson-datatype-jsr310-2.9.6.jar
7ff37681c000-7ff37681e000 r--s 00007000 08:01 2229452                    /home/mozzyr/.m2/repository/com/fasterxml/jackson/datatype/jackson-datatype-jdk8/2.9.6/jackson-datatype-jdk8-2.9.6.jar
7ff37681e000-7ff376823000 r--s 0004b000 08:01 2229453                    /home/mozzyr/.m2/repository/com/fasterxml/jackson/core/jackson-core/2.9.6/jackson-core-2.9.6.jar
7ff376823000-7ff376826000 r--s 0000e000 08:01 2229451                    /home/mozzyr/.m2/repository/com/fasterxml/jackson/core/jackson-annotations/2.9.0/jackson-annotations-2.9.0.jar
7ff376826000-7ff376839000 r--s 00137000 08:01 2229462                    /home/mozzyr/.m2/repository/com/fasterxml/jackson/core/jackson-databind/2.9.6/jackson-databind-2.9.6.jar
7ff376839000-7ff37683a000 r--s 00000000 08:01 2229443                    /home/mozzyr/.m2/repository/org/springframework/boot/spring-boot-starter-json/2.0.4.RELEASE/spring-boot-starter-json-2.0.4.RELEASE.jar
7ff37683a000-7ff376841000 r--s 00042000 08:01 2229433                    /home/mozzyr/.m2/repository/org/yaml/snakeyaml/1.19/snakeyaml-1.19.jar
7ff376841000-7ff376843000 r--s 00004000 08:01 2229441                    /home/mozzyr/.m2/repository/org/springframework/spring-jcl/5.0.8.RELEASE/spring-jcl-5.0.8.RELEASE.jar
7ff376843000-7ff37685b000 r--s 00114000 08:01 2229481                    /home/mozzyr/.m2/repository/org/springframework/spring-core/5.0.8.RELEASE/spring-core-5.0.8.RELEASE.jar
7ff37685b000-7ff37685d000 r--s 00005000 08:01 2229418                    /home/mozzyr/.m2/repository/javax/annotation/javax.annotation-api/1.3.2/javax.annotation-api-1.3.2.jar
7ff37685d000-7ff37685f000 r--s 00000000 08:01 2229435                    /home/mozzyr/.m2/repository/org/slf4j/jul-to-slf4j/1.7.25/jul-to-slf4j-1.7.25.jar
7ff37685f000-7ff376865000 r--s 00039000 08:01 2229434                    /home/mozzyr/.m2/repository/org/apache/logging/log4j/log4j-api/2.10.0/log4j-api-2.10.0.jar
7ff376865000-7ff376878000 r--s 00345000 08:01 7875351                    /usr/lib/jvm/java-8-oracle/jre/lib/resources.jar
7ff376878000-7ff37687b000 ---p 00000000 00:00 0 
7ff37687b000-7ff376979000 rw-p 00000000 00:00 0 
7ff376979000-7ff37697c000 ---p 00000000 00:00 0 
7ff37697c000-7ff376a7a000 rw-p 00000000 00:00 0 
7ff376a7a000-7ff376a7d000 ---p 00000000 00:00 0 
7ff376a7d000-7ff376b7b000 rw-p 00000000 00:00 0 
7ff376b7b000-7ff376b7f000 r-xp 00000000 08:01 7875492                    /usr/lib/jvm/java-8-oracle/jre/lib/amd64/libdt_socket.so
7ff376b7f000-7ff376d7e000 ---p 00004000 08:01 7875492                    /usr/lib/jvm/java-8-oracle/jre/lib/amd64/libdt_socket.so
7ff376d7e000-7ff376d7f000 rw-p 00003000 08:01 7875492                    /usr/lib/jvm/java-8-oracle/jre/lib/amd64/libdt_socket.so
7ff376d7f000-7ff376d82000 ---p 00000000 00:00 0 
7ff376d82000-7ff376e80000 rw-p 00000000 00:00 0 
7ff376e80000-7ff376e83000 ---p 00000000 00:00 0 
7ff376e83000-7ff376f81000 rw-p 00000000 00:00 0 
7ff376f81000-7ff376f84000 ---p 00000000 00:00 0 
7ff376f84000-7ff377082000 rw-p 00000000 00:00 0 
7ff377082000-7ff377083000 ---p 00000000 00:00 0 
7ff377083000-7ff377a8c000 rw-p 00000000 00:00 0 
7ff377a8c000-7ff377c66000 r--s 03d6b000 08:01 7875313                    /usr/lib/jvm/java-8-oracle/jre/lib/rt.jar
7ff377c66000-7ff37bd5f000 rw-p 00000000 00:00 0 
7ff37bd5f000-7ff37bd60000 ---p 00000000 00:00 0 
7ff37bd60000-7ff37be82000 rw-p 00000000 00:00 0 
7ff37be82000-7ff37c098000 ---p 00000000 00:00 0 
7ff37c098000-7ff37c0ba000 rw-p 00000000 00:00 0 
7ff37c0ba000-7ff37c2cf000 ---p 00000000 00:00 0 
7ff37c2cf000-7ff37c353000 rw-p 00000000 00:00 0 
7ff37c353000-7ff37c3eb000 ---p 00000000 00:00 0 
7ff37c3eb000-7ff37c428000 rw-p 00000000 00:00 0 
7ff37c428000-7ff37c7ac000 ---p 00000000 00:00 0 
7ff37c7ac000-7ff37d67c000 rwxp 00000000 00:00 0 
7ff37d67c000-7ff38b7ac000 ---p 00000000 00:00 0 
7ff38b7ac000-7ff38b7c7000 r-xp 00000000 08:01 7875525                    /usr/lib/jvm/java-8-oracle/jre/lib/amd64/libzip.so
7ff38b7c7000-7ff38b9c7000 ---p 0001b000 08:01 7875525                    /usr/lib/jvm/java-8-oracle/jre/lib/amd64/libzip.so
7ff38b9c7000-7ff38b9c8000 rw-p 0001b000 08:01 7875525                    /usr/lib/jvm/java-8-oracle/jre/lib/amd64/libzip.so
7ff38b9c8000-7ff38b9d3000 r-xp 00000000 08:01 7607004                    /lib/x86_64-linux-gnu/libnss_files-2.27.so
7ff38b9d3000-7ff38bbd2000 ---p 0000b000 08:01 7607004                    /lib/x86_64-linux-gnu/libnss_files-2.27.so
7ff38bbd2000-7ff38bbd3000 r--p 0000a000 08:01 7607004                    /lib/x86_64-linux-gnu/libnss_files-2.27.so
7ff38bbd3000-7ff38bbd4000 rw-p 0000b000 08:01 7607004                    /lib/x86_64-linux-gnu/libnss_files-2.27.so
7ff38bbd4000-7ff38bbda000 rw-p 00000000 00:00 0 
7ff38bbda000-7ff38bbf1000 r-xp 00000000 08:01 7606998                    /lib/x86_64-linux-gnu/libnsl-2.27.so
7ff38bbf1000-7ff38bdf0000 ---p 00017000 08:01 7606998                    /lib/x86_64-linux-gnu/libnsl-2.27.so
7ff38bdf0000-7ff38bdf1000 r--p 00016000 08:01 7606998                    /lib/x86_64-linux-gnu/libnsl-2.27.so
7ff38bdf1000-7ff38bdf2000 rw-p 00017000 08:01 7606998                    /lib/x86_64-linux-gnu/libnsl-2.27.so
7ff38bdf2000-7ff38bdf4000 rw-p 00000000 00:00 0 
7ff38bdf4000-7ff38bdff000 r-xp 00000000 08:01 7607015                    /lib/x86_64-linux-gnu/libnss_nis-2.27.so
7ff38bdff000-7ff38bffe000 ---p 0000b000 08:01 7607015                    /lib/x86_64-linux-gnu/libnss_nis-2.27.so
7ff38bffe000-7ff38bfff000 r--p 0000a000 08:01 7607015                    /lib/x86_64-linux-gnu/libnss_nis-2.27.so
7ff38bfff000-7ff38c000000 rw-p 0000b000 08:01 7607015                    /lib/x86_64-linux-gnu/libnss_nis-2.27.so
7ff38c000000-7ff38c820000 rw-p 00000000 00:00 0 
7ff38c820000-7ff390000000 ---p 00000000 00:00 0 
7ff390000000-7ff39000b000 r--s 00069000 08:01 2229425                    /home/mozzyr/.m2/repository/ch/qos/logback/logback-core/1.2.3/logback-core-1.2.3.jar
7ff39000b000-7ff390011000 r--s 00041000 08:01 2229423                    /home/mozzyr/.m2/repository/ch/qos/logback/logback-classic/1.2.3/logback-classic-1.2.3.jar
7ff390011000-7ff390024000 r--s 000d6000 08:01 7875255                    /usr/lib/jvm/java-8-oracle/jre/lib/plugin.jar
7ff390024000-7ff390040000 r--s 0020b000 08:01 7875231                    /usr/lib/jvm/java-8-oracle/jre/lib/deploy.jar
7ff390040000-7ff390041000 ---p 00000000 00:00 0 
7ff390041000-7ff390141000 rw-p 00000000 00:00 0 
7ff390141000-7ff390149000 r-xp 00000000 08:01 7607000                    /lib/x86_64-linux-gnu/libnss_compat-2.27.so
7ff390149000-7ff390349000 ---p 00008000 08:01 7607000                    /lib/x86_64-linux-gnu/libnss_compat-2.27.so
7ff390349000-7ff39034a000 r--p 00008000 08:01 7607000                    /lib/x86_64-linux-gnu/libnss_compat-2.27.so
7ff39034a000-7ff39034b000 rw-p 00009000 08:01 7607000                    /lib/x86_64-linux-gnu/libnss_compat-2.27.so
7ff39034b000-7ff390355000 r-xp 00000000 08:01 7875534                    /usr/lib/jvm/java-8-oracle/jre/lib/amd64/libinstrument.so
7ff390355000-7ff390554000 ---p 0000a000 08:01 7875534                    /usr/lib/jvm/java-8-oracle/jre/lib/amd64/libinstrument.so
7ff390554000-7ff390555000 rw-p 00009000 08:01 7875534                    /usr/lib/jvm/java-8-oracle/jre/lib/amd64/libinstrument.so
7ff390555000-7ff390834000 r--p 00000000 08:01 7870085                    /usr/lib/locale/locale-archive
7ff390834000-7ff390836000 r-xp 00000000 08:01 7875494                    /usr/lib/jvm/java-8-oracle/jre/lib/amd64/libnpt.so
7ff390836000-7ff390a36000 ---p 00002000 08:01 7875494                    /usr/lib/jvm/java-8-oracle/jre/lib/amd64/libnpt.so
7ff390a36000-7ff390a37000 rw-p 00002000 08:01 7875494                    /usr/lib/jvm/java-8-oracle/jre/lib/amd64/libnpt.so
7ff390a37000-7ff390a71000 r-xp 00000000 08:01 7875512                    /usr/lib/jvm/java-8-oracle/jre/lib/amd64/libjdwp.so
7ff390a71000-7ff390c70000 ---p 0003a000 08:01 7875512                    /usr/lib/jvm/java-8-oracle/jre/lib/amd64/libjdwp.so
7ff390c70000-7ff390c71000 rw-p 00039000 08:01 7875512                    /usr/lib/jvm/java-8-oracle/jre/lib/amd64/libjdwp.so
7ff390c71000-7ff390c72000 rw-p 00000000 00:00 0 
7ff390c72000-7ff390c9d000 r-xp 00000000 08:01 7875519                    /usr/lib/jvm/java-8-oracle/jre/lib/amd64/libjava.so
7ff390c9d000-7ff390e9c000 ---p 0002b000 08:01 7875519                    /usr/lib/jvm/java-8-oracle/jre/lib/amd64/libjava.so
7ff390e9c000-7ff390e9e000 rw-p 0002a000 08:01 7875519                    /usr/lib/jvm/java-8-oracle/jre/lib/amd64/libjava.so
7ff390e9e000-7ff390eab000 r-xp 00000000 08:01 7875524                    /usr/lib/jvm/java-8-oracle/jre/lib/amd64/libverify.so
7ff390eab000-7ff3910ab000 ---p 0000d000 08:01 7875524                    /usr/lib/jvm/java-8-oracle/jre/lib/amd64/libverify.so
7ff3910ab000-7ff3910ad000 rw-p 0000d000 08:01 7875524                    /usr/lib/jvm/java-8-oracle/jre/lib/amd64/libverify.so
7ff3910ad000-7ff3910b4000 r-xp 00000000 08:01 7607055                    /lib/x86_64-linux-gnu/librt-2.27.so
7ff3910b4000-7ff3912b3000 ---p 00007000 08:01 7607055                    /lib/x86_64-linux-gnu/librt-2.27.so
7ff3912b3000-7ff3912b4000 r--p 00006000 08:01 7607055                    /lib/x86_64-linux-gnu/librt-2.27.so
7ff3912b4000-7ff3912b5000 rw-p 00007000 08:01 7607055                    /lib/x86_64-linux-gnu/librt-2.27.so
7ff3912b5000-7ff391452000 r-xp 00000000 08:01 7606977                    /lib/x86_64-linux-gnu/libm-2.27.so
7ff391452000-7ff391651000 ---p 0019d000 08:01 7606977                    /lib/x86_64-linux-gnu/libm-2.27.so
7ff391651000-7ff391652000 r--p 0019c000 08:01 7606977                    /lib/x86_64-linux-gnu/libm-2.27.so
7ff391652000-7ff391653000 rw-p 0019d000 08:01 7606977                    /lib/x86_64-linux-gnu/libm-2.27.so
7ff391653000-7ff39232f000 r-xp 00000000 08:01 7875501                    /usr/lib/jvm/java-8-oracle/jre/lib/amd64/server/libjvm.so
7ff39232f000-7ff39252f000 ---p 00cdc000 08:01 7875501                    /usr/lib/jvm/java-8-oracle/jre/lib/amd64/server/libjvm.so
7ff39252f000-7ff392609000 rw-p 00cdc000 08:01 7875501                    /usr/lib/jvm/java-8-oracle/jre/lib/amd64/server/libjvm.so
7ff392609000-7ff392654000 rw-p 00000000 00:00 0 
7ff392654000-7ff39283b000 r-xp 00000000 08:01 7606914                    /lib/x86_64-linux-gnu/libc-2.27.so
7ff39283b000-7ff392a3b000 ---p 001e7000 08:01 7606914                    /lib/x86_64-linux-gnu/libc-2.27.so
7ff392a3b000-7ff392a3f000 r--p 001e7000 08:01 7606914                    /lib/x86_64-linux-gnu/libc-2.27.so
7ff392a3f000-7ff392a41000 rw-p 001eb000 08:01 7606914                    /lib/x86_64-linux-gnu/libc-2.27.so
7ff392a41000-7ff392a45000 rw-p 00000000 00:00 0 
7ff392a45000-7ff392a48000 r-xp 00000000 08:01 7606937                    /lib/x86_64-linux-gnu/libdl-2.27.so
7ff392a48000-7ff392c47000 ---p 00003000 08:01 7606937                    /lib/x86_64-linux-gnu/libdl-2.27.so
7ff392c47000-7ff392c48000 r--p 00002000 08:01 7606937                    /lib/x86_64-linux-gnu/libdl-2.27.so
7ff392c48000-7ff392c49000 rw-p 00003000 08:01 7606937                    /lib/x86_64-linux-gnu/libdl-2.27.so
7ff392c49000-7ff392c5f000 r-xp 00000000 08:01 7875175                    /usr/lib/jvm/java-8-oracle/lib/amd64/jli/libjli.so
7ff392c5f000-7ff392e5e000 ---p 00016000 08:01 7875175                    /usr/lib/jvm/java-8-oracle/lib/amd64/jli/libjli.so
7ff392e5e000-7ff392e5f000 rw-p 00015000 08:01 7875175                    /usr/lib/jvm/java-8-oracle/lib/amd64/jli/libjli.so
7ff392e5f000-7ff392e79000 r-xp 00000000 08:01 7607047                    /lib/x86_64-linux-gnu/libpthread-2.27.so
7ff392e79000-7ff393078000 ---p 0001a000 08:01 7607047                    /lib/x86_64-linux-gnu/libpthread-2.27.so
7ff393078000-7ff393079000 r--p 00019000 08:01 7607047                    /lib/x86_64-linux-gnu/libpthread-2.27.so
7ff393079000-7ff39307a000 rw-p 0001a000 08:01 7607047                    /lib/x86_64-linux-gnu/libpthread-2.27.so
7ff39307a000-7ff39307e000 rw-p 00000000 00:00 0 
7ff39307e000-7ff3930a5000 r-xp 00000000 08:01 7606886                    /lib/x86_64-linux-gnu/ld-2.27.so
7ff3930a5000-7ff3930a7000 r--s 00003000 08:01 2229429                    /home/mozzyr/.m2/repository/org/apache/logging/log4j/log4j-to-slf4j/2.10.0/log4j-to-slf4j-2.10.0.jar
7ff3930a7000-7ff3930a8000 r--s 00000000 08:01 2229419                    /home/mozzyr/.m2/repository/org/springframework/boot/spring-boot-starter-logging/2.0.4.RELEASE/spring-boot-starter-logging-2.0.4.RELEASE.jar
7ff3930a8000-7ff3930a9000 r--s 00000000 08:01 2229446                    /home/mozzyr/.m2/repository/org/springframework/boot/spring-boot-starter/2.0.4.RELEASE/spring-boot-starter-2.0.4.RELEASE.jar
7ff3930a9000-7ff3930aa000 r--s 00000000 08:01 2229407                    /home/mozzyr/.m2/repository/org/springframework/boot/spring-boot-starter-web/2.0.4.RELEASE/spring-boot-starter-web-2.0.4.RELEASE.jar
7ff3930aa000-7ff3930ab000 r--s 00000000 08:01 7875237                    /usr/lib/jvm/java-8-oracle/jre/lib/management-agent.jar
7ff3930ab000-7ff3930b0000 r--s 0009d000 08:01 7875370                    /usr/lib/jvm/java-8-oracle/jre/lib/jsse.jar
7ff3930b0000-7ff3930b2000 r--s 00007000 08:01 7875547                    /usr/lib/jvm/java-8-oracle/jre/lib/jfxswt.jar
7ff3930b2000-7ff3930bb000 r--s 0006d000 08:01 7875240                    /usr/lib/jvm/java-8-oracle/jre/lib/javaws.jar
7ff3930bb000-7ff393187000 rw-p 00000000 00:00 0 
7ff393187000-7ff393188000 ---p 00000000 00:00 0 
7ff393188000-7ff39318b000 ---p 00000000 00:00 0 
7ff39318b000-7ff39328c000 rw-p 00000000 00:00 0 
7ff39328c000-7ff393291000 r--s 00084000 08:01 7875230                    /usr/lib/jvm/java-8-oracle/jre/lib/jfr.jar
7ff393291000-7ff393294000 r--s 0001a000 08:01 7875545                    /usr/lib/jvm/java-8-oracle/jre/lib/jce.jar
7ff393294000-7ff393299000 r--s 002f9000 08:01 7875311                    /usr/lib/jvm/java-8-oracle/jre/lib/charsets.jar
7ff393299000-7ff39329b000 r--s 00001000 08:01 9048331                    /opt/idea-IC-182.3911.36/lib/rt/debugger-agent-storage.jar
7ff39329b000-7ff3932a3000 rw-s 00000000 08:01 924881                     /tmp/hsperfdata_mozzyr/1857
7ff3932a3000-7ff3932a4000 rw-p 00000000 00:00 0 
7ff3932a4000-7ff3932a5000 r--p 00000000 00:00 0 
7ff3932a5000-7ff3932a6000 r--p 00027000 08:01 7606886                    /lib/x86_64-linux-gnu/ld-2.27.so
7ff3932a6000-7ff3932a7000 rw-p 00028000 08:01 7606886                    /lib/x86_64-linux-gnu/ld-2.27.so
7ff3932a7000-7ff3932a8000 rw-p 00000000 00:00 0 
7ffe31116000-7ffe31139000 rw-p 00000000 00:00 0                          [stack]
7ffe3118c000-7ffe3118f000 r--p 00000000 00:00 0                          [vvar]
7ffe3118f000-7ffe31191000 r-xp 00000000 00:00 0                          [vdso]
ffffffffff600000-ffffffffff601000 r-xp 00000000 00:00 0                  [vsyscall]

VM Arguments:
jvm_args: -agentlib:jdwp=transport=dt_socket,address=127.0.0.1:41191,suspend=y,server=n -javaagent:/opt/idea-IC-182.3911.36/lib/rt/debugger-agent.jar=file:/tmp/capture.props -Dfile.encoding=UTF-8 
java_command: com.teste.clientapp.ApplicationStart
java_class_path (initial): /usr/lib/jvm/java-8-oracle/jre/lib/charsets.jar:/usr/lib/jvm/java-8-oracle/jre/lib/deploy.jar:/usr/lib/jvm/java-8-oracle/jre/lib/ext/cldrdata.jar:/usr/lib/jvm/java-8-oracle/jre/lib/ext/dnsns.jar:/usr/lib/jvm/java-8-oracle/jre/lib/ext/jaccess.jar:/usr/lib/jvm/java-8-oracle/jre/lib/ext/jfxrt.jar:/usr/lib/jvm/java-8-oracle/jre/lib/ext/localedata.jar:/usr/lib/jvm/java-8-oracle/jre/lib/ext/nashorn.jar:/usr/lib/jvm/java-8-oracle/jre/lib/ext/sunec.jar:/usr/lib/jvm/java-8-oracle/jre/lib/ext/sunjce_provider.jar:/usr/lib/jvm/java-8-oracle/jre/lib/ext/sunpkcs11.jar:/usr/lib/jvm/java-8-oracle/jre/lib/ext/zipfs.jar:/usr/lib/jvm/java-8-oracle/jre/lib/javaws.jar:/usr/lib/jvm/java-8-oracle/jre/lib/jce.jar:/usr/lib/jvm/java-8-oracle/jre/lib/jfr.jar:/usr/lib/jvm/java-8-oracle/jre/lib/jfxswt.jar:/usr/lib/jvm/java-8-oracle/jre/lib/jsse.jar:/usr/lib/jvm/java-8-oracle/jre/lib/management-agent.jar:/usr/lib/jvm/java-8-oracle/jre/lib/plugin.jar:/usr/lib/jvm/java-8-oracle/jre/lib/resources.jar:/usr/lib/jvm/java-8-oracle/jre/lib/rt.jar:/home/mozzyr/Documents/notes/client-app/target/classes:/home/mozzyr/.m2/repository/org/springframework/boot/spring-boot-starter-web/2.0.4.RELEASE/spring-boot-starter-web-2.0.4.RELEASE.jar:/home/mozzyr/.m2/repository/org/springframework/boot/spring-boot-starter/2.0.4.RELEASE/spring-boot-starter-2.0.4.RELEASE.jar:/home/mozzyr/.m2/repository/org/springframework/boot/spring-boot-starter-logging/2.0.4.RELEASE/spring-boot-starter-logging-2.0.4.RELEASE.jar:/home/mozzyr/.m2/repository/ch/qos/logback/logback-classic/1.2.3/logback-classic-1.2.3.jar:/home/mozzyr/.m2/repository/ch/qos/logback/logback-core/1.2.3/logback-core-1.2.3.jar:/home/mozzyr/.m2/repository/org/apache/logging/log4j/log4j-to-slf4j/2.10.0/log4j-to-slf4j-2.10.0.jar:/home/mozzyr/.m2/repository/org/apache/logging/log4j/log4j-api/2.10.0/log4j-api-2.10.0.jar:/home/mozzyr/.m2/repository/org/slf4j/jul-to-slf4j/1.7.25/jul-to-slf4j-1.7.25.jar:/home/mozzyr/.m2/repository/javax/annotati
Launcher Type: SUN_STANDARD

Environment Variables:
PATH=/usr/local/sbin:/usr/local/bin:/usr/sbin:/usr/bin:/sbin:/bin:/usr/games:/usr/local/games
SHELL=/bin/bash
DISPLAY=:0

Signal Handlers:
SIGSEGV: [libjvm.so+0xad2a40], sa_mask[0]=11111111011111111101111111111110, sa_flags=SA_RESTART|SA_SIGINFO
SIGBUS: [libjvm.so+0xad2a40], sa_mask[0]=11111111011111111101111111111110, sa_flags=SA_RESTART|SA_SIGINFO
SIGFPE: [libjvm.so+0x92a610], sa_mask[0]=11111111011111111101111111111110, sa_flags=SA_RESTART|SA_SIGINFO
SIGPIPE: [libjvm.so+0x92a610], sa_mask[0]=11111111011111111101111111111110, sa_flags=SA_RESTART|SA_SIGINFO
SIGXFSZ: [libjvm.so+0x92a610], sa_mask[0]=11111111011111111101111111111110, sa_flags=SA_RESTART|SA_SIGINFO
SIGILL: [libjvm.so+0x92a610], sa_mask[0]=11111111011111111101111111111110, sa_flags=SA_RESTART|SA_SIGINFO
SIGUSR1: SIG_DFL, sa_mask[0]=00000000000000000000000000000000, sa_flags=none
SIGUSR2: [libjvm.so+0x92be70], sa_mask[0]=00100000000000000000000000000000, sa_flags=SA_RESTART|SA_SIGINFO
SIGHUP: [libjvm.so+0x92d270], sa_mask[0]=11111111011111111101111111111110, sa_flags=SA_RESTART|SA_SIGINFO
SIGINT: [libjvm.so+0x92d270], sa_mask[0]=11111111011111111101111111111110, sa_flags=SA_RESTART|SA_SIGINFO
SIGTERM: [libjvm.so+0x92d270], sa_mask[0]=11111111011111111101111111111110, sa_flags=SA_RESTART|SA_SIGINFO
SIGQUIT: [libjvm.so+0x92d270], sa_mask[0]=11111111011111111101111111111110, sa_flags=SA_RESTART|SA_SIGINFO


---------------  S Y S T E M  ---------------

OS:DISTRIB_ID=LinuxMint
DISTRIB_RELEASE=19
DISTRIB_CODENAME=tara
DISTRIB_DESCRIPTION="Linux Mint 19 Tara"

uname:Linux 4.15.0-20-generic #21-Ubuntu SMP Tue Apr 24 06:16:15 UTC 2018 x86_64
libc:glibc 2.27 NPTL 2.27 
rlimit: STACK 8192k, CORE 0k, NPROC 26980, NOFILE 1048576, AS infinity
load average:2,40 1,48 0,63

/proc/meminfo:
MemTotal:        6969712 kB
MemFree:         3932804 kB
MemAvailable:    4681400 kB
Buffers:           72136 kB
Cached:           954860 kB
SwapCached:            0 kB
Active:          2163412 kB
Inactive:         709836 kB
Active(anon):    1847108 kB
Inactive(anon):    90004 kB
Active(file):     316304 kB
Inactive(file):   619832 kB
Unevictable:           0 kB
Mlocked:               0 kB
SwapTotal:       2097148 kB
SwapFree:        2097148 kB
Dirty:               456 kB
Writeback:             0 kB
AnonPages:       1846216 kB
Mapped:           236300 kB
Shmem:             90864 kB
Slab:              87624 kB
SReclaimable:      58536 kB
SUnreclaim:        29088 kB
KernelStack:        8016 kB
PageTables:        30940 kB
NFS_Unstable:          0 kB
Bounce:                0 kB
WritebackTmp:          0 kB
CommitLimit:     5582004 kB
Committed_AS:    4892024 kB
VmallocTotal:   34359738367 kB
VmallocUsed:           0 kB
VmallocChunk:          0 kB
HardwareCorrupted:     0 kB
AnonHugePages:         0 kB
ShmemHugePages:        0 kB
ShmemPmdMapped:        0 kB
CmaTotal:              0 kB
CmaFree:               0 kB
HugePages_Total:       0
HugePages_Free:        0
HugePages_Rsvd:        0
HugePages_Surp:        0
Hugepagesize:       2048 kB
DirectMap4k:      104444 kB
DirectMap2M:     7067648 kB


CPU:total 2 (initial active 2) (2 cores per cpu, 1 threads per core) family 6 model 23 stepping 10, cmov, cx8, fxsr, mmx, sse, sse2, sse3, ssse3, sse4.1, tsc

/proc/cpuinfo:
processor	: 0
vendor_id	: GenuineIntel
cpu family	: 6
model		: 23
model name	: Intel(R) Core(TM)2 Duo CPU     E8500  @ 3.16GHz
stepping	: 10
microcode	: 0xa07
cpu MHz		: 3158.655
cache size	: 6144 KB
physical id	: 0
siblings	: 2
core id		: 0
cpu cores	: 2
apicid		: 0
initial apicid	: 0
fpu		: yes
fpu_exception	: yes
cpuid level	: 13
wp		: yes
flags		: fpu vme de pse tsc msr pae mce cx8 apic sep mtrr pge mca cmov pat pse36 clflush dts acpi mmx fxsr sse sse2 ss ht tm pbe syscall nx lm constant_tsc arch_perfmon pebs bts rep_good nopl cpuid aperfmperf pni dtes64 monitor ds_cpl vmx smx est tm2 ssse3 cx16 xtpr pdcm sse4_1 xsave lahf_lm pti tpr_shadow vnmi flexpriority dtherm
bugs		: cpu_meltdown spectre_v1 spectre_v2
bogomips	: 6317.31
clflush size	: 64
cache_alignment	: 64
address sizes	: 36 bits physical, 48 bits virtual
power management:

processor	: 1
vendor_id	: GenuineIntel
cpu family	: 6
model		: 23
model name	: Intel(R) Core(TM)2 Duo CPU     E8500  @ 3.16GHz
stepping	: 10
microcode	: 0xa07
cpu MHz		: 3158.655
cache size	: 6144 KB
physical id	: 0
siblings	: 2
core id		: 1
cpu cores	: 2
apicid		: 1
initial apicid	: 1
fpu		: yes
fpu_exception	: yes
cpuid level	: 13
wp		: yes
flags		: fpu vme de pse tsc msr pae mce cx8 apic sep mtrr pge mca cmov pat pse36 clflush dts acpi mmx fxsr sse sse2 ss ht tm pbe syscall nx lm constant_tsc arch_perfmon pebs bts rep_good nopl cpuid aperfmperf pni dtes64 monitor ds_cpl vmx smx est tm2 ssse3 cx16 xtpr pdcm sse4_1 xsave lahf_lm pti tpr_shadow vnmi flexpriority dtherm
bugs		: cpu_meltdown spectre_v1 spectre_v2
bogomips	: 6317.31
clflush size	: 64
cache_alignment	: 64
address sizes	: 36 bits physical, 48 bits virtual
power management:



Memory: 4k page, physical 6969712k(3932804k free), swap 2097148k(2097148k free)

vm_info: Java HotSpot(TM) 64-Bit Server VM (25.181-b13) for linux-amd64 JRE (1.8.0_181-b13), built on Jul  7 2018 00:56:38 by "java_re" with gcc 4.3.0 20080428 (Red Hat 4.3.0-8)

time: Sun Aug 12 18:19:45 2018
elapsed time: 16 seconds (0d 0h 0m 16s)

