#
# A fatal error has been detected by the Java Runtime Environment:
#
#  SIGSEGV (0xb) at pc=0x00007fd202a9df2d, pid=4715, tid=0x00007fd1e6507700
#
# JRE version: Java(TM) SE Runtime Environment (8.0_181-b13) (build 1.8.0_181-b13)
# Java VM: Java HotSpot(TM) 64-Bit Server VM (25.181-b13 mixed mode linux-amd64 compressed oops)
# Problematic frame:
# V  [libjvm.so+0xabaf2d]  ClassVerifier::verify_method(methodHandle, Thread*)+0x1ad
#
# Failed to write core dump. Core dumps have been disabled. To enable core dumping, try "ulimit -c unlimited" before starting Java again
#
# If you would like to submit a bug report, please visit:
#   http://bugreport.java.com/bugreport/crash.jsp
#

---------------  T H R E A D  ---------------

Current thread (0x00007fd1a801c800):  JavaThread "background-preinit" [_thread_in_vm, id=4741, stack(0x00007fd1e6407000,0x00007fd1e6508000)]

siginfo: si_signo: 11 (SIGSEGV), si_code: 1 (SEGV_MAPERR), si_addr: 0x00007fd1e50056e8

Registers:
RAX=0x00007fd1e5004ee0, RBX=0x00007fd1a80014d0, RCX=0x0000000000000002, RDX=0x00000000000000f7
RSP=0x00007fd1e65043e0, RBP=0x00007fd1e6505dd0, RSI=0x0000000000000030, RDI=0x0000000000000007
R8 =0x00007fd1a80014d0, R9 =0x0000000000000007, R10=0x0000000000000006, R11=0x00007fd1e5af6ae8
R12=0x00007fd1e6505ed0, R13=0x00007fd1e5004ee0, R14=0x00007fd1e6505e00, R15=0x00007fd1a801c800
RIP=0x00007fd202a9df2d, EFLAGS=0x0000000000010293, CSGSFS=0x002b000000000033, ERR=0x0000000000000004
  TRAPNO=0x000000000000000e

Top of Stack: (sp=0x00007fd1e65043e0)
0x00007fd1e65043e0:   00007fd1a801c800 00007fd1e6505cd0
0x00007fd1e65043f0:   00007fd1e6505d20 00007fd1a801c800
0x00007fd1e6504400:   00007fd1e6504480 00000001dec7db60
0x00007fd1e6504410:   00000000dec7deb0 0000000000000001
0x00007fd1e6504420:   00007fd1e6504460 0000000000000001
0x00007fd1e6504430:   00007fd1e6505760 00007fd1e6505c70
0x00007fd1e6504440:   00007fd1e6505c80 00007fd1e6505c60
0x00007fd1e6504450:   00007fd1e6505c40 00007fd1e6505c50
0x00007fd1e6504460:   00007fd1e6505d60 00007fd1e6505d20
0x00007fd1e6504470:   00007fd1e6505c30 00007fd1e6504d50
0x00007fd1e6504480:   00007fd1e6504d10 00007fd1e6504cd0
0x00007fd1e6504490:   00007fd1e6504c90 00007fd1e6505ed0
0x00007fd1e65044a0:   00007fd1a8052280 000000000000001d
0x00007fd1e65044b0:   0000000200000009 00007fd1b8370b40
0x00007fd1e65044c0:   00000000dec7cbd0 0000001e00020002
0x00007fd1e65044d0:   00000000dec7cff0 00007fd1ed3eba03
0x00007fd1e65044e0:   00007fd100000072 00007fd100000000
0x00007fd1e65044f0:   0000008200000000 00000039dec7cac0
0x00007fd1e6504500:   00000000dec7ce38 dffff5f0dec7ae90
0x00007fd1e6504510:   00007fd1fc2216c0 00000000000000ab
0x00007fd1e6504520:   00000000ec3cde98 00000000dec7aeb0
0x00007fd1e6504530:   00000000dffff370 00007fd1ed3b073c
0x00007fd1e6504540:   00000000dffff338 00000000dec78d48
0x00007fd1e6504550:   00000000dec7db60 00000000dff06340
0x00007fd1e6504560:   000009380097a004 00000d660000001e
0x00007fd1e6504570:   00000000e0005368 00000000dec7db80
0x00007fd1e6504580:   0000000000000000 00007fd1ec3cde78
0x00007fd1e6504590:   0000000000000023 0000000000000000
0x00007fd1e65045a0:   00000000dec7ff08 00000000dec80c80
0x00007fd1e65045b0:   0000000095a02630 000000000000ef13
0x00007fd1e65045c0:   0000000000000009 0000000095a02630
0x00007fd1e65045d0:   0000000000000000 0000000095a02630 

Instructions: (pc=0x00007fd202a9df2d)
0x00007fd202a9df0d:   00 8d 42 01 48 63 d2 89 03 48 8b 43 18 4c 89 2c
0x00007fd202a9df1d:   d0 49 8b 16 48 8b 42 08 0f b7 50 24 48 8b 40 08
0x00007fd202a9df2d:   48 8b 7c d0 50 e8 a9 19 f3 ff 84 c0 0f 85 d9 00
0x00007fd202a9df3d:   00 00 48 8b bd c8 e6 ff ff 48 8d 35 11 30 0b 00 

Register to memory mapping:

RAX=0x00007fd1e5004ee0 is an unknown value
RBX=0x00007fd1a80014d0 is an unknown value
RCX=0x0000000000000002 is an unknown value
RDX=0x00000000000000f7 is an unknown value
RSP=0x00007fd1e65043e0 is pointing into the stack for thread: 0x00007fd1a801c800
RBP=0x00007fd1e6505dd0 is pointing into the stack for thread: 0x00007fd1a801c800
RSI=0x0000000000000030 is an unknown value
RDI=0x0000000000000007 is an unknown value
R8 =0x00007fd1a80014d0 is an unknown value
R9 =0x0000000000000007 is an unknown value
R10=0x0000000000000006 is an unknown value
R11=0x00007fd1e5af6ae8 is pointing into metadata
R12=0x00007fd1e6505ed0 is pointing into the stack for thread: 0x00007fd1a801c800
R13=0x00007fd1e5004ee0 is an unknown value
R14=0x00007fd1e6505e00 is pointing into the stack for thread: 0x00007fd1a801c800
R15=0x00007fd1a801c800 is a thread


Stack: [0x00007fd1e6407000,0x00007fd1e6508000],  sp=0x00007fd1e65043e0,  free space=1012k
Native frames: (J=compiled Java code, j=interpreted, Vv=VM code, C=native code)
V  [libjvm.so+0xabaf2d]  ClassVerifier::verify_method(methodHandle, Thread*)+0x1ad
V  [libjvm.so+0xac15cb]  ClassVerifier::verify_class(Thread*)+0xcb
V  [libjvm.so+0xac1d15]  Verifier::verify(instanceKlassHandle, Verifier::Mode, bool, Thread*)+0x525
V  [libjvm.so+0x659257]  InstanceKlass::link_class_impl(instanceKlassHandle, bool, Thread*)+0x377
V  [libjvm.so+0x65b90f]  InstanceKlass::initialize_impl(instanceKlassHandle, Thread*)+0x6f
V  [libjvm.so+0x65be01]  InstanceKlass::initialize(Thread*)+0x41
V  [libjvm.so+0x68c10a]  InterpreterRuntime::_new(JavaThread*, ConstantPool*, int)+0x23a
j  com.fasterxml.jackson.databind.ObjectMapper.<init>(Lcom/fasterxml/jackson/core/JsonFactory;Lcom/fasterxml/jackson/databind/ser/DefaultSerializerProvider;Lcom/fasterxml/jackson/databind/deser/DefaultDeserializationContext;)V+152
j  com.fasterxml.jackson.databind.ObjectMapper.<init>()V+4
j  org.springframework.http.converter.json.Jackson2ObjectMapperBuilder.build()Lcom/fasterxml/jackson/databind/ObjectMapper;+75
j  org.springframework.http.converter.json.MappingJackson2HttpMessageConverter.<init>()V+4
j  org.springframework.http.converter.support.AllEncompassingFormHttpMessageConverter.<init>()V+49
j  org.springframework.boot.autoconfigure.BackgroundPreinitializer$MessageConverterInitializer.run()V+4
j  org.springframework.boot.autoconfigure.BackgroundPreinitializer$1.runSafely(Ljava/lang/Runnable;)V+1
j  org.springframework.boot.autoconfigure.BackgroundPreinitializer$1.run()V+33
j  java.lang.Thread.run()V+11
v  ~StubRoutines::call_stub
V  [libjvm.so+0x697a76]  JavaCalls::call_helper(JavaValue*, methodHandle*, JavaCallArguments*, Thread*)+0x1056
V  [libjvm.so+0x697f81]  JavaCalls::call_virtual(JavaValue*, KlassHandle, Symbol*, Symbol*, JavaCallArguments*, Thread*)+0x321
V  [libjvm.so+0x698427]  JavaCalls::call_virtual(JavaValue*, Handle, KlassHandle, Symbol*, Symbol*, Thread*)+0x47
V  [libjvm.so+0x71789e]  thread_entry(JavaThread*, Thread*)+0x7e
V  [libjvm.so+0xa813f3]  JavaThread::thread_main_inner()+0x103
V  [libjvm.so+0xa8153c]  JavaThread::run()+0x11c
V  [libjvm.so+0x930198]  java_start(Thread*)+0x108
C  [libpthread.so.0+0x76db]  start_thread+0xdb

Java frames: (J=compiled Java code, j=interpreted, Vv=VM code)
j  com.fasterxml.jackson.databind.ObjectMapper.<init>(Lcom/fasterxml/jackson/core/JsonFactory;Lcom/fasterxml/jackson/databind/ser/DefaultSerializerProvider;Lcom/fasterxml/jackson/databind/deser/DefaultDeserializationContext;)V+152
j  com.fasterxml.jackson.databind.ObjectMapper.<init>()V+4
j  org.springframework.http.converter.json.Jackson2ObjectMapperBuilder.build()Lcom/fasterxml/jackson/databind/ObjectMapper;+75
j  org.springframework.http.converter.json.MappingJackson2HttpMessageConverter.<init>()V+4
j  org.springframework.http.converter.support.AllEncompassingFormHttpMessageConverter.<init>()V+49
j  org.springframework.boot.autoconfigure.BackgroundPreinitializer$MessageConverterInitializer.run()V+4
j  org.springframework.boot.autoconfigure.BackgroundPreinitializer$1.runSafely(Ljava/lang/Runnable;)V+1
j  org.springframework.boot.autoconfigure.BackgroundPreinitializer$1.run()V+33
j  java.lang.Thread.run()V+11
v  ~StubRoutines::call_stub

---------------  P R O C E S S  ---------------

Java Threads: ( => current thread )
=>0x00007fd1a801c800 JavaThread "background-preinit" [_thread_in_vm, id=4741, stack(0x00007fd1e6407000,0x00007fd1e6508000)]
  0x00007fd1b4003000 JavaThread "restartedMain" [_thread_in_vm, id=4738, stack(0x00007fd1e6508000,0x00007fd1e6609000)]
  0x00007fd1fc6a7800 JavaThread "Thread-0" [_thread_blocked, id=4737, stack(0x00007fd1e6609000,0x00007fd1e670a000)]
  0x00007fd1fc454800 JavaThread "Service Thread" daemon [_thread_blocked, id=4733, stack(0x00007fd1e680b000,0x00007fd1e690c000)]
  0x00007fd1fc451000 JavaThread "C1 CompilerThread1" daemon [_thread_blocked, id=4732, stack(0x00007fd1e690d000,0x00007fd1e6a0d000)]
  0x00007fd1fc44f800 JavaThread "C2 CompilerThread0" daemon [_thread_in_native, id=4731, stack(0x00007fd1e6c25000,0x00007fd1e6d25000)]
  0x00007fd1fc44e000 JavaThread "Monitor Ctrl-Break" daemon [_thread_in_native, id=4730, stack(0x00007fd1e6d25000,0x00007fd1e6e26000)]
  0x00007fd1fc140800 JavaThread "Signal Dispatcher" daemon [_thread_blocked, id=4729, stack(0x00007fd1e7014000,0x00007fd1e7115000)]
  0x00007fd1fc10c800 JavaThread "Finalizer" daemon [_thread_blocked, id=4726, stack(0x00007fd1e73f4000,0x00007fd1e74f5000)]
  0x00007fd1fc10a000 JavaThread "Reference Handler" daemon [_thread_blocked, id=4724, stack(0x00007fd1e74f5000,0x00007fd1e75f6000)]
  0x00007fd1fc00f800 JavaThread "main" [_thread_blocked, id=4717, stack(0x00007fd203b18000,0x00007fd203c18000)]

Other Threads:
  0x00007fd1fc100800 VMThread [stack: 0x00007fd1e75f7000,0x00007fd1e76f7000] [id=4722]
  0x00007fd1fc459800 WatcherThread [stack: 0x00007fd1e670b000,0x00007fd1e680b000] [id=4734]

VM state:not at safepoint (normal execution)

VM Mutex/Monitor currently owned by a thread: None

Heap:
 PSYoungGen      total 59904K, used 41583K [0x00000000dc900000, 0x00000000e3e00000, 0x0000000100000000)
  eden space 55296K, 66% used [0x00000000dc900000,0x00000000ded1d5e8,0x00000000dff00000)
  from space 4608K, 99% used [0x00000000dff00000,0x00000000e037e980,0x00000000e0380000)
  to   space 4608K, 0% used [0x00000000e3980000,0x00000000e3980000,0x00000000e3e00000)
 ParOldGen       total 73728K, used 2209K [0x0000000095a00000, 0x000000009a200000, 0x00000000dc900000)
  object space 73728K, 2% used [0x0000000095a00000,0x0000000095c28690,0x000000009a200000)
 Metaspace       used 18552K, capacity 19100K, committed 19200K, reserved 1067008K
  class space    used 2359K, capacity 2532K, committed 2560K, reserved 1048576K

Card table byte_map: [0x00007fd200286000,0x00007fd2005da000] byte_map_base: 0x00007fd1ffdd9000

Marking Bits: (ParMarkBitMap*) 0x00007fd202fb70a0
 Begin Bits: [0x00007fd1dcad0000, 0x00007fd1de568000)
 End Bits:   [0x00007fd1de568000, 0x00007fd1e0000000)

Polling page: 0x00007fd203c34000

CodeCache: size=245760Kb used=4463Kb max_used=4463Kb free=241296Kb
 bounds [0x00007fd1ed000000, 0x00007fd1ed460000, 0x00007fd1fc000000]
 total_blobs=1736 nmethods=1380 adapters=271
 compilation: enabled

Compilation events (10 events):
Event: 3,541 Thread 0x00007fd1fc451000 1377       3       sun.reflect.annotation.AnnotationInvocationHandler::memberValueEquals (266 bytes)
Event: 3,542 Thread 0x00007fd1fc451000 nmethod 1377 0x00007fd1ed450d50 code [0x00007fd1ed451060, 0x00007fd1ed452b88]
Event: 3,546 Thread 0x00007fd1fc451000 1378       3       org.springframework.core.annotation.AnnotatedElementUtils::hasSearchableMetaAnnotations (64 bytes)
Event: 3,547 Thread 0x00007fd1fc451000 nmethod 1378 0x00007fd1ed452fd0 code [0x00007fd1ed453220, 0x00007fd1ed454228]
Event: 3,547 Thread 0x00007fd1fc451000 1379       3       java.util.Arrays$ArrayList::contains (15 bytes)
Event: 3,547 Thread 0x00007fd1fc451000 nmethod 1379 0x00007fd1ed454710 code [0x00007fd1ed454880, 0x00007fd1ed454a68]
Event: 3,562 Thread 0x00007fd1fc451000 1380   !   3       java.net.URL::getURLStreamHandler (313 bytes)
Event: 3,565 Thread 0x00007fd1fc451000 nmethod 1380 0x00007fd1ed454b10 code [0x00007fd1ed455000, 0x00007fd1ed458278]
Event: 3,572 Thread 0x00007fd1fc451000 1381       3       java.util.regex.Matcher::find (69 bytes)
Event: 3,572 Thread 0x00007fd1fc451000 nmethod 1381 0x00007fd1ed45a050 code [0x00007fd1ed45a1e0, 0x00007fd1ed45a568]

GC Heap History (6 events):
Event: 1,626 GC heap before
{Heap before GC invocations=1 (full 0):
 PSYoungGen      total 32256K, used 27648K [0x00000000dc900000, 0x00000000ded00000, 0x0000000100000000)
  eden space 27648K, 100% used [0x00000000dc900000,0x00000000de400000,0x00000000de400000)
  from space 4608K, 0% used [0x00000000de880000,0x00000000de880000,0x00000000ded00000)
  to   space 4608K, 0% used [0x00000000de400000,0x00000000de400000,0x00000000de880000)
 ParOldGen       total 73728K, used 0K [0x0000000095a00000, 0x000000009a200000, 0x00000000dc900000)
  object space 73728K, 0% used [0x0000000095a00000,0x0000000095a00000,0x000000009a200000)
 Metaspace       used 8019K, capacity 8178K, committed 8448K, reserved 1056768K
  class space    used 929K, capacity 1003K, committed 1024K, reserved 1048576K
Event: 1,649 GC heap after
Heap after GC invocations=1 (full 0):
 PSYoungGen      total 32256K, used 4100K [0x00000000dc900000, 0x00000000e0800000, 0x0000000100000000)
  eden space 27648K, 0% used [0x00000000dc900000,0x00000000dc900000,0x00000000de400000)
  from space 4608K, 88% used [0x00000000de400000,0x00000000de8012c8,0x00000000de880000)
  to   space 4608K, 0% used [0x00000000e0380000,0x00000000e0380000,0x00000000e0800000)
 ParOldGen       total 73728K, used 8K [0x0000000095a00000, 0x000000009a200000, 0x00000000dc900000)
  object space 73728K, 0% used [0x0000000095a00000,0x0000000095a02000,0x000000009a200000)
 Metaspace       used 8019K, capacity 8178K, committed 8448K, reserved 1056768K
  class space    used 929K, capacity 1003K, committed 1024K, reserved 1048576K
}
Event: 1,765 GC heap before
{Heap before GC invocations=2 (full 0):
 PSYoungGen      total 32256K, used 31748K [0x00000000dc900000, 0x00000000e0800000, 0x0000000100000000)
  eden space 27648K, 100% used [0x00000000dc900000,0x00000000de400000,0x00000000de400000)
  from space 4608K, 88% used [0x00000000de400000,0x00000000de8012c8,0x00000000de880000)
  to   space 4608K, 0% used [0x00000000e0380000,0x00000000e0380000,0x00000000e0800000)
 ParOldGen       total 73728K, used 8K [0x0000000095a00000, 0x000000009a200000, 0x00000000dc900000)
  object space 73728K, 0% used [0x0000000095a00000,0x0000000095a02000,0x000000009a200000)
 Metaspace       used 8150K, capacity 8354K, committed 8576K, reserved 1056768K
  class space    used 950K, capacity 1039K, committed 1152K, reserved 1048576K
Event: 1,777 GC heap after
Heap after GC invocations=2 (full 0):
 PSYoungGen      total 59904K, used 2100K [0x00000000dc900000, 0x00000000e0800000, 0x0000000100000000)
  eden space 55296K, 0% used [0x00000000dc900000,0x00000000dc900000,0x00000000dff00000)
  from space 4608K, 45% used [0x00000000e0380000,0x00000000e058d2b0,0x00000000e0800000)
  to   space 4608K, 0% used [0x00000000dff00000,0x00000000dff00000,0x00000000e0380000)
 ParOldGen       total 73728K, used 16K [0x0000000095a00000, 0x000000009a200000, 0x00000000dc900000)
  object space 73728K, 0% used [0x0000000095a00000,0x0000000095a04000,0x000000009a200000)
 Metaspace       used 8150K, capacity 8354K, committed 8576K, reserved 1056768K
  class space    used 950K, capacity 1039K, committed 1152K, reserved 1048576K
}
Event: 2,869 GC heap before
{Heap before GC invocations=3 (full 0):
 PSYoungGen      total 59904K, used 57396K [0x00000000dc900000, 0x00000000e0800000, 0x0000000100000000)
  eden space 55296K, 100% used [0x00000000dc900000,0x00000000dff00000,0x00000000dff00000)
  from space 4608K, 45% used [0x00000000e0380000,0x00000000e058d2b0,0x00000000e0800000)
  to   space 4608K, 0% used [0x00000000dff00000,0x00000000dff00000,0x00000000e0380000)
 ParOldGen       total 73728K, used 16K [0x0000000095a00000, 0x000000009a200000, 0x00000000dc900000)
  object space 73728K, 0% used [0x0000000095a00000,0x0000000095a04000,0x000000009a200000)
 Metaspace       used 13891K, capacity 14388K, committed 14592K, reserved 1062912K
  class space    used 1808K, capacity 1948K, committed 2048K, reserved 1048576K
Event: 2,907 GC heap after
Heap after GC invocations=3 (full 0):
 PSYoungGen      total 59904K, used 4602K [0x00000000dc900000, 0x00000000e3e00000, 0x0000000100000000)
  eden space 55296K, 0% used [0x00000000dc900000,0x00000000dc900000,0x00000000dff00000)
  from space 4608K, 99% used [0x00000000dff00000,0x00000000e037e980,0x00000000e0380000)
  to   space 4608K, 0% used [0x00000000e3980000,0x00000000e3980000,0x00000000e3e00000)
 ParOldGen       total 73728K, used 2209K [0x0000000095a00000, 0x000000009a200000, 0x00000000dc900000)
  object space 73728K, 2% used [0x0000000095a00000,0x0000000095c28690,0x000000009a200000)
 Metaspace       used 13891K, capacity 14388K, committed 14592K, reserved 1062912K
  class space    used 1808K, capacity 1948K, committed 2048K, reserved 1048576K
}

Deoptimization events (10 events):
Event: 1,793 Thread 0x00007fd1b4003000 Uncommon trap: reason=class_check action=maybe_recompile pc=0x00007fd1ed197abc method=sun.misc.URLClassPath.getLoader(I)Lsun/misc/URLClassPath$Loader; @ 94
Event: 1,869 Thread 0x00007fd1b4003000 Uncommon trap: reason=unstable_if action=reinterpret pc=0x00007fd1ed1886b0 method=java.lang.String.indexOf([CII[CIII)I @ 3
Event: 1,955 Thread 0x00007fd1a801c800 Uncommon trap: reason=range_check action=make_not_entrant pc=0x00007fd1ed2ec240 method=sun.reflect.generics.parser.SignatureParser.current()C @ 34
Event: 2,190 Thread 0x00007fd1a801c800 Uncommon trap: reason=unstable_if action=reinterpret pc=0x00007fd1ed2a6268 method=java.util.HashMap.getNode(ILjava/lang/Object;)Ljava/util/HashMap$Node; @ 129
Event: 2,191 Thread 0x00007fd1a801c800 Uncommon trap: reason=unstable_if action=reinterpret pc=0x00007fd1ed29c554 method=java.util.HashMap.getNode(ILjava/lang/Object;)Ljava/util/HashMap$Node; @ 129
Event: 2,234 Thread 0x00007fd1a801c800 Uncommon trap: reason=unstable_if action=reinterpret pc=0x00007fd1ed2cf7e0 method=sun.net.www.ParseUtil.encodePath(Ljava/lang/String;Z)Ljava/lang/String; @ 109
Event: 2,342 Thread 0x00007fd1a801c800 Uncommon trap: reason=unstable_if action=reinterpret pc=0x00007fd1ed1b2db4 method=sun.misc.MetaIndex.mayContain(Ljava/lang/String;)Z @ 38
Event: 3,160 Thread 0x00007fd1b4003000 Uncommon trap: reason=class_check action=maybe_recompile pc=0x00007fd1ed3f4308 method=java.util.HashMap.putVal(ILjava/lang/Object;Ljava/lang/Object;ZZ)Ljava/lang/Object; @ 203
Event: 3,305 Thread 0x00007fd1b4003000 Uncommon trap: reason=class_check action=maybe_recompile pc=0x00007fd1ed3f4308 method=java.util.HashMap.putVal(ILjava/lang/Object;Ljava/lang/Object;ZZ)Ljava/lang/Object; @ 203
Event: 3,545 Thread 0x00007fd1b4003000 Uncommon trap: reason=class_check action=maybe_recompile pc=0x00007fd1ed3f4308 method=java.util.HashMap.putVal(ILjava/lang/Object;Ljava/lang/Object;ZZ)Ljava/lang/Object; @ 203

Classes redefined (0 events):
No events

Internal exceptions (10 events):
Event: 2,259 Thread 0x00007fd1b4003000 Exception <a 'java/lang/NoSuchMethodError': java.lang.Object.lambda$static$0(CI)C> (0x00000000ddfb8c98) thrown at [/HUDSON/workspace/8-2-build-linux-amd64/jdk8u181/11358/hotspot/src/share/vm/interpreter/linkResolver.cpp, line 620]
Event: 2,259 Thread 0x00007fd1b4003000 Exception <a 'java/lang/NoSuchMethodError': java.lang.Object.lambda$static$1(CI)C> (0x00000000ddfbb8e8) thrown at [/HUDSON/workspace/8-2-build-linux-amd64/jdk8u181/11358/hotspot/src/share/vm/interpreter/linkResolver.cpp, line 620]
Event: 2,354 Thread 0x00007fd1b4003000 Exception <a 'java/lang/NoSuchMethodError': java.lang.Object.lambda$chars$0()Ljava/util/Spliterator$OfInt;> (0x00000000de3bff20) thrown at [/HUDSON/workspace/8-2-build-linux-amd64/jdk8u181/11358/hotspot/src/share/vm/interpreter/linkResolver.cpp, line 620]
Event: 3,432 Thread 0x00007fd1b4003000 Exception <a 'java/lang/ClassNotFoundException': java/lang/ObjectCustomizer> (0x00000000de3e3b30) thrown at [/HUDSON/workspace/8-2-build-linux-amd64/jdk8u181/11358/hotspot/src/share/vm/classfile/systemDictionary.cpp, line 210]
Event: 3,441 Thread 0x00007fd1b4003000 Exception <a 'java/lang/ClassNotFoundException': org/springframework/context/annotation/ConfigurationClassPostProcessorCustomizer> (0x00000000de51d900) thrown at [/HUDSON/workspace/8-2-build-linux-amd64/jdk8u181/11358/hotspot/src/share/vm/classfile/system
Event: 3,462 Thread 0x00007fd1b4003000 Exception <a 'java/lang/ClassNotFoundException': org/springframework/beans/factory/support/BeanDefinitionRegistryPostProcessorCustomizer> (0x00000000de57cf68) thrown at [/HUDSON/workspace/8-2-build-linux-amd64/jdk8u181/11358/hotspot/src/share/vm/classfile
Event: 3,462 Thread 0x00007fd1b4003000 Exception <a 'java/lang/ClassNotFoundException': org/springframework/core/PriorityOrderedCustomizer> (0x00000000de618200) thrown at [/HUDSON/workspace/8-2-build-linux-amd64/jdk8u181/11358/hotspot/src/share/vm/classfile/systemDictionary.cpp, line 210]
Event: 3,463 Thread 0x00007fd1b4003000 Exception <a 'java/lang/ClassNotFoundException': org/springframework/context/ResourceLoaderAwareCustomizer> (0x00000000de62cee8) thrown at [/HUDSON/workspace/8-2-build-linux-amd64/jdk8u181/11358/hotspot/src/share/vm/classfile/systemDictionary.cpp, line 21
Event: 3,463 Thread 0x00007fd1b4003000 Exception <a 'java/lang/ClassNotFoundException': org/springframework/beans/factory/BeanClassLoaderAwareCustomizer> (0x00000000de644a20) thrown at [/HUDSON/workspace/8-2-build-linux-amd64/jdk8u181/11358/hotspot/src/share/vm/classfile/systemDictionary.cpp, 
Event: 3,463 Thread 0x00007fd1b4003000 Exception <a 'java/lang/ClassNotFoundException': org/springframework/context/EnvironmentAwareCustomizer> (0x00000000de659ed0) thrown at [/HUDSON/workspace/8-2-build-linux-amd64/jdk8u181/11358/hotspot/src/share/vm/classfile/systemDictionary.cpp, line 210]

Events (10 events):
Event: 3,600 loading class com/fasterxml/jackson/core/util/DefaultIndenter
Event: 3,600 loading class com/fasterxml/jackson/core/util/DefaultIndenter done
Event: 3,600 loading class com/fasterxml/jackson/core/util/Separators
Event: 3,600 loading class com/fasterxml/jackson/core/util/Separators done
Event: 3,601 loading class com/fasterxml/jackson/databind/cfg/ContextAttributes
Event: 3,601 loading class com/fasterxml/jackson/databind/cfg/ContextAttributes done
Event: 3,601 loading class com/fasterxml/jackson/databind/cfg/ContextAttributes$Impl
Event: 3,601 loading class com/fasterxml/jackson/databind/cfg/ContextAttributes$Impl done
Event: 3,601 loading class com/fasterxml/jackson/databind/SerializationFeature
Event: 3,601 loading class com/fasterxml/jackson/databind/SerializationFeature done


Dynamic libraries:
00400000-00401000 r-xp 00000000 08:01 7873813                            /usr/lib/jvm/java-8-oracle/bin/java
00600000-00601000 rw-p 00000000 08:01 7873813                            /usr/lib/jvm/java-8-oracle/bin/java
01937000-01958000 rw-p 00000000 00:00 0                                  [heap]
95a00000-9a200000 rw-p 00000000 00:00 0 
9a200000-dc900000 ---p 00000000 00:00 0 
dc900000-e3e00000 rw-p 00000000 00:00 0 
e3e00000-100000000 ---p 00000000 00:00 0 
100000000-100280000 rw-p 00000000 00:00 0 
100280000-140000000 ---p 00000000 00:00 0 
7fd1a8000000-7fd1a819f000 rw-p 00000000 00:00 0 
7fd1a819f000-7fd1ac000000 ---p 00000000 00:00 0 
7fd1ac000000-7fd1ac4ef000 rw-p 00000000 00:00 0 
7fd1ac4ef000-7fd1b0000000 ---p 00000000 00:00 0 
7fd1b0000000-7fd1b0021000 rw-p 00000000 00:00 0 
7fd1b0021000-7fd1b4000000 ---p 00000000 00:00 0 
7fd1b4000000-7fd1b4021000 rw-p 00000000 00:00 0 
7fd1b4021000-7fd1b8000000 ---p 00000000 00:00 0 
7fd1b8000000-7fd1b8475000 rw-p 00000000 00:00 0 
7fd1b8475000-7fd1bc000000 ---p 00000000 00:00 0 
7fd1bc000000-7fd1bc021000 rw-p 00000000 00:00 0 
7fd1bc021000-7fd1c0000000 ---p 00000000 00:00 0 
7fd1c0000000-7fd1c02b5000 rw-p 00000000 00:00 0 
7fd1c02b5000-7fd1c4000000 ---p 00000000 00:00 0 
7fd1c4fff000-7fd1c8000000 rw-p 00000000 00:00 0 
7fd1c8000000-7fd1c8021000 rw-p 00000000 00:00 0 
7fd1c8021000-7fd1cc000000 ---p 00000000 00:00 0 
7fd1cc000000-7fd1cc021000 rw-p 00000000 00:00 0 
7fd1cc021000-7fd1d0000000 ---p 00000000 00:00 0 
7fd1d0000000-7fd1d0021000 rw-p 00000000 00:00 0 
7fd1d0021000-7fd1d4000000 ---p 00000000 00:00 0 
7fd1d4000000-7fd1d4021000 rw-p 00000000 00:00 0 
7fd1d4021000-7fd1d8000000 ---p 00000000 00:00 0 
7fd1d8000000-7fd1d8021000 rw-p 00000000 00:00 0 
7fd1d8021000-7fd1dc000000 ---p 00000000 00:00 0 
7fd1dcad0000-7fd1e0000000 rw-p 00000000 00:00 0 
7fd1e0000000-7fd1e0021000 rw-p 00000000 00:00 0 
7fd1e0021000-7fd1e4000000 ---p 00000000 00:00 0 
7fd1e5558000-7fd1e5569000 r-xp 00000000 08:01 7875532                    /usr/lib/jvm/java-8-oracle/jre/lib/amd64/libnio.so
7fd1e5569000-7fd1e5768000 ---p 00011000 08:01 7875532                    /usr/lib/jvm/java-8-oracle/jre/lib/amd64/libnio.so
7fd1e5768000-7fd1e5769000 rw-p 00010000 08:01 7875532                    /usr/lib/jvm/java-8-oracle/jre/lib/amd64/libnio.so
7fd1e5769000-7fd1e57e9000 rw-p 00000000 00:00 0 
7fd1e57e9000-7fd1e5969000 ---p 00000000 00:00 0 
7fd1e5969000-7fd1e5b69000 rw-p 00000000 00:00 0 
7fd1e5b69000-7fd1e5d69000 rw-p 00000000 00:00 0 
7fd1e5d69000-7fd1e5d72000 r-xp 00000000 08:01 7875537                    /usr/lib/jvm/java-8-oracle/jre/lib/amd64/libmanagement.so
7fd1e5d72000-7fd1e5f71000 ---p 00009000 08:01 7875537                    /usr/lib/jvm/java-8-oracle/jre/lib/amd64/libmanagement.so
7fd1e5f71000-7fd1e5f72000 rw-p 00008000 08:01 7875537                    /usr/lib/jvm/java-8-oracle/jre/lib/amd64/libmanagement.so
7fd1e5f72000-7fd1e6007000 r--s 0110e000 08:01 7875375                    /usr/lib/jvm/java-8-oracle/jre/lib/ext/jfxrt.jar
7fd1e6007000-7fd1e6207000 rw-p 00000000 00:00 0 
7fd1e6207000-7fd1e6407000 rw-p 00000000 00:00 0 
7fd1e6407000-7fd1e640a000 ---p 00000000 00:00 0 
7fd1e640a000-7fd1e6508000 rw-p 00000000 00:00 0 
7fd1e6508000-7fd1e650b000 ---p 00000000 00:00 0 
7fd1e650b000-7fd1e6609000 rw-p 00000000 00:00 0 
7fd1e6609000-7fd1e660c000 ---p 00000000 00:00 0 
7fd1e660c000-7fd1e670a000 rw-p 00000000 00:00 0 
7fd1e670a000-7fd1e670b000 ---p 00000000 00:00 0 
7fd1e670b000-7fd1e680b000 rw-p 00000000 00:00 0 
7fd1e680b000-7fd1e680e000 ---p 00000000 00:00 0 
7fd1e680e000-7fd1e690c000 rw-p 00000000 00:00 0 
7fd1e690c000-7fd1e690d000 ---p 00000000 00:00 0 
7fd1e690d000-7fd1e6910000 ---p 00000000 00:00 0 
7fd1e6910000-7fd1e6a0d000 rw-p 00000000 00:00 0 
7fd1e6a0d000-7fd1e6a23000 r-xp 00000000 08:01 7875529                    /usr/lib/jvm/java-8-oracle/jre/lib/amd64/libnet.so
7fd1e6a23000-7fd1e6c23000 ---p 00016000 08:01 7875529                    /usr/lib/jvm/java-8-oracle/jre/lib/amd64/libnet.so
7fd1e6c23000-7fd1e6c24000 rw-p 00016000 08:01 7875529                    /usr/lib/jvm/java-8-oracle/jre/lib/amd64/libnet.so
7fd1e6c24000-7fd1e6c25000 ---p 00000000 00:00 0 
7fd1e6c25000-7fd1e6c28000 ---p 00000000 00:00 0 
7fd1e6c28000-7fd1e6d25000 rw-p 00000000 00:00 0 
7fd1e6d25000-7fd1e6d28000 ---p 00000000 00:00 0 
7fd1e6d28000-7fd1e6e26000 rw-p 00000000 00:00 0 
7fd1e6e26000-7fd1e6e28000 r--s 0001a000 08:01 8916763                    /opt/idea-IC-182.3911.36/lib/idea_rt.jar
7fd1e6e28000-7fd1e6e32000 r--s 000ec000 08:01 2229827                    /home/mozzyr/.m2/repository/mysql/mysql-connector-java/5.1.46/mysql-connector-java-5.1.46.jar
7fd1e6e32000-7fd1e6e53000 r--s 000fd000 08:01 2229417                    /home/mozzyr/.m2/repository/org/springframework/boot/spring-boot-autoconfigure/2.0.4.RELEASE/spring-boot-autoconfigure-2.0.4.RELEASE.jar
7fd1e6e53000-7fd1e6e68000 r--s 000d0000 08:01 2229427                    /home/mozzyr/.m2/repository/org/springframework/boot/spring-boot/2.0.4.RELEASE/spring-boot-2.0.4.RELEASE.jar
7fd1e6e68000-7fd1e6e6e000 r--s 0002d000 08:01 2229822                    /home/mozzyr/.m2/repository/org/springframework/boot/spring-boot-devtools/2.0.4.RELEASE/spring-boot-devtools-2.0.4.RELEASE.jar
7fd1e6e6e000-7fd1e6e70000 r--s 0000a000 08:01 2229803                    /home/mozzyr/.m2/repository/org/springframework/spring-aspects/5.0.8.RELEASE/spring-aspects-5.0.8.RELEASE.jar
7fd1e6e70000-7fd1e6e72000 r--s 00009000 08:01 2229428                    /home/mozzyr/.m2/repository/org/slf4j/slf4j-api/1.7.25/slf4j-api-1.7.25.jar
7fd1e6e72000-7fd1e6e7a000 r--s 00037000 08:01 2229795                    /home/mozzyr/.m2/repository/org/springframework/spring-tx/5.0.8.RELEASE/spring-tx-5.0.8.RELEASE.jar
7fd1e6e7a000-7fd1e6e7e000 r--s 0002b000 08:01 2229817                    /home/mozzyr/.m2/repository/org/springframework/spring-orm/5.0.8.RELEASE/spring-orm-5.0.8.RELEASE.jar
7fd1e6e7e000-7fd1e6e95000 r--s 000f1000 08:01 2229814                    /home/mozzyr/.m2/repository/org/springframework/data/spring-data-commons/2.0.9.RELEASE/spring-data-commons-2.0.9.RELEASE.jar
7fd1e6e95000-7fd1e6e9d000 r--s 0004b000 08:01 2229813                    /home/mozzyr/.m2/repository/org/springframework/data/spring-data-jpa/2.0.9.RELEASE/spring-data-jpa-2.0.9.RELEASE.jar
7fd1e6e9d000-7fd1e6e9f000 r--s 00006000 08:01 2229794                    /home/mozzyr/.m2/repository/javax/transaction/javax.transaction-api/1.2/javax.transaction-api-1.2.jar
7fd1e6e9f000-7fd1e6ea2000 r--s 00010000 08:01 2229808                    /home/mozzyr/.m2/repository/org/hibernate/common/hibernate-commons-annotations/5.0.1.Final/hibernate-commons-annotations-5.0.1.Final.jar
7fd1e6ea2000-7fd1e6ea7000 r--s 00048000 08:01 2229807                    /home/mozzyr/.m2/repository/dom4j/dom4j/1.6.1/dom4j-1.6.1.jar
7fd1e6ea7000-7fd1e6eaa000 r--s 0002b000 08:01 2229806                    /home/mozzyr/.m2/repository/org/jboss/jandex/2.0.3.Final/jandex-2.0.3.Final.jar
7fd1e6eaa000-7fd1e6eaf000 r--s 00068000 08:01 2229802                    /home/mozzyr/.m2/repository/antlr/antlr/2.7.7/antlr-2.7.7.jar
7fd1e6eaf000-7fd1e6eb9000 r--s 000ab000 08:01 2229800                    /home/mozzyr/.m2/repository/org/javassist/javassist/3.22.0-GA/javassist-3.22.0-GA.jar
7fd1e6eb9000-7fd1e6ebe000 r--s 00017000 08:01 2229799                    /home/mozzyr/.m2/repository/org/hibernate/javax/persistence/hibernate-jpa-2.1-api/1.0.2.Final/hibernate-jpa-2.1-api-1.0.2.Final.jar
7fd1e6ebe000-7fd1e6f3c000 r--s 005f0000 08:01 2229796                    /home/mozzyr/.m2/repository/org/hibernate/hibernate-core/5.2.17.Final/hibernate-core-5.2.17.Final.jar
7fd1e6f3c000-7fd1e6f45000 r--s 00059000 08:01 2229818                    /home/mozzyr/.m2/repository/org/springframework/spring-jdbc/5.0.8.RELEASE/spring-jdbc-5.0.8.RELEASE.jar
7fd1e6f45000-7fd1e6f49000 r--s 00020000 08:01 2229790                    /home/mozzyr/.m2/repository/com/zaxxer/HikariCP/2.7.9/HikariCP-2.7.9.jar
7fd1e6f49000-7fd1e6f4a000 r--s 00000000 08:01 2229784                    /home/mozzyr/.m2/repository/org/springframework/boot/spring-boot-starter-jdbc/2.0.4.RELEASE/spring-boot-starter-jdbc-2.0.4.RELEASE.jar
7fd1e6f4a000-7fd1e6f63000 r--s 001bf000 08:01 2229820                    /home/mozzyr/.m2/repository/org/aspectj/aspectjweaver/1.8.13/aspectjweaver-1.8.13.jar
7fd1e6f63000-7fd1e6f64000 r--s 00000000 08:01 2229788                    /home/mozzyr/.m2/repository/org/springframework/boot/spring-boot-starter-aop/2.0.4.RELEASE/spring-boot-starter-aop-2.0.4.RELEASE.jar
7fd1e6f64000-7fd1e6f65000 r--s 00000000 08:01 2229786                    /home/mozzyr/.m2/repository/org/springframework/boot/spring-boot-starter-data-jpa/2.0.4.RELEASE/spring-boot-starter-data-jpa-2.0.4.RELEASE.jar
7fd1e6f65000-7fd1e6f6a000 r--s 00040000 08:01 2229479                    /home/mozzyr/.m2/repository/org/springframework/spring-expression/5.0.8.RELEASE/spring-expression-5.0.8.RELEASE.jar
7fd1e6f6a000-7fd1e6f84000 r--s 000f1000 08:01 2229472                    /home/mozzyr/.m2/repository/org/springframework/spring-context/5.0.8.RELEASE/spring-context-5.0.8.RELEASE.jar
7fd1e6f84000-7fd1e6f8d000 r--s 00051000 08:01 2229477                    /home/mozzyr/.m2/repository/org/springframework/spring-aop/5.0.8.RELEASE/spring-aop-5.0.8.RELEASE.jar
7fd1e6f8d000-7fd1e6f9d000 r--s 000b2000 08:01 2229449                    /home/mozzyr/.m2/repository/org/springframework/spring-webmvc/5.0.8.RELEASE/spring-webmvc-5.0.8.RELEASE.jar
7fd1e6f9d000-7fd1e6faa000 r--s 00095000 08:01 2229413                    /home/mozzyr/.m2/repository/org/springframework/spring-beans/5.0.8.RELEASE/spring-beans-5.0.8.RELEASE.jar
7fd1e6faa000-7fd1e6fc4000 r--s 0011b000 08:01 2229420                    /home/mozzyr/.m2/repository/org/springframework/spring-web/5.0.8.RELEASE/spring-web-5.0.8.RELEASE.jar
7fd1e6fc4000-7fd1e6fc9000 r--s 00012000 08:01 2229430                    /home/mozzyr/.m2/repository/javax/validation/validation-api/2.0.1.Final/validation-api-2.0.1.Final.jar
7fd1e6fc9000-7fd1e6fe6000 r--s 000fe000 08:01 2229459                    /home/mozzyr/.m2/repository/org/hibernate/validator/hibernate-validator/6.0.11.Final/hibernate-validator-6.0.11.Final.jar
7fd1e6fe6000-7fd1e6feb000 r--s 0003a000 08:01 2229465                    /home/mozzyr/.m2/repository/org/apache/tomcat/embed/tomcat-embed-websocket/8.5.32/tomcat-embed-websocket-8.5.32.jar
7fd1e6feb000-7fd1e7014000 r--s 002d3000 08:01 2229463                    /home/mozzyr/.m2/repository/org/apache/tomcat/embed/tomcat-embed-core/8.5.32/tomcat-embed-core-8.5.32.jar
7fd1e7014000-7fd1e7017000 ---p 00000000 00:00 0 
7fd1e7017000-7fd1e7115000 rw-p 00000000 00:00 0 
7fd1e7115000-7fd1e73f4000 r--p 00000000 08:01 7870085                    /usr/lib/locale/locale-archive
7fd1e73f4000-7fd1e73f7000 ---p 00000000 00:00 0 
7fd1e73f7000-7fd1e74f5000 rw-p 00000000 00:00 0 
7fd1e74f5000-7fd1e74f8000 ---p 00000000 00:00 0 
7fd1e74f8000-7fd1e75f6000 rw-p 00000000 00:00 0 
7fd1e75f6000-7fd1e75f7000 ---p 00000000 00:00 0 
7fd1e75f7000-7fd1e8000000 rw-p 00000000 00:00 0 
7fd1e8000000-7fd1e8021000 rw-p 00000000 00:00 0 
7fd1e8021000-7fd1ec000000 ---p 00000000 00:00 0 
7fd1ec000000-7fd1ec002000 r--s 0000e000 08:01 2229471                    /home/mozzyr/.m2/repository/com/fasterxml/classmate/1.3.4/classmate-1.3.4.jar
7fd1ec002000-7fd1ec004000 r--s 0000f000 08:01 2229470                    /home/mozzyr/.m2/repository/org/jboss/logging/jboss-logging/3.3.2.Final/jboss-logging-3.3.2.Final.jar
7fd1ec004000-7fd1ec009000 r--s 00037000 08:01 2229458                    /home/mozzyr/.m2/repository/org/apache/tomcat/embed/tomcat-embed-el/8.5.32/tomcat-embed-el-8.5.32.jar
7fd1ec009000-7fd1ec00a000 r--s 00000000 08:01 2229414                    /home/mozzyr/.m2/repository/org/springframework/boot/spring-boot-starter-tomcat/2.0.4.RELEASE/spring-boot-starter-tomcat-2.0.4.RELEASE.jar
7fd1ec00a000-7fd1ec00c000 r--s 00001000 08:01 2229411                    /home/mozzyr/.m2/repository/com/fasterxml/jackson/module/jackson-module-parameter-names/2.9.6/jackson-module-parameter-names-2.9.6.jar
7fd1ec00c000-7fd1ec00f000 r--s 00016000 08:01 2229412                    /home/mozzyr/.m2/repository/com/fasterxml/jackson/datatype/jackson-datatype-jsr310/2.9.6/jackson-datatype-jsr310-2.9.6.jar
7fd1ec00f000-7fd1ec011000 r--s 00007000 08:01 2229452                    /home/mozzyr/.m2/repository/com/fasterxml/jackson/datatype/jackson-datatype-jdk8/2.9.6/jackson-datatype-jdk8-2.9.6.jar
7fd1ec011000-7fd1ec016000 r--s 0004b000 08:01 2229453                    /home/mozzyr/.m2/repository/com/fasterxml/jackson/core/jackson-core/2.9.6/jackson-core-2.9.6.jar
7fd1ec016000-7fd1ec019000 r--s 0000e000 08:01 2229451                    /home/mozzyr/.m2/repository/com/fasterxml/jackson/core/jackson-annotations/2.9.0/jackson-annotations-2.9.0.jar
7fd1ec019000-7fd1ec02c000 r--s 00137000 08:01 2229462                    /home/mozzyr/.m2/repository/com/fasterxml/jackson/core/jackson-databind/2.9.6/jackson-databind-2.9.6.jar
7fd1ec02c000-7fd1ec02d000 r--s 00000000 08:01 2229443                    /home/mozzyr/.m2/repository/org/springframework/boot/spring-boot-starter-json/2.0.4.RELEASE/spring-boot-starter-json-2.0.4.RELEASE.jar
7fd1ec02d000-7fd1ec034000 r--s 00042000 08:01 2229433                    /home/mozzyr/.m2/repository/org/yaml/snakeyaml/1.19/snakeyaml-1.19.jar
7fd1ec034000-7fd1ec036000 r--s 00004000 08:01 2229441                    /home/mozzyr/.m2/repository/org/springframework/spring-jcl/5.0.8.RELEASE/spring-jcl-5.0.8.RELEASE.jar
7fd1ec036000-7fd1ec04e000 r--s 00114000 08:01 2229481                    /home/mozzyr/.m2/repository/org/springframework/spring-core/5.0.8.RELEASE/spring-core-5.0.8.RELEASE.jar
7fd1ec04e000-7fd1ec050000 r--s 00005000 08:01 2229418                    /home/mozzyr/.m2/repository/javax/annotation/javax.annotation-api/1.3.2/javax.annotation-api-1.3.2.jar
7fd1ec050000-7fd1ec05b000 r--s 00069000 08:01 2229425                    /home/mozzyr/.m2/repository/ch/qos/logback/logback-core/1.2.3/logback-core-1.2.3.jar
7fd1ec05b000-7fd1ec235000 r--s 03d6b000 08:01 7875313                    /usr/lib/jvm/java-8-oracle/jre/lib/rt.jar
7fd1ec235000-7fd1ecdfe000 rw-p 00000000 00:00 0 
7fd1ecdfe000-7fd1ecdff000 ---p 00000000 00:00 0 
7fd1ecdff000-7fd1eceff000 rw-p 00000000 00:00 0 
7fd1eceff000-7fd1ecf00000 ---p 00000000 00:00 0 
7fd1ecf00000-7fd1ed000000 rw-p 00000000 00:00 0 
7fd1ed000000-7fd1ed460000 rwxp 00000000 00:00 0 
7fd1ed460000-7fd1fc000000 ---p 00000000 00:00 0 
7fd1fc000000-7fd1fc7f0000 rw-p 00000000 00:00 0 
7fd1fc7f0000-7fd200000000 ---p 00000000 00:00 0 
7fd200000000-7fd200006000 r--s 00039000 08:01 2229434                    /home/mozzyr/.m2/repository/org/apache/logging/log4j/log4j-api/2.10.0/log4j-api-2.10.0.jar
7fd200006000-7fd20000c000 r--s 00041000 08:01 2229423                    /home/mozzyr/.m2/repository/ch/qos/logback/logback-classic/1.2.3/logback-classic-1.2.3.jar
7fd20000c000-7fd20001f000 r--s 00345000 08:01 7875351                    /usr/lib/jvm/java-8-oracle/jre/lib/resources.jar
7fd20001f000-7fd200032000 r--s 000d6000 08:01 7875255                    /usr/lib/jvm/java-8-oracle/jre/lib/plugin.jar
7fd200032000-7fd20004e000 r--s 0020b000 08:01 7875231                    /usr/lib/jvm/java-8-oracle/jre/lib/deploy.jar
7fd20004e000-7fd200072000 rw-p 00000000 00:00 0 
7fd200072000-7fd200286000 ---p 00000000 00:00 0 
7fd200286000-7fd2002aa000 rw-p 00000000 00:00 0 
7fd2002aa000-7fd2004bd000 ---p 00000000 00:00 0 
7fd2004bd000-7fd2004f8000 rw-p 00000000 00:00 0 
7fd2004f8000-7fd2005d9000 ---p 00000000 00:00 0 
7fd2005d9000-7fd2005ec000 rw-p 00000000 00:00 0 
7fd2005ec000-7fd20099a000 ---p 00000000 00:00 0 
7fd20099a000-7fd2009b5000 r-xp 00000000 08:01 7875525                    /usr/lib/jvm/java-8-oracle/jre/lib/amd64/libzip.so
7fd2009b5000-7fd200bb5000 ---p 0001b000 08:01 7875525                    /usr/lib/jvm/java-8-oracle/jre/lib/amd64/libzip.so
7fd200bb5000-7fd200bb6000 rw-p 0001b000 08:01 7875525                    /usr/lib/jvm/java-8-oracle/jre/lib/amd64/libzip.so
7fd200bb6000-7fd200bc1000 r-xp 00000000 08:01 7607004                    /lib/x86_64-linux-gnu/libnss_files-2.27.so
7fd200bc1000-7fd200dc0000 ---p 0000b000 08:01 7607004                    /lib/x86_64-linux-gnu/libnss_files-2.27.so
7fd200dc0000-7fd200dc1000 r--p 0000a000 08:01 7607004                    /lib/x86_64-linux-gnu/libnss_files-2.27.so
7fd200dc1000-7fd200dc2000 rw-p 0000b000 08:01 7607004                    /lib/x86_64-linux-gnu/libnss_files-2.27.so
7fd200dc2000-7fd200dc8000 rw-p 00000000 00:00 0 
7fd200dc8000-7fd200ddf000 r-xp 00000000 08:01 7606998                    /lib/x86_64-linux-gnu/libnsl-2.27.so
7fd200ddf000-7fd200fde000 ---p 00017000 08:01 7606998                    /lib/x86_64-linux-gnu/libnsl-2.27.so
7fd200fde000-7fd200fdf000 r--p 00016000 08:01 7606998                    /lib/x86_64-linux-gnu/libnsl-2.27.so
7fd200fdf000-7fd200fe0000 rw-p 00017000 08:01 7606998                    /lib/x86_64-linux-gnu/libnsl-2.27.so
7fd200fe0000-7fd200fe2000 rw-p 00000000 00:00 0 
7fd200fe2000-7fd200fed000 r-xp 00000000 08:01 7607015                    /lib/x86_64-linux-gnu/libnss_nis-2.27.so
7fd200fed000-7fd2011ec000 ---p 0000b000 08:01 7607015                    /lib/x86_64-linux-gnu/libnss_nis-2.27.so
7fd2011ec000-7fd2011ed000 r--p 0000a000 08:01 7607015                    /lib/x86_64-linux-gnu/libnss_nis-2.27.so
7fd2011ed000-7fd2011ee000 rw-p 0000b000 08:01 7607015                    /lib/x86_64-linux-gnu/libnss_nis-2.27.so
7fd2011ee000-7fd2011f6000 r-xp 00000000 08:01 7607000                    /lib/x86_64-linux-gnu/libnss_compat-2.27.so
7fd2011f6000-7fd2013f6000 ---p 00008000 08:01 7607000                    /lib/x86_64-linux-gnu/libnss_compat-2.27.so
7fd2013f6000-7fd2013f7000 r--p 00008000 08:01 7607000                    /lib/x86_64-linux-gnu/libnss_compat-2.27.so
7fd2013f7000-7fd2013f8000 rw-p 00009000 08:01 7607000                    /lib/x86_64-linux-gnu/libnss_compat-2.27.so
7fd2013f8000-7fd201402000 r-xp 00000000 08:01 7875534                    /usr/lib/jvm/java-8-oracle/jre/lib/amd64/libinstrument.so
7fd201402000-7fd201601000 ---p 0000a000 08:01 7875534                    /usr/lib/jvm/java-8-oracle/jre/lib/amd64/libinstrument.so
7fd201601000-7fd201602000 rw-p 00009000 08:01 7875534                    /usr/lib/jvm/java-8-oracle/jre/lib/amd64/libinstrument.so
7fd201602000-7fd20162d000 r-xp 00000000 08:01 7875519                    /usr/lib/jvm/java-8-oracle/jre/lib/amd64/libjava.so
7fd20162d000-7fd20182c000 ---p 0002b000 08:01 7875519                    /usr/lib/jvm/java-8-oracle/jre/lib/amd64/libjava.so
7fd20182c000-7fd20182e000 rw-p 0002a000 08:01 7875519                    /usr/lib/jvm/java-8-oracle/jre/lib/amd64/libjava.so
7fd20182e000-7fd20183b000 r-xp 00000000 08:01 7875524                    /usr/lib/jvm/java-8-oracle/jre/lib/amd64/libverify.so
7fd20183b000-7fd201a3b000 ---p 0000d000 08:01 7875524                    /usr/lib/jvm/java-8-oracle/jre/lib/amd64/libverify.so
7fd201a3b000-7fd201a3d000 rw-p 0000d000 08:01 7875524                    /usr/lib/jvm/java-8-oracle/jre/lib/amd64/libverify.so
7fd201a3d000-7fd201a44000 r-xp 00000000 08:01 7607055                    /lib/x86_64-linux-gnu/librt-2.27.so
7fd201a44000-7fd201c43000 ---p 00007000 08:01 7607055                    /lib/x86_64-linux-gnu/librt-2.27.so
7fd201c43000-7fd201c44000 r--p 00006000 08:01 7607055                    /lib/x86_64-linux-gnu/librt-2.27.so
7fd201c44000-7fd201c45000 rw-p 00007000 08:01 7607055                    /lib/x86_64-linux-gnu/librt-2.27.so
7fd201c45000-7fd201de2000 r-xp 00000000 08:01 7606977                    /lib/x86_64-linux-gnu/libm-2.27.so
7fd201de2000-7fd201fe1000 ---p 0019d000 08:01 7606977                    /lib/x86_64-linux-gnu/libm-2.27.so
7fd201fe1000-7fd201fe2000 r--p 0019c000 08:01 7606977                    /lib/x86_64-linux-gnu/libm-2.27.so
7fd201fe2000-7fd201fe3000 rw-p 0019d000 08:01 7606977                    /lib/x86_64-linux-gnu/libm-2.27.so
7fd201fe3000-7fd202cbf000 r-xp 00000000 08:01 7875501                    /usr/lib/jvm/java-8-oracle/jre/lib/amd64/server/libjvm.so
7fd202cbf000-7fd202ebf000 ---p 00cdc000 08:01 7875501                    /usr/lib/jvm/java-8-oracle/jre/lib/amd64/server/libjvm.so
7fd202ebf000-7fd202f99000 rw-p 00cdc000 08:01 7875501                    /usr/lib/jvm/java-8-oracle/jre/lib/amd64/server/libjvm.so
7fd202f99000-7fd202fe4000 rw-p 00000000 00:00 0 
7fd202fe4000-7fd2031cb000 r-xp 00000000 08:01 7606914                    /lib/x86_64-linux-gnu/libc-2.27.so
7fd2031cb000-7fd2033cb000 ---p 001e7000 08:01 7606914                    /lib/x86_64-linux-gnu/libc-2.27.so
7fd2033cb000-7fd2033cf000 r--p 001e7000 08:01 7606914                    /lib/x86_64-linux-gnu/libc-2.27.so
7fd2033cf000-7fd2033d1000 rw-p 001eb000 08:01 7606914                    /lib/x86_64-linux-gnu/libc-2.27.so
7fd2033d1000-7fd2033d5000 rw-p 00000000 00:00 0 
7fd2033d5000-7fd2033d8000 r-xp 00000000 08:01 7606937                    /lib/x86_64-linux-gnu/libdl-2.27.so
7fd2033d8000-7fd2035d7000 ---p 00003000 08:01 7606937                    /lib/x86_64-linux-gnu/libdl-2.27.so
7fd2035d7000-7fd2035d8000 r--p 00002000 08:01 7606937                    /lib/x86_64-linux-gnu/libdl-2.27.so
7fd2035d8000-7fd2035d9000 rw-p 00003000 08:01 7606937                    /lib/x86_64-linux-gnu/libdl-2.27.so
7fd2035d9000-7fd2035ef000 r-xp 00000000 08:01 7875175                    /usr/lib/jvm/java-8-oracle/lib/amd64/jli/libjli.so
7fd2035ef000-7fd2037ee000 ---p 00016000 08:01 7875175                    /usr/lib/jvm/java-8-oracle/lib/amd64/jli/libjli.so
7fd2037ee000-7fd2037ef000 rw-p 00015000 08:01 7875175                    /usr/lib/jvm/java-8-oracle/lib/amd64/jli/libjli.so
7fd2037ef000-7fd203809000 r-xp 00000000 08:01 7607047                    /lib/x86_64-linux-gnu/libpthread-2.27.so
7fd203809000-7fd203a08000 ---p 0001a000 08:01 7607047                    /lib/x86_64-linux-gnu/libpthread-2.27.so
7fd203a08000-7fd203a09000 r--p 00019000 08:01 7607047                    /lib/x86_64-linux-gnu/libpthread-2.27.so
7fd203a09000-7fd203a0a000 rw-p 0001a000 08:01 7607047                    /lib/x86_64-linux-gnu/libpthread-2.27.so
7fd203a0a000-7fd203a0e000 rw-p 00000000 00:00 0 
7fd203a0e000-7fd203a35000 r-xp 00000000 08:01 7606886                    /lib/x86_64-linux-gnu/ld-2.27.so
7fd203a35000-7fd203a37000 r--s 00000000 08:01 2229435                    /home/mozzyr/.m2/repository/org/slf4j/jul-to-slf4j/1.7.25/jul-to-slf4j-1.7.25.jar
7fd203a37000-7fd203a39000 r--s 00003000 08:01 2229429                    /home/mozzyr/.m2/repository/org/apache/logging/log4j/log4j-to-slf4j/2.10.0/log4j-to-slf4j-2.10.0.jar
7fd203a39000-7fd203a3a000 r--s 00000000 08:01 2229419                    /home/mozzyr/.m2/repository/org/springframework/boot/spring-boot-starter-logging/2.0.4.RELEASE/spring-boot-starter-logging-2.0.4.RELEASE.jar
7fd203a3a000-7fd203a3b000 r--s 00000000 08:01 2229446                    /home/mozzyr/.m2/repository/org/springframework/boot/spring-boot-starter/2.0.4.RELEASE/spring-boot-starter-2.0.4.RELEASE.jar
7fd203a3b000-7fd203a3c000 r--s 00000000 08:01 2229407                    /home/mozzyr/.m2/repository/org/springframework/boot/spring-boot-starter-web/2.0.4.RELEASE/spring-boot-starter-web-2.0.4.RELEASE.jar
7fd203a3c000-7fd203a41000 r--s 0009d000 08:01 7875370                    /usr/lib/jvm/java-8-oracle/jre/lib/jsse.jar
7fd203a41000-7fd203a43000 r--s 00007000 08:01 7875547                    /usr/lib/jvm/java-8-oracle/jre/lib/jfxswt.jar
7fd203a43000-7fd203a48000 r--s 00084000 08:01 7875230                    /usr/lib/jvm/java-8-oracle/jre/lib/jfr.jar
7fd203a48000-7fd203a4b000 r--s 0001a000 08:01 7875545                    /usr/lib/jvm/java-8-oracle/jre/lib/jce.jar
7fd203a4b000-7fd203b17000 rw-p 00000000 00:00 0 
7fd203b17000-7fd203b18000 ---p 00000000 00:00 0 
7fd203b18000-7fd203b1b000 ---p 00000000 00:00 0 
7fd203b1b000-7fd203c1c000 rw-p 00000000 00:00 0 
7fd203c1c000-7fd203c1d000 r--s 00000000 08:01 7875237                    /usr/lib/jvm/java-8-oracle/jre/lib/management-agent.jar
7fd203c1d000-7fd203c26000 r--s 0006d000 08:01 7875240                    /usr/lib/jvm/java-8-oracle/jre/lib/javaws.jar
7fd203c26000-7fd203c2b000 r--s 002f9000 08:01 7875311                    /usr/lib/jvm/java-8-oracle/jre/lib/charsets.jar
7fd203c2b000-7fd203c33000 rw-s 00000000 08:01 925337                     /tmp/hsperfdata_mozzyr/4715
7fd203c33000-7fd203c34000 rw-p 00000000 00:00 0 
7fd203c34000-7fd203c35000 r--p 00000000 00:00 0 
7fd203c35000-7fd203c36000 r--p 00027000 08:01 7606886                    /lib/x86_64-linux-gnu/ld-2.27.so
7fd203c36000-7fd203c37000 rw-p 00028000 08:01 7606886                    /lib/x86_64-linux-gnu/ld-2.27.so
7fd203c37000-7fd203c38000 rw-p 00000000 00:00 0 
7ffc67224000-7ffc67247000 rw-p 00000000 00:00 0                          [stack]
7ffc6726e000-7ffc67271000 r--p 00000000 00:00 0                          [vvar]
7ffc67271000-7ffc67273000 r-xp 00000000 00:00 0                          [vdso]
ffffffffff600000-ffffffffff601000 r-xp 00000000 00:00 0                  [vsyscall]

VM Arguments:
jvm_args: -javaagent:/opt/idea-IC-182.3911.36/lib/idea_rt.jar=42679:/opt/idea-IC-182.3911.36/bin -Dfile.encoding=UTF-8 
java_command: com.teste.clientapp.ApplicationStart
java_class_path (initial): /usr/lib/jvm/java-8-oracle/jre/lib/charsets.jar:/usr/lib/jvm/java-8-oracle/jre/lib/deploy.jar:/usr/lib/jvm/java-8-oracle/jre/lib/ext/cldrdata.jar:/usr/lib/jvm/java-8-oracle/jre/lib/ext/dnsns.jar:/usr/lib/jvm/java-8-oracle/jre/lib/ext/jaccess.jar:/usr/lib/jvm/java-8-oracle/jre/lib/ext/jfxrt.jar:/usr/lib/jvm/java-8-oracle/jre/lib/ext/localedata.jar:/usr/lib/jvm/java-8-oracle/jre/lib/ext/nashorn.jar:/usr/lib/jvm/java-8-oracle/jre/lib/ext/sunec.jar:/usr/lib/jvm/java-8-oracle/jre/lib/ext/sunjce_provider.jar:/usr/lib/jvm/java-8-oracle/jre/lib/ext/sunpkcs11.jar:/usr/lib/jvm/java-8-oracle/jre/lib/ext/zipfs.jar:/usr/lib/jvm/java-8-oracle/jre/lib/javaws.jar:/usr/lib/jvm/java-8-oracle/jre/lib/jce.jar:/usr/lib/jvm/java-8-oracle/jre/lib/jfr.jar:/usr/lib/jvm/java-8-oracle/jre/lib/jfxswt.jar:/usr/lib/jvm/java-8-oracle/jre/lib/jsse.jar:/usr/lib/jvm/java-8-oracle/jre/lib/management-agent.jar:/usr/lib/jvm/java-8-oracle/jre/lib/plugin.jar:/usr/lib/jvm/java-8-oracle/jre/lib/resources.jar:/usr/lib/jvm/java-8-oracle/jre/lib/rt.jar:/home/mozzyr/Documents/notes/client-app/target/classes:/home/mozzyr/.m2/repository/org/springframework/boot/spring-boot-starter-web/2.0.4.RELEASE/spring-boot-starter-web-2.0.4.RELEASE.jar:/home/mozzyr/.m2/repository/org/springframework/boot/spring-boot-starter/2.0.4.RELEASE/spring-boot-starter-2.0.4.RELEASE.jar:/home/mozzyr/.m2/repository/org/springframework/boot/spring-boot-starter-logging/2.0.4.RELEASE/spring-boot-starter-logging-2.0.4.RELEASE.jar:/home/mozzyr/.m2/repository/ch/qos/logback/logback-classic/1.2.3/logback-classic-1.2.3.jar:/home/mozzyr/.m2/repository/ch/qos/logback/logback-core/1.2.3/logback-core-1.2.3.jar:/home/mozzyr/.m2/repository/org/apache/logging/log4j/log4j-to-slf4j/2.10.0/log4j-to-slf4j-2.10.0.jar:/home/mozzyr/.m2/repository/org/apache/logging/log4j/log4j-api/2.10.0/log4j-api-2.10.0.jar:/home/mozzyr/.m2/repository/org/slf4j/jul-to-slf4j/1.7.25/jul-to-slf4j-1.7.25.jar:/home/mozzyr/.m2/repository/javax/annotati
Launcher Type: SUN_STANDARD

Environment Variables:
PATH=/usr/local/sbin:/usr/local/bin:/usr/sbin:/usr/bin:/sbin:/bin:/usr/games:/usr/local/games
SHELL=/bin/bash
DISPLAY=:0

Signal Handlers:
SIGSEGV: [libjvm.so+0xad2a40], sa_mask[0]=11111111011111111101111111111110, sa_flags=SA_RESTART|SA_SIGINFO
SIGBUS: [libjvm.so+0xad2a40], sa_mask[0]=11111111011111111101111111111110, sa_flags=SA_RESTART|SA_SIGINFO
SIGFPE: [libjvm.so+0x92a610], sa_mask[0]=11111111011111111101111111111110, sa_flags=SA_RESTART|SA_SIGINFO
SIGPIPE: [libjvm.so+0x92a610], sa_mask[0]=11111111011111111101111111111110, sa_flags=SA_RESTART|SA_SIGINFO
SIGXFSZ: [libjvm.so+0x92a610], sa_mask[0]=11111111011111111101111111111110, sa_flags=SA_RESTART|SA_SIGINFO
SIGILL: [libjvm.so+0x92a610], sa_mask[0]=11111111011111111101111111111110, sa_flags=SA_RESTART|SA_SIGINFO
SIGUSR1: SIG_DFL, sa_mask[0]=00000000000000000000000000000000, sa_flags=none
SIGUSR2: [libjvm.so+0x92be70], sa_mask[0]=00100000000000000000000000000000, sa_flags=SA_RESTART|SA_SIGINFO
SIGHUP: [libjvm.so+0x92d270], sa_mask[0]=11111111011111111101111111111110, sa_flags=SA_RESTART|SA_SIGINFO
SIGINT: [libjvm.so+0x92d270], sa_mask[0]=11111111011111111101111111111110, sa_flags=SA_RESTART|SA_SIGINFO
SIGTERM: [libjvm.so+0x92d270], sa_mask[0]=11111111011111111101111111111110, sa_flags=SA_RESTART|SA_SIGINFO
SIGQUIT: [libjvm.so+0x92d270], sa_mask[0]=11111111011111111101111111111110, sa_flags=SA_RESTART|SA_SIGINFO


---------------  S Y S T E M  ---------------

OS:DISTRIB_ID=LinuxMint
DISTRIB_RELEASE=19
DISTRIB_CODENAME=tara
DISTRIB_DESCRIPTION="Linux Mint 19 Tara"

uname:Linux 4.15.0-20-generic #21-Ubuntu SMP Tue Apr 24 06:16:15 UTC 2018 x86_64
libc:glibc 2.27 NPTL 2.27 
rlimit: STACK 8192k, CORE 0k, NPROC 26980, NOFILE 1048576, AS infinity
load average:2,54 1,61 0,96

/proc/meminfo:
MemTotal:        6969712 kB
MemFree:         3235768 kB
MemAvailable:    4452208 kB
Buffers:           86456 kB
Cached:          1234096 kB
SwapCached:            0 kB
Active:          2531176 kB
Inactive:        1001712 kB
Active(anon):    1974860 kB
Inactive(anon):   167176 kB
Active(file):     556316 kB
Inactive(file):   834536 kB
Unevictable:          16 kB
Mlocked:              16 kB
SwapTotal:       2097148 kB
SwapFree:        2097148 kB
Dirty:             18792 kB
Writeback:             0 kB
AnonPages:       2212372 kB
Mapped:           412816 kB
Shmem:            168048 kB
Slab:             118116 kB
SReclaimable:      84792 kB
SUnreclaim:        33324 kB
KernelStack:        9472 kB
PageTables:        35164 kB
NFS_Unstable:          0 kB
Bounce:                0 kB
WritebackTmp:          0 kB
CommitLimit:     5582004 kB
Committed_AS:    6264884 kB
VmallocTotal:   34359738367 kB
VmallocUsed:           0 kB
VmallocChunk:          0 kB
HardwareCorrupted:     0 kB
AnonHugePages:         0 kB
ShmemHugePages:        0 kB
ShmemPmdMapped:        0 kB
CmaTotal:              0 kB
CmaFree:               0 kB
HugePages_Total:       0
HugePages_Free:        0
HugePages_Rsvd:        0
HugePages_Surp:        0
Hugepagesize:       2048 kB
DirectMap4k:      110588 kB
DirectMap2M:     7061504 kB


CPU:total 2 (initial active 2) (2 cores per cpu, 1 threads per core) family 6 model 23 stepping 10, cmov, cx8, fxsr, mmx, sse, sse2, sse3, ssse3, sse4.1, tsc

/proc/cpuinfo:
processor	: 0
vendor_id	: GenuineIntel
cpu family	: 6
model		: 23
model name	: Intel(R) Core(TM)2 Duo CPU     E8500  @ 3.16GHz
stepping	: 10
microcode	: 0xa07
cpu MHz		: 3158.510
cache size	: 6144 KB
physical id	: 0
siblings	: 2
core id		: 0
cpu cores	: 2
apicid		: 0
initial apicid	: 0
fpu		: yes
fpu_exception	: yes
cpuid level	: 13
wp		: yes
flags		: fpu vme de pse tsc msr pae mce cx8 apic sep mtrr pge mca cmov pat pse36 clflush dts acpi mmx fxsr sse sse2 ss ht tm pbe syscall nx lm constant_tsc arch_perfmon pebs bts rep_good nopl cpuid aperfmperf pni dtes64 monitor ds_cpl vmx smx est tm2 ssse3 cx16 xtpr pdcm sse4_1 xsave lahf_lm pti tpr_shadow vnmi flexpriority dtherm
bugs		: cpu_meltdown spectre_v1 spectre_v2
bogomips	: 6317.02
clflush size	: 64
cache_alignment	: 64
address sizes	: 36 bits physical, 48 bits virtual
power management:

processor	: 1
vendor_id	: GenuineIntel
cpu family	: 6
model		: 23
model name	: Intel(R) Core(TM)2 Duo CPU     E8500  @ 3.16GHz
stepping	: 10
microcode	: 0xa07
cpu MHz		: 3158.509
cache size	: 6144 KB
physical id	: 0
siblings	: 2
core id		: 1
cpu cores	: 2
apicid		: 1
initial apicid	: 1
fpu		: yes
fpu_exception	: yes
cpuid level	: 13
wp		: yes
flags		: fpu vme de pse tsc msr pae mce cx8 apic sep mtrr pge mca cmov pat pse36 clflush dts acpi mmx fxsr sse sse2 ss ht tm pbe syscall nx lm constant_tsc arch_perfmon pebs bts rep_good nopl cpuid aperfmperf pni dtes64 monitor ds_cpl vmx smx est tm2 ssse3 cx16 xtpr pdcm sse4_1 xsave lahf_lm pti tpr_shadow vnmi flexpriority dtherm
bugs		: cpu_meltdown spectre_v1 spectre_v2
bogomips	: 6317.02
clflush size	: 64
cache_alignment	: 64
address sizes	: 36 bits physical, 48 bits virtual
power management:



Memory: 4k page, physical 6969712k(3235396k free), swap 2097148k(2097148k free)

vm_info: Java HotSpot(TM) 64-Bit Server VM (25.181-b13) for linux-amd64 JRE (1.8.0_181-b13), built on Jul  7 2018 00:56:38 by "java_re" with gcc 4.3.0 20080428 (Red Hat 4.3.0-8)

time: Tue Aug 14 22:25:09 2018
elapsed time: 3 seconds (0d 0h 0m 3s)

